{"/Users/saschakohler/Documents/01_Development/Active_Projects/klare-methode-app/src/components/CustomHeader.tsx": {"path":"/Users/saschakohler/Documents/01_Development/Active_Projects/klare-methode-app/src/components/CustomHeader.tsx","statementMap":{"0":{"start":{"line":15,"column":50},"end":{"line":50,"column":1}},"1":{"start":{"line":21,"column":16},"end":{"line":21,"column":26}},"2":{"start":{"line":22,"column":17},"end":{"line":22,"column":36}},"3":{"start":{"line":24,"column":2},"end":{"line":49,"column":4}},"4":{"start":{"line":52,"column":15},"end":{"line":91,"column":2}}},"fnMap":{"0":{"name":"(anonymous_0)","decl":{"start":{"line":15,"column":50},"end":{"line":15,"column":51}},"loc":{"start":{"line":20,"column":6},"end":{"line":50,"column":1}},"line":20}},"branchMap":{"0":{"loc":{"start":{"line":17,"column":2},"end":{"line":17,"column":17}},"type":"default-arg","locations":[{"start":{"line":17,"column":13},"end":{"line":17,"column":17}}],"line":17},"1":{"loc":{"start":{"line":18,"column":2},"end":{"line":18,"column":18}},"type":"default-arg","locations":[{"start":{"line":18,"column":13},"end":{"line":18,"column":18}}],"line":18},"2":{"loc":{"start":{"line":32,"column":9},"end":{"line":36,"column":9}},"type":"binary-expr","locations":[{"start":{"line":32,"column":9},"end":{"line":32,"column":17}},{"start":{"line":33,"column":10},"end":{"line":35,"column":29}}],"line":32},"3":{"loc":{"start":{"line":38,"column":9},"end":{"line":44,"column":16}},"type":"cond-expr","locations":[{"start":{"line":39,"column":10},"end":{"line":39,"column":51}},{"start":{"line":40,"column":12},"end":{"line":44,"column":16}}],"line":38},"4":{"loc":{"start":{"line":40,"column":12},"end":{"line":44,"column":16}},"type":"cond-expr","locations":[{"start":{"line":41,"column":10},"end":{"line":43,"column":17}},{"start":{"line":44,"column":12},"end":{"line":44,"column":16}}],"line":40}},"s":{"0":0,"1":0,"2":0,"3":0,"4":0},"f":{"0":0},"b":{"0":[0],"1":[0],"2":[0,0],"3":[0,0],"4":[0,0]}}
,"/Users/saschakohler/Documents/01_Development/Active_Projects/klare-methode-app/src/components/KlareLogo.tsx": {"path":"/Users/saschakohler/Documents/01_Development/Active_Projects/klare-methode-app/src/components/KlareLogo.tsx","statementMap":{"0":{"start":{"line":26,"column":44},"end":{"line":115,"column":1}},"1":{"start":{"line":38,"column":16},"end":{"line":38,"column":33}},"2":{"start":{"line":39,"column":18},"end":{"line":39,"column":35}},"3":{"start":{"line":42,"column":2},"end":{"line":60,"column":42}},"4":{"start":{"line":43,"column":4},"end":{"line":45,"column":5}},"5":{"start":{"line":44,"column":6},"end":{"line":44,"column":56}},"6":{"start":{"line":47,"column":4},"end":{"line":59,"column":5}},"7":{"start":{"line":48,"column":6},"end":{"line":58,"column":8}},"8":{"start":{"line":63,"column":24},"end":{"line":68,"column":4}},"9":{"start":{"line":64,"column":4},"end":{"line":67,"column":6}},"10":{"start":{"line":71,"column":18},"end":{"line":77,"column":3}},"11":{"start":{"line":80,"column":20},"end":{"line":84,"column":12}},"12":{"start":{"line":86,"column":2},"end":{"line":114,"column":4}},"13":{"start":{"line":98,"column":8},"end":{"line":111,"column":14}},"14":{"start":{"line":117,"column":15},"end":{"line":128,"column":2}}},"fnMap":{"0":{"name":"(anonymous_0)","decl":{"start":{"line":26,"column":44},"end":{"line":26,"column":45}},"loc":{"start":{"line":36,"column":6},"end":{"line":115,"column":1}},"line":36},"1":{"name":"(anonymous_1)","decl":{"start":{"line":42,"column":12},"end":{"line":42,"column":13}},"loc":{"start":{"line":42,"column":18},"end":{"line":60,"column":3}},"line":42},"2":{"name":"(anonymous_2)","decl":{"start":{"line":63,"column":41},"end":{"line":63,"column":42}},"loc":{"start":{"line":63,"column":47},"end":{"line":68,"column":3}},"line":63},"3":{"name":"(anonymous_3)","decl":{"start":{"line":97,"column":19},"end":{"line":97,"column":20}},"loc":{"start":{"line":98,"column":8},"end":{"line":111,"column":14}},"line":98}},"branchMap":{"0":{"loc":{"start":{"line":27,"column":2},"end":{"line":27,"column":11}},"type":"default-arg","locations":[{"start":{"line":27,"column":9},"end":{"line":27,"column":11}}],"line":27},"1":{"loc":{"start":{"line":28,"column":2},"end":{"line":28,"column":19}},"type":"default-arg","locations":[{"start":{"line":28,"column":15},"end":{"line":28,"column":19}}],"line":28},"2":{"loc":{"start":{"line":29,"column":2},"end":{"line":29,"column":14}},"type":"default-arg","locations":[{"start":{"line":29,"column":12},"end":{"line":29,"column":14}}],"line":29},"3":{"loc":{"start":{"line":30,"column":2},"end":{"line":30,"column":15}},"type":"default-arg","locations":[{"start":{"line":30,"column":13},"end":{"line":30,"column":15}}],"line":30},"4":{"loc":{"start":{"line":31,"column":2},"end":{"line":31,"column":18}},"type":"default-arg","locations":[{"start":{"line":31,"column":13},"end":{"line":31,"column":18}}],"line":31},"5":{"loc":{"start":{"line":34,"column":2},"end":{"line":34,"column":20}},"type":"default-arg","locations":[{"start":{"line":34,"column":19},"end":{"line":34,"column":20}}],"line":34},"6":{"loc":{"start":{"line":35,"column":2},"end":{"line":35,"column":17}},"type":"default-arg","locations":[{"start":{"line":35,"column":12},"end":{"line":35,"column":17}}],"line":35},"7":{"loc":{"start":{"line":43,"column":4},"end":{"line":45,"column":5}},"type":"if","locations":[{"start":{"line":43,"column":4},"end":{"line":45,"column":5}},{"start":{},"end":{}}],"line":43},"8":{"loc":{"start":{"line":47,"column":4},"end":{"line":59,"column":5}},"type":"if","locations":[{"start":{"line":47,"column":4},"end":{"line":59,"column":5}},{"start":{},"end":{}}],"line":47},"9":{"loc":{"start":{"line":80,"column":20},"end":{"line":84,"column":12}},"type":"cond-expr","locations":[{"start":{"line":81,"column":6},"end":{"line":81,"column":19}},{"start":{"line":82,"column":6},"end":{"line":84,"column":12}}],"line":80},"10":{"loc":{"start":{"line":82,"column":6},"end":{"line":84,"column":12}},"type":"cond-expr","locations":[{"start":{"line":83,"column":8},"end":{"line":83,"column":24}},{"start":{"line":84,"column":8},"end":{"line":84,"column":12}}],"line":82},"11":{"loc":{"start":{"line":90,"column":8},"end":{"line":90,"column":56}},"type":"cond-expr","locations":[{"start":{"line":90,"column":21},"end":{"line":90,"column":38}},{"start":{"line":90,"column":41},"end":{"line":90,"column":56}}],"line":90},"12":{"loc":{"start":{"line":92,"column":8},"end":{"line":92,"column":37}},"type":"cond-expr","locations":[{"start":{"line":92,"column":19},"end":{"line":92,"column":32}},{"start":{"line":92,"column":35},"end":{"line":92,"column":37}}],"line":92}},"s":{"0":0,"1":0,"2":0,"3":0,"4":0,"5":0,"6":0,"7":0,"8":0,"9":0,"10":0,"11":0,"12":0,"13":0,"14":0},"f":{"0":0,"1":0,"2":0,"3":0},"b":{"0":[0],"1":[0],"2":[0],"3":[0],"4":[0],"5":[0],"6":[0],"7":[0,0],"8":[0,0],"9":[0,0],"10":[0,0],"11":[0,0],"12":[0,0]}}
,"/Users/saschakohler/Documents/01_Development/Active_Projects/klare-methode-app/src/components/lifewheel/LifeWheelChart.tsx": {"path":"/Users/saschakohler/Documents/01_Development/Active_Projects/klare-methode-app/src/components/lifewheel/LifeWheelChart.tsx","statementMap":{"0":{"start":{"line":16,"column":22},"end":{"line":16,"column":24}},"1":{"start":{"line":17,"column":18},"end":{"line":17,"column":20}},"2":{"start":{"line":18,"column":27},"end":{"line":18,"column":29}},"3":{"start":{"line":26,"column":54},"end":{"line":205,"column":1}},"4":{"start":{"line":32,"column":25},"end":{"line":32,"column":70}},"5":{"start":{"line":32,"column":49},"end":{"line":32,"column":69}},"6":{"start":{"line":35,"column":17},"end":{"line":35,"column":25}},"7":{"start":{"line":36,"column":17},"end":{"line":36,"column":27}},"8":{"start":{"line":39,"column":25},"end":{"line":41,"column":3}},"9":{"start":{"line":40,"column":4},"end":{"line":40,"column":33}},"10":{"start":{"line":44,"column":27},"end":{"line":50,"column":3}},"11":{"start":{"line":45,"column":27},"end":{"line":45,"column":68}},"12":{"start":{"line":46,"column":4},"end":{"line":49,"column":6}},"13":{"start":{"line":53,"column":29},"end":{"line":62,"column":14}},"14":{"start":{"line":55,"column":20},"end":{"line":55,"column":64}},"15":{"start":{"line":56,"column":20},"end":{"line":59,"column":7}},"16":{"start":{"line":60,"column":6},"end":{"line":60,"column":37}},"17":{"start":{"line":65,"column":28},"end":{"line":76,"column":8}},"18":{"start":{"line":68,"column":24},"end":{"line":68,"column":68}},"19":{"start":{"line":69,"column":24},"end":{"line":72,"column":11}},"20":{"start":{"line":73,"column":10},"end":{"line":73,"column":41}},"21":{"start":{"line":78,"column":2},"end":{"line":204,"column":4}},"22":{"start":{"line":83,"column":10},"end":{"line":91,"column":12}},"23":{"start":{"line":96,"column":24},"end":{"line":96,"column":68}},"24":{"start":{"line":97,"column":24},"end":{"line":97,"column":55}},"25":{"start":{"line":99,"column":10},"end":{"line":109,"column":12}},"26":{"start":{"line":114,"column":24},"end":{"line":114,"column":68}},"27":{"start":{"line":115,"column":29},"end":{"line":118,"column":11}},"28":{"start":{"line":120,"column":10},"end":{"line":133,"column":12}},"29":{"start":{"line":157,"column":24},"end":{"line":157,"column":68}},"30":{"start":{"line":158,"column":31},"end":{"line":161,"column":11}},"31":{"start":{"line":163,"column":10},"end":{"line":197,"column":12}},"32":{"start":{"line":173,"column":31},"end":{"line":173,"column":66}},"33":{"start":{"line":179,"column":38},"end":{"line":182,"column":19}},"34":{"start":{"line":184,"column":18},"end":{"line":194,"column":20}},"35":{"start":{"line":192,"column":37},"end":{"line":192,"column":72}},"36":{"start":{"line":207,"column":15},"end":{"line":212,"column":2}}},"fnMap":{"0":{"name":"(anonymous_0)","decl":{"start":{"line":26,"column":54},"end":{"line":26,"column":55}},"loc":{"start":{"line":30,"column":6},"end":{"line":205,"column":1}},"line":30},"1":{"name":"(anonymous_1)","decl":{"start":{"line":32,"column":38},"end":{"line":32,"column":39}},"loc":{"start":{"line":32,"column":49},"end":{"line":32,"column":69}},"line":32},"2":{"name":"(anonymous_2)","decl":{"start":{"line":39,"column":25},"end":{"line":39,"column":26}},"loc":{"start":{"line":39,"column":59},"end":{"line":41,"column":3}},"line":39},"3":{"name":"(anonymous_3)","decl":{"start":{"line":44,"column":27},"end":{"line":44,"column":28}},"loc":{"start":{"line":44,"column":71},"end":{"line":50,"column":3}},"line":44},"4":{"name":"(anonymous_4)","decl":{"start":{"line":54,"column":9},"end":{"line":54,"column":10}},"loc":{"start":{"line":54,"column":26},"end":{"line":61,"column":5}},"line":54},"5":{"name":"(anonymous_5)","decl":{"start":{"line":67,"column":13},"end":{"line":67,"column":14}},"loc":{"start":{"line":67,"column":30},"end":{"line":74,"column":9}},"line":67},"6":{"name":"(anonymous_6)","decl":{"start":{"line":82,"column":35},"end":{"line":82,"column":36}},"loc":{"start":{"line":83,"column":10},"end":{"line":91,"column":12}},"line":83},"7":{"name":"(anonymous_7)","decl":{"start":{"line":95,"column":28},"end":{"line":95,"column":29}},"loc":{"start":{"line":95,"column":42},"end":{"line":110,"column":9}},"line":95},"8":{"name":"(anonymous_8)","decl":{"start":{"line":113,"column":28},"end":{"line":113,"column":29}},"loc":{"start":{"line":113,"column":45},"end":{"line":134,"column":9}},"line":113},"9":{"name":"(anonymous_9)","decl":{"start":{"line":156,"column":28},"end":{"line":156,"column":29}},"loc":{"start":{"line":156,"column":45},"end":{"line":198,"column":9}},"line":156},"10":{"name":"(anonymous_10)","decl":{"start":{"line":173,"column":25},"end":{"line":173,"column":26}},"loc":{"start":{"line":173,"column":31},"end":{"line":173,"column":66}},"line":173},"11":{"name":"(anonymous_11)","decl":{"start":{"line":178,"column":17},"end":{"line":178,"column":18}},"loc":{"start":{"line":178,"column":23},"end":{"line":195,"column":17}},"line":178},"12":{"name":"(anonymous_12)","decl":{"start":{"line":192,"column":31},"end":{"line":192,"column":32}},"loc":{"start":{"line":192,"column":37},"end":{"line":192,"column":72}},"line":192}},"branchMap":{"0":{"loc":{"start":{"line":27,"column":2},"end":{"line":27,"column":26}},"type":"default-arg","locations":[{"start":{"line":27,"column":21},"end":{"line":27,"column":26}}],"line":27},"1":{"loc":{"start":{"line":28,"column":2},"end":{"line":28,"column":74}},"type":"default-arg","locations":[{"start":{"line":28,"column":9},"end":{"line":28,"column":74}}],"line":28},"2":{"loc":{"start":{"line":65,"column":28},"end":{"line":76,"column":8}},"type":"cond-expr","locations":[{"start":{"line":66,"column":6},"end":{"line":75,"column":18}},{"start":{"line":76,"column":6},"end":{"line":76,"column":8}}],"line":65},"3":{"loc":{"start":{"line":145,"column":9},"end":{"line":153,"column":9}},"type":"binary-expr","locations":[{"start":{"line":145,"column":9},"end":{"line":145,"column":25}},{"start":{"line":146,"column":10},"end":{"line":152,"column":12}}],"line":145},"4":{"loc":{"start":{"line":173,"column":31},"end":{"line":173,"column":66}},"type":"binary-expr","locations":[{"start":{"line":173,"column":31},"end":{"line":173,"column":42}},{"start":{"line":173,"column":46},"end":{"line":173,"column":66}}],"line":173},"5":{"loc":{"start":{"line":177,"column":15},"end":{"line":195,"column":20}},"type":"binary-expr","locations":[{"start":{"line":177,"column":15},"end":{"line":177,"column":31}},{"start":{"line":178,"column":16},"end":{"line":195,"column":20}}],"line":177},"6":{"loc":{"start":{"line":192,"column":37},"end":{"line":192,"column":72}},"type":"binary-expr","locations":[{"start":{"line":192,"column":37},"end":{"line":192,"column":48}},{"start":{"line":192,"column":52},"end":{"line":192,"column":72}}],"line":192}},"s":{"0":0,"1":0,"2":0,"3":0,"4":0,"5":0,"6":0,"7":0,"8":0,"9":0,"10":0,"11":0,"12":0,"13":0,"14":0,"15":0,"16":0,"17":0,"18":0,"19":0,"20":0,"21":0,"22":0,"23":0,"24":0,"25":0,"26":0,"27":0,"28":0,"29":0,"30":0,"31":0,"32":0,"33":0,"34":0,"35":0,"36":0},"f":{"0":0,"1":0,"2":0,"3":0,"4":0,"5":0,"6":0,"7":0,"8":0,"9":0,"10":0,"11":0,"12":0},"b":{"0":[0],"1":[0],"2":[0,0],"3":[0,0],"4":[0,0],"5":[0,0],"6":[0,0]}}
,"/Users/saschakohler/Documents/01_Development/Active_Projects/klare-methode-app/src/components/modules/ModuleComponents.tsx": {"path":"/Users/saschakohler/Documents/01_Development/Active_Projects/klare-methode-app/src/components/modules/ModuleComponents.tsx","statementMap":{"0":{"start":{"line":43,"column":5},"end":{"line":106,"column":1}},"1":{"start":{"line":44,"column":25},"end":{"line":44,"column":70}},"2":{"start":{"line":44,"column":49},"end":{"line":44,"column":69}},"3":{"start":{"line":45,"column":50},"end":{"line":45,"column":65}},"4":{"start":{"line":47,"column":25},"end":{"line":55,"column":3}},"5":{"start":{"line":48,"column":4},"end":{"line":54,"column":5}},"6":{"start":{"line":49,"column":6},"end":{"line":49,"column":32}},"7":{"start":{"line":50,"column":6},"end":{"line":50,"column":32}},"8":{"start":{"line":51,"column":6},"end":{"line":53,"column":7}},"9":{"start":{"line":52,"column":8},"end":{"line":52,"column":21}},"10":{"start":{"line":58,"column":30},"end":{"line":77,"column":3}},"11":{"start":{"line":59,"column":4},"end":{"line":76,"column":5}},"12":{"start":{"line":61,"column":8},"end":{"line":61,"column":75}},"13":{"start":{"line":63,"column":8},"end":{"line":63,"column":74}},"14":{"start":{"line":65,"column":8},"end":{"line":65,"column":78}},"15":{"start":{"line":67,"column":8},"end":{"line":67,"column":74}},"16":{"start":{"line":69,"column":8},"end":{"line":75,"column":10}},"17":{"start":{"line":79,"column":2},"end":{"line":105,"column":4}},"18":{"start":{"line":109,"column":26},"end":{"line":122,"column":1}},"19":{"start":{"line":110,"column":2},"end":{"line":121,"column":3}},"20":{"start":{"line":112,"column":6},"end":{"line":112,"column":21}},"21":{"start":{"line":114,"column":6},"end":{"line":114,"column":23}},"22":{"start":{"line":116,"column":6},"end":{"line":116,"column":21}},"23":{"start":{"line":118,"column":6},"end":{"line":118,"column":20}},"24":{"start":{"line":120,"column":6},"end":{"line":120,"column":18}},"25":{"start":{"line":128,"column":5},"end":{"line":178,"column":1}},"26":{"start":{"line":129,"column":2},"end":{"line":177,"column":4}},"27":{"start":{"line":184,"column":5},"end":{"line":248,"column":1}},"28":{"start":{"line":185,"column":46},"end":{"line":185,"column":57}},"29":{"start":{"line":186,"column":40},"end":{"line":186,"column":55}},"30":{"start":{"line":189,"column":18},"end":{"line":189,"column":75}},"31":{"start":{"line":192,"column":23},"end":{"line":204,"column":3}},"32":{"start":{"line":193,"column":62},"end":{"line":193,"column":79}},"33":{"start":{"line":194,"column":28},"end":{"line":194,"column":30}},"34":{"start":{"line":196,"column":6},"end":{"line":197,"column":24}},"35":{"start":{"line":199,"column":4},"end":{"line":199,"column":47}},"36":{"start":{"line":201,"column":4},"end":{"line":203,"column":5}},"37":{"start":{"line":202,"column":6},"end":{"line":202,"column":27}},"38":{"start":{"line":206,"column":2},"end":{"line":247,"column":4}},"39":{"start":{"line":254,"column":5},"end":{"line":506,"column":1}},"40":{"start":{"line":255,"column":44},"end":{"line":257,"column":18}},"41":{"start":{"line":258,"column":46},"end":{"line":258,"column":69}},"42":{"start":{"line":259,"column":52},"end":{"line":259,"column":74}},"43":{"start":{"line":262,"column":19},"end":{"line":262,"column":69}},"44":{"start":{"line":264,"column":2},"end":{"line":269,"column":17}},"45":{"start":{"line":265,"column":4},"end":{"line":268,"column":5}},"46":{"start":{"line":266,"column":6},"end":{"line":266,"column":70}},"47":{"start":{"line":267,"column":6},"end":{"line":267,"column":75}},"48":{"start":{"line":272,"column":31},"end":{"line":274,"column":3}},"49":{"start":{"line":273,"column":4},"end":{"line":273,"column":48}},"50":{"start":{"line":273,"column":42},"end":{"line":273,"column":46}},"51":{"start":{"line":277,"column":24},"end":{"line":279,"column":3}},"52":{"start":{"line":278,"column":4},"end":{"line":278,"column":68}},"53":{"start":{"line":278,"column":46},"end":{"line":278,"column":66}},"54":{"start":{"line":282,"column":24},"end":{"line":284,"column":3}},"55":{"start":{"line":283,"column":4},"end":{"line":283,"column":30}},"56":{"start":{"line":287,"column":21},"end":{"line":291,"column":3}},"57":{"start":{"line":288,"column":30},"end":{"line":288,"column":49}},"58":{"start":{"line":289,"column":4},"end":{"line":289,"column":57}},"59":{"start":{"line":290,"column":4},"end":{"line":290,"column":41}},"60":{"start":{"line":294,"column":33},"end":{"line":298,"column":3}},"61":{"start":{"line":295,"column":23},"end":{"line":295,"column":45}},"62":{"start":{"line":296,"column":4},"end":{"line":296,"column":31}},"63":{"start":{"line":297,"column":4},"end":{"line":297,"column":37}},"64":{"start":{"line":300,"column":2},"end":{"line":306,"column":3}},"65":{"start":{"line":301,"column":4},"end":{"line":305,"column":6}},"66":{"start":{"line":308,"column":2},"end":{"line":505,"column":4}},"67":{"start":{"line":323,"column":31},"end":{"line":323,"column":59}},"68":{"start":{"line":340,"column":31},"end":{"line":340,"column":53}},"69":{"start":{"line":365,"column":31},"end":{"line":365,"column":58}},"70":{"start":{"line":400,"column":35},"end":{"line":400,"column":57}},"71":{"start":{"line":414,"column":20},"end":{"line":444,"column":27}},"72":{"start":{"line":417,"column":39},"end":{"line":417,"column":56}},"73":{"start":{"line":423,"column":41},"end":{"line":423,"column":58}},"74":{"start":{"line":449,"column":35},"end":{"line":449,"column":62}},"75":{"start":{"line":469,"column":20},"end":{"line":482,"column":27}},"76":{"start":{"line":477,"column":26},"end":{"line":477,"column":61}},"77":{"start":{"line":512,"column":5},"end":{"line":748,"column":1}},"78":{"start":{"line":513,"column":58},"end":{"line":513,"column":69}},"79":{"start":{"line":514,"column":48},"end":{"line":514,"column":70}},"80":{"start":{"line":515,"column":48},"end":{"line":515,"column":63}},"81":{"start":{"line":516,"column":44},"end":{"line":516,"column":59}},"82":{"start":{"line":517,"column":28},"end":{"line":517,"column":39}},"83":{"start":{"line":520,"column":15},"end":{"line":520,"column":61}},"84":{"start":{"line":522,"column":2},"end":{"line":526,"column":13}},"85":{"start":{"line":523,"column":4},"end":{"line":525,"column":5}},"86":{"start":{"line":524,"column":6},"end":{"line":524,"column":68}},"87":{"start":{"line":528,"column":2},"end":{"line":534,"column":3}},"88":{"start":{"line":529,"column":4},"end":{"line":533,"column":6}},"89":{"start":{"line":536,"column":26},"end":{"line":536,"column":62}},"90":{"start":{"line":539,"column":23},"end":{"line":545,"column":3}},"91":{"start":{"line":540,"column":4},"end":{"line":540,"column":49}},"92":{"start":{"line":540,"column":42},"end":{"line":540,"column":49}},"93":{"start":{"line":542,"column":31},"end":{"line":542,"column":51}},"94":{"start":{"line":543,"column":4},"end":{"line":543,"column":56}},"95":{"start":{"line":544,"column":4},"end":{"line":544,"column":43}},"96":{"start":{"line":548,"column":22},"end":{"line":550,"column":3}},"97":{"start":{"line":549,"column":4},"end":{"line":549,"column":29}},"98":{"start":{"line":553,"column":23},"end":{"line":568,"column":3}},"99":{"start":{"line":554,"column":4},"end":{"line":554,"column":30}},"100":{"start":{"line":556,"column":4},"end":{"line":567,"column":5}},"101":{"start":{"line":557,"column":6},"end":{"line":557,"column":56}},"102":{"start":{"line":560,"column":29},"end":{"line":563,"column":14}},"103":{"start":{"line":562,"column":10},"end":{"line":562,"column":64}},"104":{"start":{"line":565,"column":6},"end":{"line":565,"column":31}},"105":{"start":{"line":566,"column":6},"end":{"line":566,"column":29}},"106":{"start":{"line":571,"column":22},"end":{"line":577,"column":3}},"107":{"start":{"line":572,"column":4},"end":{"line":572,"column":31}},"108":{"start":{"line":573,"column":4},"end":{"line":573,"column":66}},"109":{"start":{"line":574,"column":4},"end":{"line":574,"column":30}},"110":{"start":{"line":575,"column":4},"end":{"line":575,"column":28}},"111":{"start":{"line":576,"column":4},"end":{"line":576,"column":16}},"112":{"start":{"line":579,"column":2},"end":{"line":747,"column":4}},"113":{"start":{"line":608,"column":20},"end":{"line":649,"column":39}},"114":{"start":{"line":622,"column":37},"end":{"line":622,"column":56}},"115":{"start":{"line":632,"column":39},"end":{"line":632,"column":58}},"116":{"start":{"line":751,"column":23},"end":{"line":793,"column":1}},"117":{"start":{"line":796,"column":15},"end":{"line":1113,"column":2}}},"fnMap":{"0":{"name":"(anonymous_0)","decl":{"start":{"line":43,"column":5},"end":{"line":43,"column":6}},"loc":{"start":{"line":43,"column":41},"end":{"line":106,"column":1}},"line":43},"1":{"name":"(anonymous_1)","decl":{"start":{"line":44,"column":38},"end":{"line":44,"column":39}},"loc":{"start":{"line":44,"column":49},"end":{"line":44,"column":69}},"line":44},"2":{"name":"(anonymous_2)","decl":{"start":{"line":47,"column":25},"end":{"line":47,"column":26}},"loc":{"start":{"line":47,"column":31},"end":{"line":55,"column":3}},"line":47},"3":{"name":"(anonymous_3)","decl":{"start":{"line":58,"column":30},"end":{"line":58,"column":31}},"loc":{"start":{"line":58,"column":36},"end":{"line":77,"column":3}},"line":58},"4":{"name":"(anonymous_4)","decl":{"start":{"line":109,"column":26},"end":{"line":109,"column":27}},"loc":{"start":{"line":109,"column":52},"end":{"line":122,"column":1}},"line":109},"5":{"name":"(anonymous_5)","decl":{"start":{"line":128,"column":5},"end":{"line":128,"column":6}},"loc":{"start":{"line":128,"column":33},"end":{"line":178,"column":1}},"line":128},"6":{"name":"(anonymous_6)","decl":{"start":{"line":184,"column":5},"end":{"line":184,"column":6}},"loc":{"start":{"line":184,"column":33},"end":{"line":248,"column":1}},"line":184},"7":{"name":"(anonymous_7)","decl":{"start":{"line":192,"column":23},"end":{"line":192,"column":24}},"loc":{"start":{"line":192,"column":39},"end":{"line":204,"column":3}},"line":192},"8":{"name":"(anonymous_8)","decl":{"start":{"line":254,"column":5},"end":{"line":254,"column":6}},"loc":{"start":{"line":254,"column":33},"end":{"line":506,"column":1}},"line":254},"9":{"name":"(anonymous_9)","decl":{"start":{"line":264,"column":12},"end":{"line":264,"column":13}},"loc":{"start":{"line":264,"column":18},"end":{"line":269,"column":3}},"line":264},"10":{"name":"(anonymous_10)","decl":{"start":{"line":272,"column":31},"end":{"line":272,"column":32}},"loc":{"start":{"line":272,"column":37},"end":{"line":274,"column":3}},"line":272},"11":{"name":"(anonymous_11)","decl":{"start":{"line":273,"column":32},"end":{"line":273,"column":33}},"loc":{"start":{"line":273,"column":42},"end":{"line":273,"column":46}},"line":273},"12":{"name":"(anonymous_12)","decl":{"start":{"line":277,"column":24},"end":{"line":277,"column":25}},"loc":{"start":{"line":277,"column":30},"end":{"line":279,"column":3}},"line":277},"13":{"name":"(anonymous_13)","decl":{"start":{"line":278,"column":34},"end":{"line":278,"column":35}},"loc":{"start":{"line":278,"column":46},"end":{"line":278,"column":66}},"line":278},"14":{"name":"(anonymous_14)","decl":{"start":{"line":282,"column":24},"end":{"line":282,"column":25}},"loc":{"start":{"line":282,"column":77},"end":{"line":284,"column":3}},"line":282},"15":{"name":"(anonymous_15)","decl":{"start":{"line":287,"column":21},"end":{"line":287,"column":22}},"loc":{"start":{"line":287,"column":40},"end":{"line":291,"column":3}},"line":287},"16":{"name":"(anonymous_16)","decl":{"start":{"line":294,"column":33},"end":{"line":294,"column":34}},"loc":{"start":{"line":294,"column":68},"end":{"line":298,"column":3}},"line":294},"17":{"name":"(anonymous_17)","decl":{"start":{"line":323,"column":25},"end":{"line":323,"column":26}},"loc":{"start":{"line":323,"column":31},"end":{"line":323,"column":59}},"line":323},"18":{"name":"(anonymous_18)","decl":{"start":{"line":340,"column":25},"end":{"line":340,"column":26}},"loc":{"start":{"line":340,"column":31},"end":{"line":340,"column":53}},"line":340},"19":{"name":"(anonymous_19)","decl":{"start":{"line":365,"column":25},"end":{"line":365,"column":26}},"loc":{"start":{"line":365,"column":31},"end":{"line":365,"column":58}},"line":365},"20":{"name":"(anonymous_20)","decl":{"start":{"line":400,"column":29},"end":{"line":400,"column":30}},"loc":{"start":{"line":400,"column":35},"end":{"line":400,"column":57}},"line":400},"21":{"name":"(anonymous_21)","decl":{"start":{"line":413,"column":38},"end":{"line":413,"column":39}},"loc":{"start":{"line":414,"column":20},"end":{"line":444,"column":27}},"line":414},"22":{"name":"(anonymous_22)","decl":{"start":{"line":417,"column":33},"end":{"line":417,"column":34}},"loc":{"start":{"line":417,"column":39},"end":{"line":417,"column":56}},"line":417},"23":{"name":"(anonymous_23)","decl":{"start":{"line":423,"column":35},"end":{"line":423,"column":36}},"loc":{"start":{"line":423,"column":41},"end":{"line":423,"column":58}},"line":423},"24":{"name":"(anonymous_24)","decl":{"start":{"line":449,"column":29},"end":{"line":449,"column":30}},"loc":{"start":{"line":449,"column":35},"end":{"line":449,"column":62}},"line":449},"25":{"name":"(anonymous_25)","decl":{"start":{"line":468,"column":43},"end":{"line":468,"column":44}},"loc":{"start":{"line":469,"column":20},"end":{"line":482,"column":27}},"line":469},"26":{"name":"(anonymous_26)","decl":{"start":{"line":476,"column":38},"end":{"line":476,"column":39}},"loc":{"start":{"line":477,"column":26},"end":{"line":477,"column":61}},"line":477},"27":{"name":"(anonymous_27)","decl":{"start":{"line":512,"column":5},"end":{"line":512,"column":6}},"loc":{"start":{"line":512,"column":33},"end":{"line":748,"column":1}},"line":512},"28":{"name":"(anonymous_28)","decl":{"start":{"line":522,"column":12},"end":{"line":522,"column":13}},"loc":{"start":{"line":522,"column":18},"end":{"line":526,"column":3}},"line":522},"29":{"name":"(anonymous_29)","decl":{"start":{"line":539,"column":23},"end":{"line":539,"column":24}},"loc":{"start":{"line":539,"column":45},"end":{"line":545,"column":3}},"line":539},"30":{"name":"(anonymous_30)","decl":{"start":{"line":548,"column":22},"end":{"line":548,"column":23}},"loc":{"start":{"line":548,"column":28},"end":{"line":550,"column":3}},"line":548},"31":{"name":"(anonymous_31)","decl":{"start":{"line":553,"column":23},"end":{"line":553,"column":24}},"loc":{"start":{"line":553,"column":29},"end":{"line":568,"column":3}},"line":553},"32":{"name":"(anonymous_32)","decl":{"start":{"line":561,"column":8},"end":{"line":561,"column":9}},"loc":{"start":{"line":562,"column":10},"end":{"line":562,"column":64}},"line":562},"33":{"name":"(anonymous_33)","decl":{"start":{"line":571,"column":22},"end":{"line":571,"column":23}},"loc":{"start":{"line":571,"column":28},"end":{"line":577,"column":3}},"line":571},"34":{"name":"(anonymous_34)","decl":{"start":{"line":607,"column":47},"end":{"line":607,"column":48}},"loc":{"start":{"line":608,"column":20},"end":{"line":649,"column":39}},"line":608},"35":{"name":"(anonymous_35)","decl":{"start":{"line":622,"column":31},"end":{"line":622,"column":32}},"loc":{"start":{"line":622,"column":37},"end":{"line":622,"column":56}},"line":622},"36":{"name":"(anonymous_36)","decl":{"start":{"line":632,"column":33},"end":{"line":632,"column":34}},"loc":{"start":{"line":632,"column":39},"end":{"line":632,"column":58}},"line":632}},"branchMap":{"0":{"loc":{"start":{"line":48,"column":4},"end":{"line":54,"column":5}},"type":"if","locations":[{"start":{"line":48,"column":4},"end":{"line":54,"column":5}},{"start":{},"end":{}}],"line":48},"1":{"loc":{"start":{"line":51,"column":6},"end":{"line":53,"column":7}},"type":"if","locations":[{"start":{"line":51,"column":6},"end":{"line":53,"column":7}},{"start":{},"end":{}}],"line":51},"2":{"loc":{"start":{"line":59,"column":4},"end":{"line":76,"column":5}},"type":"switch","locations":[{"start":{"line":60,"column":6},"end":{"line":61,"column":75}},{"start":{"line":62,"column":6},"end":{"line":63,"column":74}},{"start":{"line":64,"column":6},"end":{"line":65,"column":78}},{"start":{"line":66,"column":6},"end":{"line":67,"column":74}},{"start":{"line":68,"column":6},"end":{"line":75,"column":10}}],"line":59},"3":{"loc":{"start":{"line":98,"column":7},"end":{"line":103,"column":7}},"type":"binary-expr","locations":[{"start":{"line":98,"column":7},"end":{"line":98,"column":23}},{"start":{"line":99,"column":8},"end":{"line":102,"column":15}}],"line":98},"4":{"loc":{"start":{"line":110,"column":2},"end":{"line":121,"column":3}},"type":"switch","locations":[{"start":{"line":111,"column":4},"end":{"line":112,"column":21}},{"start":{"line":113,"column":4},"end":{"line":114,"column":23}},{"start":{"line":115,"column":4},"end":{"line":116,"column":21}},{"start":{"line":117,"column":4},"end":{"line":118,"column":20}},{"start":{"line":119,"column":4},"end":{"line":120,"column":18}}],"line":110},"5":{"loc":{"start":{"line":189,"column":18},"end":{"line":189,"column":75}},"type":"binary-expr","locations":[{"start":{"line":189,"column":18},"end":{"line":189,"column":47}},{"start":{"line":189,"column":51},"end":{"line":189,"column":75}}],"line":189},"6":{"loc":{"start":{"line":201,"column":4},"end":{"line":203,"column":5}},"type":"if","locations":[{"start":{"line":201,"column":4},"end":{"line":203,"column":5}},{"start":{},"end":{}}],"line":201},"7":{"loc":{"start":{"line":201,"column":8},"end":{"line":201,"column":41}},"type":"binary-expr","locations":[{"start":{"line":201,"column":8},"end":{"line":201,"column":25}},{"start":{"line":201,"column":29},"end":{"line":201,"column":41}}],"line":201},"8":{"loc":{"start":{"line":240,"column":54},"end":{"line":240,"column":75}},"type":"cond-expr","locations":[{"start":{"line":240,"column":68},"end":{"line":240,"column":69}},{"start":{"line":240,"column":72},"end":{"line":240,"column":75}}],"line":240},"9":{"loc":{"start":{"line":265,"column":4},"end":{"line":268,"column":5}},"type":"if","locations":[{"start":{"line":265,"column":4},"end":{"line":268,"column":5}},{"start":{},"end":{}}],"line":265},"10":{"loc":{"start":{"line":300,"column":2},"end":{"line":306,"column":3}},"type":"if","locations":[{"start":{"line":300,"column":2},"end":{"line":306,"column":3}},{"start":{},"end":{}}],"line":300},"11":{"loc":{"start":{"line":310,"column":16},"end":{"line":310,"column":60}},"type":"cond-expr","locations":[{"start":{"line":310,"column":40},"end":{"line":310,"column":49}},{"start":{"line":310,"column":52},"end":{"line":310,"column":60}}],"line":310},"12":{"loc":{"start":{"line":321,"column":18},"end":{"line":321,"column":69}},"type":"binary-expr","locations":[{"start":{"line":321,"column":18},"end":{"line":321,"column":49}},{"start":{"line":321,"column":53},"end":{"line":321,"column":69}}],"line":321},"13":{"loc":{"start":{"line":328,"column":20},"end":{"line":328,"column":75}},"type":"binary-expr","locations":[{"start":{"line":328,"column":20},"end":{"line":328,"column":51}},{"start":{"line":328,"column":55},"end":{"line":328,"column":75}}],"line":328},"14":{"loc":{"start":{"line":338,"column":18},"end":{"line":338,"column":63}},"type":"binary-expr","locations":[{"start":{"line":338,"column":18},"end":{"line":338,"column":43}},{"start":{"line":338,"column":47},"end":{"line":338,"column":63}}],"line":338},"15":{"loc":{"start":{"line":345,"column":20},"end":{"line":345,"column":69}},"type":"binary-expr","locations":[{"start":{"line":345,"column":20},"end":{"line":345,"column":45}},{"start":{"line":345,"column":49},"end":{"line":345,"column":69}}],"line":345},"16":{"loc":{"start":{"line":350,"column":17},"end":{"line":357,"column":17}},"type":"binary-expr","locations":[{"start":{"line":350,"column":17},"end":{"line":350,"column":39}},{"start":{"line":351,"column":18},"end":{"line":356,"column":20}}],"line":350},"17":{"loc":{"start":{"line":363,"column":18},"end":{"line":363,"column":68}},"type":"binary-expr","locations":[{"start":{"line":363,"column":18},"end":{"line":363,"column":48}},{"start":{"line":363,"column":52},"end":{"line":363,"column":68}}],"line":363},"18":{"loc":{"start":{"line":370,"column":20},"end":{"line":370,"column":74}},"type":"binary-expr","locations":[{"start":{"line":370,"column":20},"end":{"line":370,"column":50}},{"start":{"line":370,"column":54},"end":{"line":370,"column":74}}],"line":370},"19":{"loc":{"start":{"line":375,"column":17},"end":{"line":382,"column":17}},"type":"binary-expr","locations":[{"start":{"line":375,"column":17},"end":{"line":375,"column":32}},{"start":{"line":376,"column":18},"end":{"line":381,"column":20}}],"line":375},"20":{"loc":{"start":{"line":388,"column":15},"end":{"line":406,"column":15}},"type":"binary-expr","locations":[{"start":{"line":388,"column":15},"end":{"line":388,"column":46}},{"start":{"line":389,"column":16},"end":{"line":405,"column":23}}],"line":388},"21":{"loc":{"start":{"line":409,"column":15},"end":{"line":456,"column":15}},"type":"binary-expr","locations":[{"start":{"line":409,"column":15},"end":{"line":409,"column":40}},{"start":{"line":410,"column":16},"end":{"line":455,"column":23}}],"line":409},"22":{"loc":{"start":{"line":421,"column":28},"end":{"line":421,"column":75}},"type":"cond-expr","locations":[{"start":{"line":421,"column":52},"end":{"line":421,"column":61}},{"start":{"line":421,"column":64},"end":{"line":421,"column":75}}],"line":421},"23":{"loc":{"start":{"line":438,"column":28},"end":{"line":438,"column":77}},"type":"binary-expr","locations":[{"start":{"line":438,"column":28},"end":{"line":438,"column":49}},{"start":{"line":438,"column":53},"end":{"line":438,"column":77}}],"line":438},"24":{"loc":{"start":{"line":459,"column":15},"end":{"line":485,"column":15}},"type":"binary-expr","locations":[{"start":{"line":459,"column":15},"end":{"line":459,"column":45}},{"start":{"line":460,"column":16},"end":{"line":484,"column":23}}],"line":459},"25":{"loc":{"start":{"line":496,"column":27},"end":{"line":496,"column":59}},"type":"cond-expr","locations":[{"start":{"line":496,"column":52},"end":{"line":496,"column":53}},{"start":{"line":496,"column":56},"end":{"line":496,"column":59}}],"line":496},"26":{"loc":{"start":{"line":523,"column":4},"end":{"line":525,"column":5}},"type":"if","locations":[{"start":{"line":523,"column":4},"end":{"line":525,"column":5}},{"start":{},"end":{}}],"line":523},"27":{"loc":{"start":{"line":528,"column":2},"end":{"line":534,"column":3}},"type":"if","locations":[{"start":{"line":528,"column":2},"end":{"line":534,"column":3}},{"start":{},"end":{}}],"line":528},"28":{"loc":{"start":{"line":540,"column":4},"end":{"line":540,"column":49}},"type":"if","locations":[{"start":{"line":540,"column":4},"end":{"line":540,"column":49}},{"start":{},"end":{}}],"line":540},"29":{"loc":{"start":{"line":540,"column":8},"end":{"line":540,"column":40}},"type":"binary-expr","locations":[{"start":{"line":540,"column":8},"end":{"line":540,"column":23}},{"start":{"line":540,"column":27},"end":{"line":540,"column":40}}],"line":540},"30":{"loc":{"start":{"line":556,"column":4},"end":{"line":567,"column":5}},"type":"if","locations":[{"start":{"line":556,"column":4},"end":{"line":567,"column":5}},{"start":{"line":558,"column":11},"end":{"line":567,"column":5}}],"line":556},"31":{"loc":{"start":{"line":583,"column":11},"end":{"line":743,"column":11}},"type":"cond-expr","locations":[{"start":{"line":585,"column":12},"end":{"line":693,"column":19}},{"start":{"line":696,"column":12},"end":{"line":742,"column":19}}],"line":583},"32":{"loc":{"start":{"line":612,"column":24},"end":{"line":613,"column":53}},"type":"binary-expr","locations":[{"start":{"line":612,"column":24},"end":{"line":612,"column":71}},{"start":{"line":613,"column":26},"end":{"line":613,"column":53}}],"line":612},"33":{"loc":{"start":{"line":614,"column":24},"end":{"line":616,"column":52}},"type":"binary-expr","locations":[{"start":{"line":614,"column":24},"end":{"line":614,"column":39}},{"start":{"line":615,"column":26},"end":{"line":615,"column":65}},{"start":{"line":616,"column":26},"end":{"line":616,"column":52}}],"line":614},"34":{"loc":{"start":{"line":617,"column":24},"end":{"line":620,"column":54}},"type":"binary-expr","locations":[{"start":{"line":617,"column":24},"end":{"line":617,"column":39}},{"start":{"line":618,"column":26},"end":{"line":618,"column":73}},{"start":{"line":619,"column":26},"end":{"line":619,"column":65}},{"start":{"line":620,"column":26},"end":{"line":620,"column":54}}],"line":617},"35":{"loc":{"start":{"line":628,"column":26},"end":{"line":630,"column":41}},"type":"cond-expr","locations":[{"start":{"line":629,"column":30},"end":{"line":629,"column":39}},{"start":{"line":630,"column":30},"end":{"line":630,"column":41}}],"line":628},"36":{"loc":{"start":{"line":635,"column":26},"end":{"line":645,"column":31}},"type":"cond-expr","locations":[{"start":{"line":637,"column":30},"end":{"line":637,"column":43}},{"start":{"line":638,"column":30},"end":{"line":645,"column":31}}],"line":635},"37":{"loc":{"start":{"line":635,"column":26},"end":{"line":636,"column":65}},"type":"binary-expr","locations":[{"start":{"line":635,"column":26},"end":{"line":635,"column":41}},{"start":{"line":636,"column":26},"end":{"line":636,"column":65}}],"line":635},"38":{"loc":{"start":{"line":653,"column":17},"end":{"line":660,"column":17}},"type":"binary-expr","locations":[{"start":{"line":653,"column":17},"end":{"line":653,"column":32}},{"start":{"line":654,"column":18},"end":{"line":659,"column":25}}],"line":653},"39":{"loc":{"start":{"line":664,"column":17},"end":{"line":691,"column":17}},"type":"cond-expr","locations":[{"start":{"line":665,"column":18},"end":{"line":680,"column":27}},{"start":{"line":682,"column":18},"end":{"line":690,"column":27}}],"line":664},"40":{"loc":{"start":{"line":673,"column":26},"end":{"line":675,"column":31}},"type":"cond-expr","locations":[{"start":{"line":674,"column":30},"end":{"line":674,"column":33}},{"start":{"line":675,"column":30},"end":{"line":675,"column":31}}],"line":673},"41":{"loc":{"start":{"line":687,"column":21},"end":{"line":689,"column":43}},"type":"cond-expr","locations":[{"start":{"line":688,"column":24},"end":{"line":688,"column":39}},{"start":{"line":689,"column":24},"end":{"line":689,"column":43}}],"line":687},"42":{"loc":{"start":{"line":698,"column":22},"end":{"line":698,"column":78}},"type":"cond-expr","locations":[{"start":{"line":698,"column":59},"end":{"line":698,"column":67}},{"start":{"line":698,"column":70},"end":{"line":698,"column":78}}],"line":698},"43":{"loc":{"start":{"line":716,"column":17},"end":{"line":722,"column":78}},"type":"cond-expr","locations":[{"start":{"line":717,"column":20},"end":{"line":717,"column":73}},{"start":{"line":718,"column":20},"end":{"line":722,"column":78}}],"line":716},"44":{"loc":{"start":{"line":718,"column":20},"end":{"line":722,"column":78}},"type":"cond-expr","locations":[{"start":{"line":719,"column":22},"end":{"line":719,"column":76}},{"start":{"line":720,"column":22},"end":{"line":722,"column":78}}],"line":718},"45":{"loc":{"start":{"line":720,"column":22},"end":{"line":722,"column":78}},"type":"cond-expr","locations":[{"start":{"line":721,"column":24},"end":{"line":721,"column":75}},{"start":{"line":722,"column":24},"end":{"line":722,"column":78}}],"line":720}},"s":{"0":0,"1":0,"2":0,"3":0,"4":0,"5":0,"6":0,"7":0,"8":0,"9":0,"10":0,"11":0,"12":0,"13":0,"14":0,"15":0,"16":0,"17":0,"18":0,"19":0,"20":0,"21":0,"22":0,"23":0,"24":0,"25":0,"26":0,"27":0,"28":0,"29":0,"30":0,"31":0,"32":0,"33":0,"34":0,"35":0,"36":0,"37":0,"38":0,"39":0,"40":0,"41":0,"42":0,"43":0,"44":0,"45":0,"46":0,"47":0,"48":0,"49":0,"50":0,"51":0,"52":0,"53":0,"54":0,"55":0,"56":0,"57":0,"58":0,"59":0,"60":0,"61":0,"62":0,"63":0,"64":0,"65":0,"66":0,"67":0,"68":0,"69":0,"70":0,"71":0,"72":0,"73":0,"74":0,"75":0,"76":0,"77":0,"78":0,"79":0,"80":0,"81":0,"82":0,"83":0,"84":0,"85":0,"86":0,"87":0,"88":0,"89":0,"90":0,"91":0,"92":0,"93":0,"94":0,"95":0,"96":0,"97":0,"98":0,"99":0,"100":0,"101":0,"102":0,"103":0,"104":0,"105":0,"106":0,"107":0,"108":0,"109":0,"110":0,"111":0,"112":0,"113":0,"114":0,"115":0,"116":0,"117":0},"f":{"0":0,"1":0,"2":0,"3":0,"4":0,"5":0,"6":0,"7":0,"8":0,"9":0,"10":0,"11":0,"12":0,"13":0,"14":0,"15":0,"16":0,"17":0,"18":0,"19":0,"20":0,"21":0,"22":0,"23":0,"24":0,"25":0,"26":0,"27":0,"28":0,"29":0,"30":0,"31":0,"32":0,"33":0,"34":0,"35":0,"36":0},"b":{"0":[0,0],"1":[0,0],"2":[0,0,0,0,0],"3":[0,0],"4":[0,0,0,0,0],"5":[0,0],"6":[0,0],"7":[0,0],"8":[0,0],"9":[0,0],"10":[0,0],"11":[0,0],"12":[0,0],"13":[0,0],"14":[0,0],"15":[0,0],"16":[0,0],"17":[0,0],"18":[0,0],"19":[0,0],"20":[0,0],"21":[0,0],"22":[0,0],"23":[0,0],"24":[0,0],"25":[0,0],"26":[0,0],"27":[0,0],"28":[0,0],"29":[0,0],"30":[0,0],"31":[0,0],"32":[0,0],"33":[0,0,0],"34":[0,0,0,0],"35":[0,0],"36":[0,0],"37":[0,0],"38":[0,0],"39":[0,0],"40":[0,0],"41":[0,0],"42":[0,0],"43":[0,0],"44":[0,0],"45":[0,0]}}
,"/Users/saschakohler/Documents/01_Development/Active_Projects/klare-methode-app/src/components/modules/ModuleContent.tsx": {"path":"/Users/saschakohler/Documents/01_Development/Active_Projects/klare-methode-app/src/components/modules/ModuleContent.tsx","statementMap":{"0":{"start":{"line":14,"column":52},"end":{"line":87,"column":1}},"1":{"start":{"line":15,"column":16},"end":{"line":15,"column":26}},"2":{"start":{"line":17,"column":2},"end":{"line":86,"column":4}},"3":{"start":{"line":31,"column":16},"end":{"line":34,"column":23}},"4":{"start":{"line":45,"column":16},"end":{"line":48,"column":23}},"5":{"start":{"line":57,"column":14},"end":{"line":80,"column":21}},"6":{"start":{"line":89,"column":15},"end":{"line":143,"column":2}}},"fnMap":{"0":{"name":"(anonymous_0)","decl":{"start":{"line":14,"column":52},"end":{"line":14,"column":53}},"loc":{"start":{"line":14,"column":86},"end":{"line":87,"column":1}},"line":14},"1":{"name":"(anonymous_1)","decl":{"start":{"line":30,"column":38},"end":{"line":30,"column":39}},"loc":{"start":{"line":31,"column":16},"end":{"line":34,"column":23}},"line":31},"2":{"name":"(anonymous_2)","decl":{"start":{"line":44,"column":40},"end":{"line":44,"column":41}},"loc":{"start":{"line":45,"column":16},"end":{"line":48,"column":23}},"line":45},"3":{"name":"(anonymous_3)","decl":{"start":{"line":56,"column":26},"end":{"line":56,"column":27}},"loc":{"start":{"line":57,"column":14},"end":{"line":80,"column":21}},"line":57}},"branchMap":{"0":{"loc":{"start":{"line":22,"column":9},"end":{"line":24,"column":9}},"type":"binary-expr","locations":[{"start":{"line":22,"column":9},"end":{"line":22,"column":27}},{"start":{"line":23,"column":10},"end":{"line":23,"column":68}}],"line":22},"1":{"loc":{"start":{"line":26,"column":9},"end":{"line":38,"column":9}},"type":"binary-expr","locations":[{"start":{"line":26,"column":9},"end":{"line":26,"column":27}},{"start":{"line":27,"column":10},"end":{"line":37,"column":17}}],"line":26},"2":{"loc":{"start":{"line":40,"column":9},"end":{"line":52,"column":9}},"type":"binary-expr","locations":[{"start":{"line":40,"column":9},"end":{"line":40,"column":29}},{"start":{"line":41,"column":10},"end":{"line":51,"column":17}}],"line":40},"3":{"loc":{"start":{"line":54,"column":9},"end":{"line":83,"column":9}},"type":"binary-expr","locations":[{"start":{"line":54,"column":9},"end":{"line":54,"column":17}},{"start":{"line":54,"column":21},"end":{"line":54,"column":40}},{"start":{"line":55,"column":10},"end":{"line":82,"column":17}}],"line":54},"4":{"loc":{"start":{"line":79,"column":17},"end":{"line":79,"column":82}},"type":"binary-expr","locations":[{"start":{"line":79,"column":17},"end":{"line":79,"column":44}},{"start":{"line":79,"column":48},"end":{"line":79,"column":82}}],"line":79}},"s":{"0":0,"1":0,"2":0,"3":0,"4":0,"5":0,"6":0},"f":{"0":0,"1":0,"2":0,"3":0},"b":{"0":[0,0],"1":[0,0],"2":[0,0],"3":[0,0,0],"4":[0,0]}}
,"/Users/saschakohler/Documents/01_Development/Active_Projects/klare-methode-app/src/components/modules/ModuleExercise.tsx": {"path":"/Users/saschakohler/Documents/01_Development/Active_Projects/klare-methode-app/src/components/modules/ModuleExercise.tsx","statementMap":{"0":{"start":{"line":19,"column":54},"end":{"line":228,"column":1}},"1":{"start":{"line":26,"column":16},"end":{"line":26,"column":26}},"2":{"start":{"line":27,"column":15},"end":{"line":27,"column":50}},"3":{"start":{"line":27,"column":39},"end":{"line":27,"column":49}},"4":{"start":{"line":29,"column":50},"end":{"line":29,"column":61}},"5":{"start":{"line":30,"column":40},"end":{"line":30,"column":73}},"6":{"start":{"line":31,"column":40},"end":{"line":31,"column":52}},"7":{"start":{"line":32,"column":40},"end":{"line":32,"column":51}},"8":{"start":{"line":33,"column":42},"end":{"line":33,"column":57}},"9":{"start":{"line":35,"column":22},"end":{"line":35,"column":53}},"10":{"start":{"line":36,"column":21},"end":{"line":36,"column":66}},"11":{"start":{"line":37,"column":19},"end":{"line":37,"column":64}},"12":{"start":{"line":39,"column":25},"end":{"line":83,"column":3}},"13":{"start":{"line":40,"column":4},"end":{"line":40,"column":29}},"14":{"start":{"line":40,"column":22},"end":{"line":40,"column":29}},"15":{"start":{"line":43,"column":22},"end":{"line":43,"column":26}},"16":{"start":{"line":45,"column":4},"end":{"line":67,"column":5}},"17":{"start":{"line":46,"column":6},"end":{"line":46,"column":27}},"18":{"start":{"line":49,"column":6},"end":{"line":51,"column":7}},"19":{"start":{"line":50,"column":8},"end":{"line":50,"column":66}},"20":{"start":{"line":54,"column":6},"end":{"line":54,"column":25}},"21":{"start":{"line":56,"column":9},"end":{"line":67,"column":5}},"22":{"start":{"line":57,"column":6},"end":{"line":57,"column":27}},"23":{"start":{"line":60,"column":6},"end":{"line":62,"column":7}},"24":{"start":{"line":61,"column":8},"end":{"line":61,"column":66}},"25":{"start":{"line":65,"column":31},"end":{"line":65,"column":70}},"26":{"start":{"line":66,"column":6},"end":{"line":66,"column":39}},"27":{"start":{"line":70,"column":4},"end":{"line":73,"column":8}},"28":{"start":{"line":70,"column":28},"end":{"line":73,"column":5}},"29":{"start":{"line":75,"column":4},"end":{"line":82,"column":5}},"30":{"start":{"line":77,"column":6},"end":{"line":77,"column":28}},"31":{"start":{"line":78,"column":6},"end":{"line":78,"column":19}},"32":{"start":{"line":81,"column":6},"end":{"line":81,"column":54}},"33":{"start":{"line":81,"column":39},"end":{"line":81,"column":52}},"34":{"start":{"line":85,"column":28},"end":{"line":108,"column":3}},"35":{"start":{"line":86,"column":4},"end":{"line":86,"column":34}},"36":{"start":{"line":86,"column":22},"end":{"line":86,"column":34}},"37":{"start":{"line":88,"column":4},"end":{"line":107,"column":6}},"38":{"start":{"line":110,"column":31},"end":{"line":169,"column":3}},"39":{"start":{"line":111,"column":4},"end":{"line":111,"column":34}},"40":{"start":{"line":111,"column":22},"end":{"line":111,"column":34}},"41":{"start":{"line":113,"column":4},"end":{"line":168,"column":5}},"42":{"start":{"line":116,"column":8},"end":{"line":116,"column":20}},"43":{"start":{"line":119,"column":8},"end":{"line":137,"column":10}},"44":{"start":{"line":140,"column":8},"end":{"line":163,"column":9}},"45":{"start":{"line":141,"column":10},"end":{"line":162,"column":12}},"46":{"start":{"line":164,"column":8},"end":{"line":164,"column":20}},"47":{"start":{"line":167,"column":8},"end":{"line":167,"column":20}},"48":{"start":{"line":171,"column":31},"end":{"line":186,"column":3}},"49":{"start":{"line":172,"column":4},"end":{"line":172,"column":34}},"50":{"start":{"line":172,"column":22},"end":{"line":172,"column":34}},"51":{"start":{"line":174,"column":4},"end":{"line":185,"column":5}},"52":{"start":{"line":176,"column":8},"end":{"line":176,"column":75}},"53":{"start":{"line":179,"column":8},"end":{"line":179,"column":21}},"54":{"start":{"line":182,"column":8},"end":{"line":182,"column":21}},"55":{"start":{"line":184,"column":8},"end":{"line":184,"column":21}},"56":{"start":{"line":188,"column":2},"end":{"line":227,"column":4}},"57":{"start":{"line":230,"column":15},"end":{"line":303,"column":2}}},"fnMap":{"0":{"name":"(anonymous_0)","decl":{"start":{"line":19,"column":54},"end":{"line":19,"column":55}},"loc":{"start":{"line":25,"column":6},"end":{"line":228,"column":1}},"line":25},"1":{"name":"(anonymous_1)","decl":{"start":{"line":27,"column":28},"end":{"line":27,"column":29}},"loc":{"start":{"line":27,"column":39},"end":{"line":27,"column":49}},"line":27},"2":{"name":"(anonymous_2)","decl":{"start":{"line":39,"column":25},"end":{"line":39,"column":26}},"loc":{"start":{"line":39,"column":37},"end":{"line":83,"column":3}},"line":39},"3":{"name":"(anonymous_3)","decl":{"start":{"line":70,"column":19},"end":{"line":70,"column":20}},"loc":{"start":{"line":70,"column":28},"end":{"line":73,"column":5}},"line":70},"4":{"name":"(anonymous_4)","decl":{"start":{"line":81,"column":26},"end":{"line":81,"column":27}},"loc":{"start":{"line":81,"column":39},"end":{"line":81,"column":52}},"line":81},"5":{"name":"(anonymous_5)","decl":{"start":{"line":85,"column":28},"end":{"line":85,"column":29}},"loc":{"start":{"line":85,"column":34},"end":{"line":108,"column":3}},"line":85},"6":{"name":"(anonymous_6)","decl":{"start":{"line":110,"column":31},"end":{"line":110,"column":32}},"loc":{"start":{"line":110,"column":37},"end":{"line":169,"column":3}},"line":110},"7":{"name":"(anonymous_7)","decl":{"start":{"line":171,"column":31},"end":{"line":171,"column":32}},"loc":{"start":{"line":171,"column":37},"end":{"line":186,"column":3}},"line":171}},"branchMap":{"0":{"loc":{"start":{"line":22,"column":2},"end":{"line":22,"column":20}},"type":"default-arg","locations":[{"start":{"line":22,"column":18},"end":{"line":22,"column":20}}],"line":22},"1":{"loc":{"start":{"line":40,"column":4},"end":{"line":40,"column":29}},"type":"if","locations":[{"start":{"line":40,"column":4},"end":{"line":40,"column":29}},{"start":{},"end":{}}],"line":40},"2":{"loc":{"start":{"line":45,"column":4},"end":{"line":67,"column":5}},"type":"if","locations":[{"start":{"line":45,"column":4},"end":{"line":67,"column":5}},{"start":{"line":56,"column":9},"end":{"line":67,"column":5}}],"line":45},"3":{"loc":{"start":{"line":49,"column":6},"end":{"line":51,"column":7}},"type":"if","locations":[{"start":{"line":49,"column":6},"end":{"line":51,"column":7}},{"start":{},"end":{}}],"line":49},"4":{"loc":{"start":{"line":56,"column":9},"end":{"line":67,"column":5}},"type":"if","locations":[{"start":{"line":56,"column":9},"end":{"line":67,"column":5}},{"start":{},"end":{}}],"line":56},"5":{"loc":{"start":{"line":56,"column":13},"end":{"line":56,"column":94}},"type":"binary-expr","locations":[{"start":{"line":56,"column":13},"end":{"line":56,"column":46}},{"start":{"line":56,"column":50},"end":{"line":56,"column":94}}],"line":56},"6":{"loc":{"start":{"line":60,"column":6},"end":{"line":62,"column":7}},"type":"if","locations":[{"start":{"line":60,"column":6},"end":{"line":62,"column":7}},{"start":{},"end":{}}],"line":60},"7":{"loc":{"start":{"line":65,"column":31},"end":{"line":65,"column":70}},"type":"binary-expr","locations":[{"start":{"line":65,"column":31},"end":{"line":65,"column":65}},{"start":{"line":65,"column":69},"end":{"line":65,"column":70}}],"line":65},"8":{"loc":{"start":{"line":75,"column":4},"end":{"line":82,"column":5}},"type":"if","locations":[{"start":{"line":75,"column":4},"end":{"line":82,"column":5}},{"start":{"line":79,"column":11},"end":{"line":82,"column":5}}],"line":75},"9":{"loc":{"start":{"line":86,"column":4},"end":{"line":86,"column":34}},"type":"if","locations":[{"start":{"line":86,"column":4},"end":{"line":86,"column":34}},{"start":{},"end":{}}],"line":86},"10":{"loc":{"start":{"line":111,"column":4},"end":{"line":111,"column":34}},"type":"if","locations":[{"start":{"line":111,"column":4},"end":{"line":111,"column":34}},{"start":{},"end":{}}],"line":111},"11":{"loc":{"start":{"line":113,"column":4},"end":{"line":168,"column":5}},"type":"switch","locations":[{"start":{"line":114,"column":6},"end":{"line":116,"column":20}},{"start":{"line":118,"column":6},"end":{"line":137,"column":10}},{"start":{"line":139,"column":6},"end":{"line":164,"column":20}},{"start":{"line":166,"column":6},"end":{"line":167,"column":20}}],"line":113},"12":{"loc":{"start":{"line":127,"column":27},"end":{"line":127,"column":85}},"type":"binary-expr","locations":[{"start":{"line":127,"column":27},"end":{"line":127,"column":59}},{"start":{"line":127,"column":63},"end":{"line":127,"column":85}}],"line":127},"13":{"loc":{"start":{"line":130,"column":13},"end":{"line":135,"column":13}},"type":"binary-expr","locations":[{"start":{"line":130,"column":13},"end":{"line":130,"column":44}},{"start":{"line":131,"column":14},"end":{"line":134,"column":21}}],"line":130},"14":{"loc":{"start":{"line":140,"column":8},"end":{"line":163,"column":9}},"type":"if","locations":[{"start":{"line":140,"column":8},"end":{"line":163,"column":9}},{"start":{},"end":{}}],"line":140},"15":{"loc":{"start":{"line":148,"column":30},"end":{"line":148,"column":64}},"type":"binary-expr","locations":[{"start":{"line":148,"column":30},"end":{"line":148,"column":59}},{"start":{"line":148,"column":63},"end":{"line":148,"column":64}}],"line":148},"16":{"loc":{"start":{"line":149,"column":30},"end":{"line":149,"column":65}},"type":"binary-expr","locations":[{"start":{"line":149,"column":30},"end":{"line":149,"column":59}},{"start":{"line":149,"column":63},"end":{"line":149,"column":65}}],"line":149},"17":{"loc":{"start":{"line":150,"column":22},"end":{"line":150,"column":51}},"type":"binary-expr","locations":[{"start":{"line":150,"column":22},"end":{"line":150,"column":46}},{"start":{"line":150,"column":50},"end":{"line":150,"column":51}}],"line":150},"18":{"loc":{"start":{"line":172,"column":4},"end":{"line":172,"column":34}},"type":"if","locations":[{"start":{"line":172,"column":4},"end":{"line":172,"column":34}},{"start":{},"end":{}}],"line":172},"19":{"loc":{"start":{"line":174,"column":4},"end":{"line":185,"column":5}},"type":"switch","locations":[{"start":{"line":175,"column":6},"end":{"line":176,"column":75}},{"start":{"line":177,"column":6},"end":{"line":179,"column":21}},{"start":{"line":180,"column":6},"end":{"line":182,"column":21}},{"start":{"line":183,"column":6},"end":{"line":184,"column":21}}],"line":174},"20":{"loc":{"start":{"line":176,"column":37},"end":{"line":176,"column":73}},"type":"binary-expr","locations":[{"start":{"line":176,"column":37},"end":{"line":176,"column":68}},{"start":{"line":176,"column":72},"end":{"line":176,"column":73}}],"line":176},"21":{"loc":{"start":{"line":193,"column":9},"end":{"line":195,"column":9}},"type":"binary-expr","locations":[{"start":{"line":193,"column":9},"end":{"line":193,"column":27}},{"start":{"line":194,"column":10},"end":{"line":194,"column":68}}],"line":193},"22":{"loc":{"start":{"line":218,"column":24},"end":{"line":218,"column":62}},"type":"binary-expr","locations":[{"start":{"line":218,"column":24},"end":{"line":218,"column":46}},{"start":{"line":218,"column":50},"end":{"line":218,"column":62}}],"line":218},"23":{"loc":{"start":{"line":221,"column":15},"end":{"line":221,"column":52}},"type":"cond-expr","locations":[{"start":{"line":221,"column":28},"end":{"line":221,"column":41}},{"start":{"line":221,"column":44},"end":{"line":221,"column":52}}],"line":221}},"s":{"0":0,"1":0,"2":0,"3":0,"4":0,"5":0,"6":0,"7":0,"8":0,"9":0,"10":0,"11":0,"12":0,"13":0,"14":0,"15":0,"16":0,"17":0,"18":0,"19":0,"20":0,"21":0,"22":0,"23":0,"24":0,"25":0,"26":0,"27":0,"28":0,"29":0,"30":0,"31":0,"32":0,"33":0,"34":0,"35":0,"36":0,"37":0,"38":0,"39":0,"40":0,"41":0,"42":0,"43":0,"44":0,"45":0,"46":0,"47":0,"48":0,"49":0,"50":0,"51":0,"52":0,"53":0,"54":0,"55":0,"56":0,"57":0},"f":{"0":0,"1":0,"2":0,"3":0,"4":0,"5":0,"6":0,"7":0},"b":{"0":[0],"1":[0,0],"2":[0,0],"3":[0,0],"4":[0,0],"5":[0,0],"6":[0,0],"7":[0,0],"8":[0,0],"9":[0,0],"10":[0,0],"11":[0,0,0,0],"12":[0,0],"13":[0,0],"14":[0,0],"15":[0,0],"16":[0,0],"17":[0,0],"18":[0,0],"19":[0,0,0,0],"20":[0,0],"21":[0,0],"22":[0,0],"23":[0,0]}}
,"/Users/saschakohler/Documents/01_Development/Active_Projects/klare-methode-app/src/components/modules/ModuleQuiz.tsx": {"path":"/Users/saschakohler/Documents/01_Development/Active_Projects/klare-methode-app/src/components/modules/ModuleQuiz.tsx","statementMap":{"0":{"start":{"line":17,"column":46},"end":{"line":300,"column":1}},"1":{"start":{"line":24,"column":16},"end":{"line":24,"column":26}},"2":{"start":{"line":25,"column":15},"end":{"line":25,"column":50}},"3":{"start":{"line":25,"column":39},"end":{"line":25,"column":49}},"4":{"start":{"line":27,"column":58},"end":{"line":27,"column":69}},"5":{"start":{"line":28,"column":40},"end":{"line":28,"column":73}},"6":{"start":{"line":29,"column":46},"end":{"line":29,"column":77}},"7":{"start":{"line":30,"column":38},"end":{"line":30,"column":53}},"8":{"start":{"line":31,"column":36},"end":{"line":31,"column":51}},"9":{"start":{"line":32,"column":42},"end":{"line":32,"column":57}},"10":{"start":{"line":33,"column":28},"end":{"line":33,"column":39}},"11":{"start":{"line":34,"column":48},"end":{"line":34,"column":63}},"12":{"start":{"line":36,"column":26},"end":{"line":36,"column":61}},"13":{"start":{"line":37,"column":25},"end":{"line":37,"column":74}},"14":{"start":{"line":38,"column":19},"end":{"line":38,"column":68}},"15":{"start":{"line":40,"column":2},"end":{"line":45,"column":29}},"16":{"start":{"line":42,"column":4},"end":{"line":42,"column":26}},"17":{"start":{"line":43,"column":4},"end":{"line":43,"column":25}},"18":{"start":{"line":44,"column":4},"end":{"line":44,"column":24}},"19":{"start":{"line":47,"column":23},"end":{"line":90,"column":3}},"20":{"start":{"line":48,"column":4},"end":{"line":48,"column":33}},"21":{"start":{"line":48,"column":26},"end":{"line":48,"column":33}},"22":{"start":{"line":50,"column":18},"end":{"line":50,"column":23}},"23":{"start":{"line":53,"column":4},"end":{"line":67,"column":5}},"24":{"start":{"line":54,"column":6},"end":{"line":54,"column":66}},"25":{"start":{"line":55,"column":11},"end":{"line":67,"column":5}},"26":{"start":{"line":57,"column":28},"end":{"line":57,"column":93}},"27":{"start":{"line":58,"column":27},"end":{"line":60,"column":42}},"28":{"start":{"line":63,"column":6},"end":{"line":64,"column":65}},"29":{"start":{"line":64,"column":36},"end":{"line":64,"column":63}},"30":{"start":{"line":65,"column":11},"end":{"line":67,"column":5}},"31":{"start":{"line":66,"column":6},"end":{"line":66,"column":66}},"32":{"start":{"line":70,"column":4},"end":{"line":72,"column":5}},"33":{"start":{"line":71,"column":6},"end":{"line":71,"column":43}},"34":{"start":{"line":71,"column":28},"end":{"line":71,"column":41}},"35":{"start":{"line":74,"column":4},"end":{"line":74,"column":26}},"36":{"start":{"line":75,"column":4},"end":{"line":75,"column":24}},"37":{"start":{"line":78,"column":4},"end":{"line":84,"column":8}},"38":{"start":{"line":78,"column":28},"end":{"line":84,"column":5}},"39":{"start":{"line":87,"column":4},"end":{"line":89,"column":5}},"40":{"start":{"line":88,"column":6},"end":{"line":88,"column":75}},"41":{"start":{"line":92,"column":29},"end":{"line":102,"column":3}},"42":{"start":{"line":93,"column":4},"end":{"line":101,"column":5}},"43":{"start":{"line":95,"column":6},"end":{"line":95,"column":31}},"44":{"start":{"line":96,"column":6},"end":{"line":96,"column":28}},"45":{"start":{"line":97,"column":6},"end":{"line":97,"column":19}},"46":{"start":{"line":100,"column":6},"end":{"line":100,"column":58}},"47":{"start":{"line":100,"column":43},"end":{"line":100,"column":56}},"48":{"start":{"line":104,"column":29},"end":{"line":106,"column":3}},"49":{"start":{"line":105,"column":4},"end":{"line":105,"column":29}},"50":{"start":{"line":108,"column":31},"end":{"line":120,"column":3}},"51":{"start":{"line":109,"column":4},"end":{"line":119,"column":7}},"52":{"start":{"line":110,"column":24},"end":{"line":110,"column":71}},"53":{"start":{"line":112,"column":6},"end":{"line":118,"column":7}},"54":{"start":{"line":114,"column":8},"end":{"line":114,"column":56}},"55":{"start":{"line":114,"column":40},"end":{"line":114,"column":54}},"56":{"start":{"line":117,"column":8},"end":{"line":117,"column":37}},"57":{"start":{"line":122,"column":32},"end":{"line":144,"column":3}},"58":{"start":{"line":123,"column":4},"end":{"line":123,"column":38}},"59":{"start":{"line":123,"column":26},"end":{"line":123,"column":38}},"60":{"start":{"line":125,"column":4},"end":{"line":143,"column":6}},"61":{"start":{"line":146,"column":30},"end":{"line":218,"column":3}},"62":{"start":{"line":147,"column":4},"end":{"line":147,"column":66}},"63":{"start":{"line":147,"column":54},"end":{"line":147,"column":66}},"64":{"start":{"line":149,"column":20},"end":{"line":151,"column":10}},"65":{"start":{"line":153,"column":4},"end":{"line":215,"column":5}},"66":{"start":{"line":154,"column":6},"end":{"line":181,"column":8}},"67":{"start":{"line":160,"column":12},"end":{"line":178,"column":19}},"68":{"start":{"line":169,"column":29},"end":{"line":169,"column":80}},"69":{"start":{"line":182,"column":11},"end":{"line":215,"column":5}},"70":{"start":{"line":183,"column":6},"end":{"line":214,"column":8}},"71":{"start":{"line":186,"column":31},"end":{"line":188,"column":51}},"72":{"start":{"line":190,"column":12},"end":{"line":211,"column":14}},"73":{"start":{"line":200,"column":31},"end":{"line":200,"column":84}},"74":{"start":{"line":206,"column":35},"end":{"line":206,"column":88}},"75":{"start":{"line":217,"column":4},"end":{"line":217,"column":16}},"76":{"start":{"line":220,"column":28},"end":{"line":243,"column":3}},"77":{"start":{"line":221,"column":4},"end":{"line":221,"column":38}},"78":{"start":{"line":221,"column":26},"end":{"line":221,"column":38}},"79":{"start":{"line":223,"column":23},"end":{"line":223,"column":59}},"80":{"start":{"line":224,"column":24},"end":{"line":224,"column":26}},"81":{"start":{"line":226,"column":4},"end":{"line":232,"column":5}},"82":{"start":{"line":227,"column":6},"end":{"line":227,"column":78}},"83":{"start":{"line":228,"column":11},"end":{"line":232,"column":5}},"84":{"start":{"line":229,"column":6},"end":{"line":229,"column":79}},"85":{"start":{"line":231,"column":6},"end":{"line":231,"column":107}},"86":{"start":{"line":234,"column":4},"end":{"line":242,"column":6}},"87":{"start":{"line":245,"column":2},"end":{"line":299,"column":4}},"88":{"start":{"line":302,"column":15},"end":{"line":391,"column":2}}},"fnMap":{"0":{"name":"(anonymous_0)","decl":{"start":{"line":17,"column":46},"end":{"line":17,"column":47}},"loc":{"start":{"line":23,"column":6},"end":{"line":300,"column":1}},"line":23},"1":{"name":"(anonymous_1)","decl":{"start":{"line":25,"column":28},"end":{"line":25,"column":29}},"loc":{"start":{"line":25,"column":39},"end":{"line":25,"column":49}},"line":25},"2":{"name":"(anonymous_2)","decl":{"start":{"line":40,"column":12},"end":{"line":40,"column":13}},"loc":{"start":{"line":40,"column":18},"end":{"line":45,"column":3}},"line":40},"3":{"name":"(anonymous_3)","decl":{"start":{"line":47,"column":23},"end":{"line":47,"column":24}},"loc":{"start":{"line":47,"column":29},"end":{"line":90,"column":3}},"line":47},"4":{"name":"(anonymous_4)","decl":{"start":{"line":64,"column":28},"end":{"line":64,"column":29}},"loc":{"start":{"line":64,"column":36},"end":{"line":64,"column":63}},"line":64},"5":{"name":"(anonymous_5)","decl":{"start":{"line":71,"column":15},"end":{"line":71,"column":16}},"loc":{"start":{"line":71,"column":28},"end":{"line":71,"column":41}},"line":71},"6":{"name":"(anonymous_6)","decl":{"start":{"line":78,"column":19},"end":{"line":78,"column":20}},"loc":{"start":{"line":78,"column":28},"end":{"line":84,"column":5}},"line":78},"7":{"name":"(anonymous_7)","decl":{"start":{"line":92,"column":29},"end":{"line":92,"column":30}},"loc":{"start":{"line":92,"column":35},"end":{"line":102,"column":3}},"line":92},"8":{"name":"(anonymous_8)","decl":{"start":{"line":100,"column":30},"end":{"line":100,"column":31}},"loc":{"start":{"line":100,"column":43},"end":{"line":100,"column":56}},"line":100},"9":{"name":"(anonymous_9)","decl":{"start":{"line":104,"column":29},"end":{"line":104,"column":30}},"loc":{"start":{"line":104,"column":48},"end":{"line":106,"column":3}},"line":104},"10":{"name":"(anonymous_10)","decl":{"start":{"line":108,"column":31},"end":{"line":108,"column":32}},"loc":{"start":{"line":108,"column":50},"end":{"line":120,"column":3}},"line":108},"11":{"name":"(anonymous_11)","decl":{"start":{"line":109,"column":22},"end":{"line":109,"column":23}},"loc":{"start":{"line":109,"column":30},"end":{"line":119,"column":5}},"line":109},"12":{"name":"(anonymous_12)","decl":{"start":{"line":114,"column":32},"end":{"line":114,"column":33}},"loc":{"start":{"line":114,"column":40},"end":{"line":114,"column":54}},"line":114},"13":{"name":"(anonymous_13)","decl":{"start":{"line":122,"column":32},"end":{"line":122,"column":33}},"loc":{"start":{"line":122,"column":38},"end":{"line":144,"column":3}},"line":122},"14":{"name":"(anonymous_14)","decl":{"start":{"line":146,"column":30},"end":{"line":146,"column":31}},"loc":{"start":{"line":146,"column":36},"end":{"line":218,"column":3}},"line":146},"15":{"name":"(anonymous_15)","decl":{"start":{"line":159,"column":23},"end":{"line":159,"column":24}},"loc":{"start":{"line":160,"column":12},"end":{"line":178,"column":19}},"line":160},"16":{"name":"(anonymous_16)","decl":{"start":{"line":169,"column":23},"end":{"line":169,"column":24}},"loc":{"start":{"line":169,"column":29},"end":{"line":169,"column":80}},"line":169},"17":{"name":"(anonymous_17)","decl":{"start":{"line":185,"column":23},"end":{"line":185,"column":24}},"loc":{"start":{"line":185,"column":42},"end":{"line":212,"column":11}},"line":185},"18":{"name":"(anonymous_18)","decl":{"start":{"line":200,"column":25},"end":{"line":200,"column":26}},"loc":{"start":{"line":200,"column":31},"end":{"line":200,"column":84}},"line":200},"19":{"name":"(anonymous_19)","decl":{"start":{"line":206,"column":29},"end":{"line":206,"column":30}},"loc":{"start":{"line":206,"column":35},"end":{"line":206,"column":88}},"line":206},"20":{"name":"(anonymous_20)","decl":{"start":{"line":220,"column":28},"end":{"line":220,"column":29}},"loc":{"start":{"line":220,"column":34},"end":{"line":243,"column":3}},"line":220}},"branchMap":{"0":{"loc":{"start":{"line":20,"column":2},"end":{"line":20,"column":20}},"type":"default-arg","locations":[{"start":{"line":20,"column":18},"end":{"line":20,"column":20}}],"line":20},"1":{"loc":{"start":{"line":48,"column":4},"end":{"line":48,"column":33}},"type":"if","locations":[{"start":{"line":48,"column":4},"end":{"line":48,"column":33}},{"start":{},"end":{}}],"line":48},"2":{"loc":{"start":{"line":53,"column":4},"end":{"line":67,"column":5}},"type":"if","locations":[{"start":{"line":53,"column":4},"end":{"line":67,"column":5}},{"start":{"line":55,"column":11},"end":{"line":67,"column":5}}],"line":53},"3":{"loc":{"start":{"line":55,"column":11},"end":{"line":67,"column":5}},"type":"if","locations":[{"start":{"line":55,"column":11},"end":{"line":67,"column":5}},{"start":{"line":65,"column":11},"end":{"line":67,"column":5}}],"line":55},"4":{"loc":{"start":{"line":57,"column":28},"end":{"line":57,"column":93}},"type":"cond-expr","locations":[{"start":{"line":57,"column":60},"end":{"line":57,"column":74}},{"start":{"line":57,"column":77},"end":{"line":57,"column":93}}],"line":57},"5":{"loc":{"start":{"line":58,"column":27},"end":{"line":60,"column":42}},"type":"cond-expr","locations":[{"start":{"line":59,"column":10},"end":{"line":59,"column":40}},{"start":{"line":60,"column":10},"end":{"line":60,"column":42}}],"line":58},"6":{"loc":{"start":{"line":63,"column":16},"end":{"line":64,"column":64}},"type":"binary-expr","locations":[{"start":{"line":63,"column":16},"end":{"line":63,"column":60}},{"start":{"line":64,"column":8},"end":{"line":64,"column":64}}],"line":63},"7":{"loc":{"start":{"line":65,"column":11},"end":{"line":67,"column":5}},"type":"if","locations":[{"start":{"line":65,"column":11},"end":{"line":67,"column":5}},{"start":{},"end":{}}],"line":65},"8":{"loc":{"start":{"line":70,"column":4},"end":{"line":72,"column":5}},"type":"if","locations":[{"start":{"line":70,"column":4},"end":{"line":72,"column":5}},{"start":{},"end":{}}],"line":70},"9":{"loc":{"start":{"line":87,"column":4},"end":{"line":89,"column":5}},"type":"if","locations":[{"start":{"line":87,"column":4},"end":{"line":89,"column":5}},{"start":{},"end":{}}],"line":87},"10":{"loc":{"start":{"line":93,"column":4},"end":{"line":101,"column":5}},"type":"if","locations":[{"start":{"line":93,"column":4},"end":{"line":101,"column":5}},{"start":{"line":98,"column":11},"end":{"line":101,"column":5}}],"line":93},"11":{"loc":{"start":{"line":110,"column":24},"end":{"line":110,"column":71}},"type":"cond-expr","locations":[{"start":{"line":110,"column":46},"end":{"line":110,"column":50}},{"start":{"line":110,"column":53},"end":{"line":110,"column":71}}],"line":110},"12":{"loc":{"start":{"line":110,"column":53},"end":{"line":110,"column":71}},"type":"cond-expr","locations":[{"start":{"line":110,"column":60},"end":{"line":110,"column":66}},{"start":{"line":110,"column":69},"end":{"line":110,"column":71}}],"line":110},"13":{"loc":{"start":{"line":112,"column":6},"end":{"line":118,"column":7}},"type":"if","locations":[{"start":{"line":112,"column":6},"end":{"line":118,"column":7}},{"start":{"line":115,"column":13},"end":{"line":118,"column":7}}],"line":112},"14":{"loc":{"start":{"line":123,"column":4},"end":{"line":123,"column":38}},"type":"if","locations":[{"start":{"line":123,"column":4},"end":{"line":123,"column":38}},{"start":{},"end":{}}],"line":123},"15":{"loc":{"start":{"line":131,"column":9},"end":{"line":141,"column":9}},"type":"binary-expr","locations":[{"start":{"line":131,"column":9},"end":{"line":131,"column":19}},{"start":{"line":132,"column":10},"end":{"line":140,"column":17}}],"line":131},"16":{"loc":{"start":{"line":135,"column":23},"end":{"line":135,"column":76}},"type":"cond-expr","locations":[{"start":{"line":135,"column":35},"end":{"line":135,"column":55}},{"start":{"line":135,"column":58},"end":{"line":135,"column":76}}],"line":135},"17":{"loc":{"start":{"line":137,"column":15},"end":{"line":137,"column":55}},"type":"cond-expr","locations":[{"start":{"line":137,"column":27},"end":{"line":137,"column":37}},{"start":{"line":137,"column":40},"end":{"line":137,"column":55}}],"line":137},"18":{"loc":{"start":{"line":147,"column":4},"end":{"line":147,"column":66}},"type":"if","locations":[{"start":{"line":147,"column":4},"end":{"line":147,"column":66}},{"start":{},"end":{}}],"line":147},"19":{"loc":{"start":{"line":147,"column":8},"end":{"line":147,"column":52}},"type":"binary-expr","locations":[{"start":{"line":147,"column":8},"end":{"line":147,"column":24}},{"start":{"line":147,"column":28},"end":{"line":147,"column":52}}],"line":147},"20":{"loc":{"start":{"line":149,"column":20},"end":{"line":151,"column":10}},"type":"cond-expr","locations":[{"start":{"line":150,"column":8},"end":{"line":150,"column":31}},{"start":{"line":151,"column":8},"end":{"line":151,"column":10}}],"line":149},"21":{"loc":{"start":{"line":153,"column":4},"end":{"line":215,"column":5}},"type":"if","locations":[{"start":{"line":153,"column":4},"end":{"line":215,"column":5}},{"start":{"line":182,"column":11},"end":{"line":215,"column":5}}],"line":153},"22":{"loc":{"start":{"line":153,"column":8},"end":{"line":153,"column":107}},"type":"binary-expr","locations":[{"start":{"line":153,"column":8},"end":{"line":153,"column":57}},{"start":{"line":153,"column":61},"end":{"line":153,"column":107}}],"line":153},"23":{"loc":{"start":{"line":164,"column":16},"end":{"line":167,"column":17}},"type":"binary-expr","locations":[{"start":{"line":164,"column":16},"end":{"line":164,"column":26}},{"start":{"line":164,"column":30},"end":{"line":164,"column":65}},{"start":{"line":164,"column":69},"end":{"line":167,"column":17}}],"line":164},"24":{"loc":{"start":{"line":165,"column":31},"end":{"line":165,"column":84}},"type":"cond-expr","locations":[{"start":{"line":165,"column":43},"end":{"line":165,"column":63}},{"start":{"line":165,"column":66},"end":{"line":165,"column":84}}],"line":165},"25":{"loc":{"start":{"line":169,"column":29},"end":{"line":169,"column":80}},"type":"binary-expr","locations":[{"start":{"line":169,"column":29},"end":{"line":169,"column":40}},{"start":{"line":169,"column":44},"end":{"line":169,"column":80}}],"line":169},"26":{"loc":{"start":{"line":182,"column":11},"end":{"line":215,"column":5}},"type":"if","locations":[{"start":{"line":182,"column":11},"end":{"line":215,"column":5}},{"start":{},"end":{}}],"line":182},"27":{"loc":{"start":{"line":186,"column":31},"end":{"line":188,"column":51}},"type":"cond-expr","locations":[{"start":{"line":187,"column":16},"end":{"line":187,"column":57}},{"start":{"line":188,"column":16},"end":{"line":188,"column":51}}],"line":186},"28":{"loc":{"start":{"line":195,"column":18},"end":{"line":198,"column":19}},"type":"binary-expr","locations":[{"start":{"line":195,"column":18},"end":{"line":195,"column":28}},{"start":{"line":195,"column":32},"end":{"line":195,"column":42}},{"start":{"line":195,"column":46},"end":{"line":198,"column":19}}],"line":195},"29":{"loc":{"start":{"line":196,"column":33},"end":{"line":196,"column":86}},"type":"cond-expr","locations":[{"start":{"line":196,"column":45},"end":{"line":196,"column":65}},{"start":{"line":196,"column":68},"end":{"line":196,"column":86}}],"line":196},"30":{"loc":{"start":{"line":200,"column":31},"end":{"line":200,"column":84}},"type":"binary-expr","locations":[{"start":{"line":200,"column":31},"end":{"line":200,"column":42}},{"start":{"line":200,"column":46},"end":{"line":200,"column":84}}],"line":200},"31":{"loc":{"start":{"line":204,"column":28},"end":{"line":204,"column":64}},"type":"cond-expr","locations":[{"start":{"line":204,"column":41},"end":{"line":204,"column":50}},{"start":{"line":204,"column":53},"end":{"line":204,"column":64}}],"line":204},"32":{"loc":{"start":{"line":206,"column":35},"end":{"line":206,"column":88}},"type":"binary-expr","locations":[{"start":{"line":206,"column":35},"end":{"line":206,"column":46}},{"start":{"line":206,"column":50},"end":{"line":206,"column":88}}],"line":206},"33":{"loc":{"start":{"line":221,"column":4},"end":{"line":221,"column":38}},"type":"if","locations":[{"start":{"line":221,"column":4},"end":{"line":221,"column":38}},{"start":{},"end":{}}],"line":221},"34":{"loc":{"start":{"line":226,"column":4},"end":{"line":232,"column":5}},"type":"if","locations":[{"start":{"line":226,"column":4},"end":{"line":232,"column":5}},{"start":{"line":228,"column":11},"end":{"line":232,"column":5}}],"line":226},"35":{"loc":{"start":{"line":228,"column":11},"end":{"line":232,"column":5}},"type":"if","locations":[{"start":{"line":228,"column":11},"end":{"line":232,"column":5}},{"start":{"line":230,"column":11},"end":{"line":232,"column":5}}],"line":228},"36":{"loc":{"start":{"line":250,"column":9},"end":{"line":252,"column":9}},"type":"binary-expr","locations":[{"start":{"line":250,"column":9},"end":{"line":250,"column":27}},{"start":{"line":251,"column":10},"end":{"line":251,"column":68}}],"line":250},"37":{"loc":{"start":{"line":254,"column":9},"end":{"line":294,"column":9}},"type":"binary-expr","locations":[{"start":{"line":254,"column":9},"end":{"line":254,"column":25}},{"start":{"line":255,"column":10},"end":{"line":293,"column":13}}],"line":254},"38":{"loc":{"start":{"line":274,"column":17},"end":{"line":290,"column":17}},"type":"cond-expr","locations":[{"start":{"line":275,"column":18},"end":{"line":281,"column":27}},{"start":{"line":283,"column":18},"end":{"line":289,"column":27}}],"line":274},"39":{"loc":{"start":{"line":278,"column":30},"end":{"line":278,"column":59}},"type":"binary-expr","locations":[{"start":{"line":278,"column":30},"end":{"line":278,"column":45}},{"start":{"line":278,"column":49},"end":{"line":278,"column":59}}],"line":278},"40":{"loc":{"start":{"line":288,"column":21},"end":{"line":288,"column":74}},"type":"cond-expr","locations":[{"start":{"line":288,"column":38},"end":{"line":288,"column":56}},{"start":{"line":288,"column":59},"end":{"line":288,"column":74}}],"line":288},"41":{"loc":{"start":{"line":296,"column":9},"end":{"line":296,"column":47}},"type":"binary-expr","locations":[{"start":{"line":296,"column":9},"end":{"line":296,"column":24}},{"start":{"line":296,"column":28},"end":{"line":296,"column":47}}],"line":296}},"s":{"0":0,"1":0,"2":0,"3":0,"4":0,"5":0,"6":0,"7":0,"8":0,"9":0,"10":0,"11":0,"12":0,"13":0,"14":0,"15":0,"16":0,"17":0,"18":0,"19":0,"20":0,"21":0,"22":0,"23":0,"24":0,"25":0,"26":0,"27":0,"28":0,"29":0,"30":0,"31":0,"32":0,"33":0,"34":0,"35":0,"36":0,"37":0,"38":0,"39":0,"40":0,"41":0,"42":0,"43":0,"44":0,"45":0,"46":0,"47":0,"48":0,"49":0,"50":0,"51":0,"52":0,"53":0,"54":0,"55":0,"56":0,"57":0,"58":0,"59":0,"60":0,"61":0,"62":0,"63":0,"64":0,"65":0,"66":0,"67":0,"68":0,"69":0,"70":0,"71":0,"72":0,"73":0,"74":0,"75":0,"76":0,"77":0,"78":0,"79":0,"80":0,"81":0,"82":0,"83":0,"84":0,"85":0,"86":0,"87":0,"88":0},"f":{"0":0,"1":0,"2":0,"3":0,"4":0,"5":0,"6":0,"7":0,"8":0,"9":0,"10":0,"11":0,"12":0,"13":0,"14":0,"15":0,"16":0,"17":0,"18":0,"19":0,"20":0},"b":{"0":[0],"1":[0,0],"2":[0,0],"3":[0,0],"4":[0,0],"5":[0,0],"6":[0,0],"7":[0,0],"8":[0,0],"9":[0,0],"10":[0,0],"11":[0,0],"12":[0,0],"13":[0,0],"14":[0,0],"15":[0,0],"16":[0,0],"17":[0,0],"18":[0,0],"19":[0,0],"20":[0,0],"21":[0,0],"22":[0,0],"23":[0,0,0],"24":[0,0],"25":[0,0],"26":[0,0],"27":[0,0],"28":[0,0,0],"29":[0,0],"30":[0,0],"31":[0,0],"32":[0,0],"33":[0,0],"34":[0,0],"35":[0,0],"36":[0,0],"37":[0,0],"38":[0,0],"39":[0,0],"40":[0,0],"41":[0,0]}}
[...]
tart":{"line":736,"column":19},"end":{"line":736,"column":20}},"loc":{"start":{"line":736,"column":25},"end":{"line":736,"column":59}},"line":736},"37":{"name":"(anonymous_37)","decl":{"start":{"line":764,"column":10},"end":{"line":764,"column":11}},"loc":{"start":{"line":764,"column":43},"end":{"line":840,"column":3}},"line":764},"38":{"name":"(anonymous_38)","decl":{"start":{"line":806,"column":60},"end":{"line":806,"column":61}},"loc":{"start":{"line":806,"column":71},"end":{"line":813,"column":11}},"line":806},"39":{"name":"(anonymous_39)","decl":{"start":{"line":842,"column":11},"end":{"line":842,"column":12}},"loc":{"start":{"line":842,"column":23},"end":{"line":859,"column":3}},"line":842},"40":{"name":"(anonymous_40)","decl":{"start":{"line":861,"column":18},"end":{"line":861,"column":19}},"loc":{"start":{"line":861,"column":30},"end":{"line":957,"column":3}},"line":861},"41":{"name":"(anonymous_41)","decl":{"start":{"line":937,"column":30},"end":{"line":937,"column":31}},"loc":{"start":{"line":937,"column":37},"end":{"line":937,"column":48}},"line":937},"42":{"name":"(anonymous_42)","decl":{"start":{"line":942,"column":8},"end":{"line":942,"column":9}},"loc":{"start":{"line":942,"column":22},"end":{"line":942,"column":59}},"line":942},"43":{"name":"(anonymous_43)","decl":{"start":{"line":946,"column":47},"end":{"line":946,"column":48}},"loc":{"start":{"line":946,"column":62},"end":{"line":950,"column":9}},"line":946}},"branchMap":{"0":{"loc":{"start":{"line":161,"column":9},"end":{"line":161,"column":28}},"type":"binary-expr","locations":[{"start":{"line":161,"column":9},"end":{"line":161,"column":21}},{"start":{"line":161,"column":25},"end":{"line":161,"column":28}}],"line":161},"1":{"loc":{"start":{"line":195,"column":4},"end":{"line":195,"column":22}},"type":"if","locations":[{"start":{"line":195,"column":4},"end":{"line":195,"column":22}},{"start":{},"end":{}}],"line":195},"2":{"loc":{"start":{"line":206,"column":6},"end":{"line":212,"column":7}},"type":"if","locations":[{"start":{"line":206,"column":6},"end":{"line":212,"column":7}},{"start":{},"end":{}}],"line":206},"3":{"loc":{"start":{"line":223,"column":8},"end":{"line":223,"column":74}},"type":"cond-expr","locations":[{"start":{"line":223,"column":29},"end":{"line":223,"column":67}},{"start":{"line":223,"column":70},"end":{"line":223,"column":74}}],"line":223},"4":{"loc":{"start":{"line":235,"column":6},"end":{"line":268,"column":7}},"type":"if","locations":[{"start":{"line":235,"column":6},"end":{"line":268,"column":7}},{"start":{},"end":{}}],"line":235},"5":{"loc":{"start":{"line":235,"column":10},"end":{"line":235,"column":26}},"type":"binary-expr","locations":[{"start":{"line":235,"column":10},"end":{"line":235,"column":18}},{"start":{"line":235,"column":22},"end":{"line":235,"column":26}}],"line":235},"6":{"loc":{"start":{"line":244,"column":10},"end":{"line":264,"column":11}},"type":"if","locations":[{"start":{"line":244,"column":10},"end":{"line":264,"column":11}},{"start":{"line":254,"column":17},"end":{"line":264,"column":11}}],"line":244},"7":{"loc":{"start":{"line":244,"column":14},"end":{"line":244,"column":37}},"type":"binary-expr","locations":[{"start":{"line":244,"column":14},"end":{"line":244,"column":18}},{"start":{"line":244,"column":22},"end":{"line":244,"column":37}}],"line":244},"8":{"loc":{"start":{"line":279,"column":4},"end":{"line":281,"column":5}},"type":"if","locations":[{"start":{"line":279,"column":4},"end":{"line":281,"column":5}},{"start":{},"end":{}}],"line":279},"9":{"loc":{"start":{"line":291,"column":12},"end":{"line":296,"column":14}},"type":"cond-expr","locations":[{"start":{"line":292,"column":10},"end":{"line":295,"column":11}},{"start":{"line":296,"column":10},"end":{"line":296,"column":14}}],"line":291},"10":{"loc":{"start":{"line":307,"column":6},"end":{"line":309,"column":7}},"type":"if","locations":[{"start":{"line":307,"column":6},"end":{"line":309,"column":7}},{"start":{},"end":{}}],"line":307},"11":{"loc":{"start":{"line":312,"column":6},"end":{"line":329,"column":7}},"type":"if","locations":[{"start":{"line":312,"column":6},"end":{"line":329,"column":7}},{"start":{},"end":{}}],"line":312},"12":{"loc":{"start":{"line":312,"column":10},"end":{"line":312,"column":26}},"type":"binary-expr","locations":[{"start":{"line":312,"column":10},"end":{"line":312,"column":18}},{"start":{"line":312,"column":22},"end":{"line":312,"column":26}}],"line":312},"13":{"loc":{"start":{"line":346,"column":4},"end":{"line":348,"column":5}},"type":"if","locations":[{"start":{"line":346,"column":4},"end":{"line":348,"column":5}},{"start":{},"end":{}}],"line":346},"14":{"loc":{"start":{"line":351,"column":22},"end":{"line":351,"column":54}},"type":"binary-expr","locations":[{"start":{"line":351,"column":22},"end":{"line":351,"column":48}},{"start":{"line":351,"column":52},"end":{"line":351,"column":54}}],"line":351},"15":{"loc":{"start":{"line":352,"column":4},"end":{"line":352,"column":41}},"type":"if","locations":[{"start":{"line":352,"column":4},"end":{"line":352,"column":41}},{"start":{},"end":{}}],"line":352},"16":{"loc":{"start":{"line":373,"column":4},"end":{"line":373,"column":42}},"type":"if","locations":[{"start":{"line":373,"column":4},"end":{"line":373,"column":42}},{"start":{},"end":{}}],"line":373},"17":{"loc":{"start":{"line":373,"column":8},"end":{"line":373,"column":31}},"type":"binary-expr","locations":[{"start":{"line":373,"column":8},"end":{"line":373,"column":13}},{"start":{"line":373,"column":17},"end":{"line":373,"column":31}}],"line":373},"18":{"loc":{"start":{"line":394,"column":6},"end":{"line":404,"column":7}},"type":"if","locations":[{"start":{"line":394,"column":6},"end":{"line":404,"column":7}},{"start":{},"end":{}}],"line":394},"19":{"loc":{"start":{"line":401,"column":8},"end":{"line":403,"column":9}},"type":"if","locations":[{"start":{"line":401,"column":8},"end":{"line":403,"column":9}},{"start":{},"end":{}}],"line":401},"20":{"loc":{"start":{"line":425,"column":6},"end":{"line":435,"column":7}},"type":"if","locations":[{"start":{"line":425,"column":6},"end":{"line":435,"column":7}},{"start":{},"end":{}}],"line":425},"21":{"loc":{"start":{"line":431,"column":8},"end":{"line":434,"column":9}},"type":"if","locations":[{"start":{"line":431,"column":8},"end":{"line":434,"column":9}},{"start":{},"end":{}}],"line":431},"22":{"loc":{"start":{"line":447,"column":4},"end":{"line":450,"column":5}},"type":"if","locations":[{"start":{"line":447,"column":4},"end":{"line":450,"column":5}},{"start":{},"end":{}}],"line":447},"23":{"loc":{"start":{"line":449,"column":13},"end":{"line":449,"column":41}},"type":"binary-expr","locations":[{"start":{"line":449,"column":13},"end":{"line":449,"column":33}},{"start":{"line":449,"column":37},"end":{"line":449,"column":41}}],"line":449},"24":{"loc":{"start":{"line":454,"column":4},"end":{"line":456,"column":5}},"type":"if","locations":[{"start":{"line":454,"column":4},"end":{"line":456,"column":5}},{"start":{},"end":{}}],"line":454},"25":{"loc":{"start":{"line":454,"column":8},"end":{"line":454,"column":76}},"type":"binary-expr","locations":[{"start":{"line":454,"column":8},"end":{"line":454,"column":27}},{"start":{"line":454,"column":31},"end":{"line":454,"column":76}}],"line":454},"26":{"loc":{"start":{"line":464,"column":4},"end":{"line":464,"column":45}},"type":"if","locations":[{"start":{"line":464,"column":4},"end":{"line":464,"column":45}},{"start":{},"end":{}}],"line":464},"27":{"loc":{"start":{"line":464,"column":8},"end":{"line":464,"column":31}},"type":"binary-expr","locations":[{"start":{"line":464,"column":8},"end":{"line":464,"column":13}},{"start":{"line":464,"column":17},"end":{"line":464,"column":31}}],"line":464},"28":{"loc":{"start":{"line":468,"column":6},"end":{"line":475,"column":7}},"type":"if","locations":[{"start":{"line":468,"column":6},"end":{"line":475,"column":7}},{"start":{},"end":{}}],"line":468},"29":{"loc":{"start":{"line":484,"column":4},"end":{"line":484,"column":31}},"type":"if","locations":[{"start":{"line":484,"column":4},"end":{"line":484,"column":31}},{"start":{},"end":{}}],"line":484},"30":{"loc":{"start":{"line":487,"column":4},"end":{"line":487,"column":38}},"type":"if","locations":[{"start":{"line":487,"column":4},"end":{"line":487,"column":38}},{"start":{},"end":{}}],"line":487},"31":{"loc":{"start":{"line":498,"column":4},"end":{"line":498,"column":22}},"type":"if","locations":[{"start":{"line":498,"column":4},"end":{"line":498,"column":22}},{"start":{},"end":{}}],"line":498},"32":{"loc":{"start":{"line":512,"column":4},"end":{"line":521,"column":5}},"type":"if","locations":[{"start":{"line":512,"column":4},"end":{"line":521,"column":5}},{"start":{},"end":{}}],"line":512},"33":{"loc":{"start":{"line":534,"column":6},"end":{"line":536,"column":7}},"type":"if","locations":[{"start":{"line":534,"column":6},"end":{"line":536,"column":7}},{"start":{},"end":{}}],"line":534},"34":{"loc":{"start":{"line":538,"column":6},"end":{"line":540,"column":7}},"type":"if","locations":[{"start":{"line":538,"column":6},"end":{"line":540,"column":7}},{"start":{},"end":{}}],"line":538},"35":{"loc":{"start":{"line":542,"column":6},"end":{"line":544,"column":7}},"type":"if","locations":[{"start":{"line":542,"column":6},"end":{"line":544,"column":7}},{"start":{},"end":{}}],"line":542},"36":{"loc":{"start":{"line":561,"column":8},"end":{"line":691,"column":9}},"type":"if","locations":[{"start":{"line":561,"column":8},"end":{"line":691,"column":9}},{"start":{},"end":{}}],"line":561},"37":{"loc":{"start":{"line":572,"column":12},"end":{"line":572,"column":43}},"type":"if","locations":[{"start":{"line":572,"column":12},"end":{"line":572,"column":43}},{"start":{},"end":{}}],"line":572},"38":{"loc":{"start":{"line":580,"column":12},"end":{"line":580,"column":45}},"type":"if","locations":[{"start":{"line":580,"column":12},"end":{"line":580,"column":45}},{"start":{},"end":{}}],"line":580},"39":{"loc":{"start":{"line":588,"column":12},"end":{"line":588,"column":47}},"type":"if","locations":[{"start":{"line":588,"column":12},"end":{"line":588,"column":47}},{"start":{},"end":{}}],"line":588},"40":{"loc":{"start":{"line":591,"column":12},"end":{"line":668,"column":13}},"type":"if","locations":[{"start":{"line":591,"column":12},"end":{"line":668,"column":13}},{"start":{"line":618,"column":19},"end":{"line":668,"column":13}}],"line":591},"41":{"loc":{"start":{"line":591,"column":16},"end":{"line":591,"column":57}},"type":"binary-expr","locations":[{"start":{"line":591,"column":16},"end":{"line":591,"column":29}},{"start":{"line":591,"column":33},"end":{"line":591,"column":57}}],"line":591},"42":{"loc":{"start":{"line":593,"column":39},"end":{"line":593,"column":80}},"type":"binary-expr","locations":[{"start":{"line":593,"column":39},"end":{"line":593,"column":74}},{"start":{"line":593,"column":78},"end":{"line":593,"column":80}}],"line":593},"43":{"loc":{"start":{"line":600,"column":28},"end":{"line":600,"column":50}},"type":"binary-expr","locations":[{"start":{"line":600,"column":28},"end":{"line":600,"column":45}},{"start":{"line":600,"column":49},"end":{"line":600,"column":50}}],"line":600},"44":{"loc":{"start":{"line":601,"column":26},"end":{"line":601,"column":46}},"type":"binary-expr","locations":[{"start":{"line":601,"column":26},"end":{"line":601,"column":41}},{"start":{"line":601,"column":45},"end":{"line":601,"column":46}}],"line":601},"45":{"loc":{"start":{"line":602,"column":30},"end":{"line":602,"column":78}},"type":"binary-expr","locations":[{"start":{"line":602,"column":30},"end":{"line":602,"column":50}},{"start":{"line":602,"column":54},"end":{"line":602,"column":78}}],"line":602},"46":{"loc":{"start":{"line":604,"column":28},"end":{"line":604,"column":74}},"type":"binary-expr","locations":[{"start":{"line":604,"column":28},"end":{"line":604,"column":46}},{"start":{"line":604,"column":50},"end":{"line":604,"column":74}}],"line":604},"47":{"loc":{"start":{"line":624,"column":18},"end":{"line":624,"column":76}},"type":"binary-expr","locations":[{"start":{"line":624,"column":18},"end":{"line":624,"column":62}},{"start":{"line":624,"column":66},"end":{"line":624,"column":76}}],"line":624},"48":{"loc":{"start":{"line":625,"column":23},"end":{"line":625,"column":59}},"type":"binary-expr","locations":[{"start":{"line":625,"column":23},"end":{"line":625,"column":53}},{"start":{"line":625,"column":57},"end":{"line":625,"column":59}}],"line":625},"49":{"loc":{"start":{"line":671,"column":12},"end":{"line":686,"column":13}},"type":"if","locations":[{"start":{"line":671,"column":12},"end":{"line":686,"column":13}},{"start":{},"end":{}}],"line":671},"50":{"loc":{"start":{"line":671,"column":16},"end":{"line":671,"column":49}},"type":"binary-expr","locations":[{"start":{"line":671,"column":16},"end":{"line":671,"column":25}},{"start":{"line":671,"column":29},"end":{"line":671,"column":49}}],"line":671},"51":{"loc":{"start":{"line":707,"column":6},"end":{"line":709,"column":7}},"type":"if","locations":[{"start":{"line":707,"column":6},"end":{"line":709,"column":7}},{"start":{},"end":{}}],"line":707},"52":{"loc":{"start":{"line":721,"column":6},"end":{"line":723,"column":7}},"type":"if","locations":[{"start":{"line":721,"column":6},"end":{"line":723,"column":7}},{"start":{},"end":{}}],"line":721},"53":{"loc":{"start":{"line":721,"column":10},"end":{"line":721,"column":26}},"type":"binary-expr","locations":[{"start":{"line":721,"column":10},"end":{"line":721,"column":18}},{"start":{"line":721,"column":22},"end":{"line":721,"column":26}}],"line":721},"54":{"loc":{"start":{"line":749,"column":6},"end":{"line":749,"column":29}},"type":"if","locations":[{"start":{"line":749,"column":6},"end":{"line":749,"column":29}},{"start":{},"end":{}}],"line":749},"55":{"loc":{"start":{"line":751,"column":6},"end":{"line":755,"column":7}},"type":"if","locations":[{"start":{"line":751,"column":6},"end":{"line":755,"column":7}},{"start":{},"end":{}}],"line":751},"56":{"loc":{"start":{"line":771,"column":6},"end":{"line":771,"column":29}},"type":"if","locations":[{"start":{"line":771,"column":6},"end":{"line":771,"column":29}},{"start":{},"end":{}}],"line":771},"57":{"loc":{"start":{"line":773,"column":6},"end":{"line":833,"column":7}},"type":"if","locations":[{"start":{"line":773,"column":6},"end":{"line":833,"column":7}},{"start":{},"end":{}}],"line":773},"58":{"loc":{"start":{"line":863,"column":4},"end":{"line":863,"column":35}},"type":"if","locations":[{"start":{"line":863,"column":4},"end":{"line":863,"column":35}},{"start":{},"end":{}}],"line":863},"59":{"loc":{"start":{"line":863,"column":8},"end":{"line":863,"column":26}},"type":"binary-expr","locations":[{"start":{"line":863,"column":8},"end":{"line":863,"column":13}},{"start":{"line":863,"column":17},"end":{"line":863,"column":26}}],"line":863},"60":{"loc":{"start":{"line":872,"column":6},"end":{"line":896,"column":7}},"type":"if","locations":[{"start":{"line":872,"column":6},"end":{"line":896,"column":7}},{"start":{"line":884,"column":13},"end":{"line":896,"column":7}}],"line":872},"61":{"loc":{"start":{"line":872,"column":10},"end":{"line":872,"column":51}},"type":"binary-expr","locations":[{"start":{"line":872,"column":10},"end":{"line":872,"column":23}},{"start":{"line":872,"column":27},"end":{"line":872,"column":51}}],"line":872},"62":{"loc":{"start":{"line":906,"column":8},"end":{"line":926,"column":9}},"type":"if","locations":[{"start":{"line":906,"column":8},"end":{"line":926,"column":9}},{"start":{"line":916,"column":15},"end":{"line":926,"column":9}}],"line":906},"63":{"loc":{"start":{"line":906,"column":12},"end":{"line":906,"column":35}},"type":"binary-expr","locations":[{"start":{"line":906,"column":12},"end":{"line":906,"column":16}},{"start":{"line":906,"column":20},"end":{"line":906,"column":35}}],"line":906},"64":{"loc":{"start":{"line":936,"column":32},"end":{"line":938,"column":12}},"type":"cond-expr","locations":[{"start":{"line":937,"column":10},"end":{"line":937,"column":49}},{"start":{"line":938,"column":10},"end":{"line":938,"column":12}}],"line":936},"65":{"loc":{"start":{"line":945,"column":6},"end":{"line":953,"column":7}},"type":"if","locations":[{"start":{"line":945,"column":6},"end":{"line":953,"column":7}},{"start":{},"end":{}}],"line":945}},"s":{"0":0,"1":0,"2":0,"3":0,"4":0,"5":0,"6":0,"7":0,"8":0,"9":0,"10":0,"11":0,"12":0,"13":0,"14":0,"15":0,"16":0,"17":0,"18":0,"19":0,"20":0,"21":0,"22":0,"23":0,"24":0,"25":0,"26":0,"27":0,"28":0,"29":0,"30":0,"31":0,"32":0,"33":0,"34":0,"35":0,"36":0,"37":0,"38":0,"39":0,"40":0,"41":0,"42":0,"43":0,"44":0,"45":0,"46":0,"47":0,"48":0,"49":0,"50":0,"51":0,"52":0,"53":0,"54":0,"55":0,"56":0,"57":0,"58":0,"59":0,"60":0,"61":0,"62":0,"63":0,"64":0,"65":0,"66":0,"67":0,"68":0,"69":0,"70":0,"71":0,"72":0,"73":0,"74":0,"75":0,"76":0,"77":0,"78":0,"79":0,"80":0,"81":0,"82":0,"83":0,"84":0,"85":0,"86":0,"87":0,"88":0,"89":0,"90":0,"91":0,"92":0,"93":0,"94":0,"95":0,"96":0,"97":0,"98":0,"99":0,"100":0,"101":0,"102":0,"103":0,"104":0,"105":0,"106":0,"107":0,"108":0,"109":0,"110":0,"111":0,"112":0,"113":0,"114":0,"115":0,"116":0,"117":0,"118":0,"119":0,"120":0,"121":0,"122":0,"123":0,"124":0,"125":0,"126":0,"127":0,"128":0,"129":0,"130":0,"131":0,"132":0,"133":0,"134":0,"135":0,"136":0,"137":0,"138":0,"139":0,"140":0,"141":0,"142":0,"143":0,"144":0,"145":0,"146":0,"147":0,"148":0,"149":0,"150":0,"151":0,"152":0,"153":0,"154":0,"155":0,"156":0,"157":0,"158":0,"159":0,"160":0,"161":0,"162":0,"163":0,"164":0,"165":0,"166":0,"167":0,"168":0,"169":0,"170":0,"171":0,"172":0,"173":0,"174":0,"175":0,"176":0,"177":0,"178":0,"179":0,"180":0,"181":0,"182":0,"183":0,"184":0,"185":0,"186":0,"187":0,"188":0,"189":0,"190":0,"191":0,"192":0,"193":0,"194":0,"195":0,"196":0,"197":0,"198":0,"199":0,"200":0,"201":0,"202":0,"203":0,"204":0,"205":0,"206":0,"207":0,"208":0,"209":0,"210":0,"211":0,"212":0,"213":0,"214":0,"215":0,"216":0,"217":0,"218":0,"219":0,"220":0,"221":0,"222":0,"223":0,"224":0,"225":0,"226":0,"227":0,"228":0,"229":0,"230":0,"231":0,"232":0,"233":0,"234":0,"235":0,"236":0,"237":0,"238":0,"239":0,"240":0,"241":0,"242":0,"243":0,"244":0,"245":0,"246":0,"247":0,"248":0,"249":0,"250":0,"251":0,"252":0,"253":0,"254":0,"255":0,"256":0,"257":0,"258":0,"259":0,"260":0,"261":0,"262":0,"263":0,"264":0,"265":0,"266":0,"267":0,"268":0},"f":{"0":0,"1":0,"2":0,"3":0,"4":0,"5":0,"6":0,"7":0,"8":0,"9":0,"10":0,"11":0,"12":0,"13":0,"14":0,"15":0,"16":0,"17":0,"18":0,"19":0,"20":0,"21":0,"22":0,"23":0,"24":0,"25":0,"26":0,"27":0,"28":0,"29":0,"30":0,"31":0,"32":0,"33":0,"34":0,"35":0,"36":0,"37":0,"38":0,"39":0,"40":0,"41":0,"42":0,"43":0},"b":{"0":[0,0],"1":[0,0],"2":[0,0],"3":[0,0],"4":[0,0],"5":[0,0],"6":[0,0],"7":[0,0],"8":[0,0],"9":[0,0],"10":[0,0],"11":[0,0],"12":[0,0],"13":[0,0],"14":[0,0],"15":[0,0],"16":[0,0],"17":[0,0],"18":[0,0],"19":[0,0],"20":[0,0],"21":[0,0],"22":[0,0],"23":[0,0],"24":[0,0],"25":[0,0],"26":[0,0],"27":[0,0],"28":[0,0],"29":[0,0],"30":[0,0],"31":[0,0],"32":[0,0],"33":[0,0],"34":[0,0],"35":[0,0],"36":[0,0],"37":[0,0],"38":[0,0],"39":[0,0],"40":[0,0],"41":[0,0],"42":[0,0],"43":[0,0],"44":[0,0],"45":[0,0],"46":[0,0],"47":[0,0],"48":[0,0],"49":[0,0],"50":[0,0],"51":[0,0],"52":[0,0],"53":[0,0],"54":[0,0],"55":[0,0],"56":[0,0],"57":[0,0],"58":[0,0],"59":[0,0],"60":[0,0],"61":[0,0],"62":[0,0],"63":[0,0],"64":[0,0],"65":[0,0]}}
,"/Users/saschakohler/Documents/01_Development/Active_Projects/klare-methode-app/src/types/navigation.ts": {"path":"/Users/saschakohler/Documents/01_Development/Active_Projects/klare-methode-app/src/types/navigation.ts","statementMap":{},"fnMap":{},"branchMap":{},"s":{},"f":{},"b":{}}
,"/Users/saschakohler/Documents/01_Development/Active_Projects/klare-methode-app/src/types/supabase.ts": {"path":"/Users/saschakohler/Documents/01_Development/Active_Projects/klare-methode-app/src/types/supabase.ts","statementMap":{"0":{"start":{"line":485,"column":25},"end":{"line":489,"column":10}}},"fnMap":{},"branchMap":{},"s":{"0":0},"f":{},"b":{}}
}
