TN:
SF:src/components/CalendarStrip.tsx
FN:34,(anonymous_0)
FN:56,(anonymous_1)
FN:61,(anonymous_2)
FN:70,(anonymous_3)
FN:71,(anonymous_4)
FN:80,(anonymous_5)
FN:90,(anonymous_6)
FN:132,(anonymous_7)
FNF:8
FNH:0
FNDA:0,(anonymous_0)
FNDA:0,(anonymous_1)
FNDA:0,(anonymous_2)
FNDA:0,(anonymous_3)
FNDA:0,(anonymous_4)
FNDA:0,(anonymous_5)
FNDA:0,(anonymous_6)
FNDA:0,(anonymous_7)
DA:19,0
DA:20,0
DA:34,0
DA:45,0
DA:46,0
DA:47,0
DA:50,0
DA:51,0
DA:52,0
DA:53,0
DA:55,0
DA:56,0
DA:61,0
DA:62,0
DA:63,0
DA:64,0
DA:66,0
DA:70,0
DA:71,0
DA:72,0
DA:73,0
DA:80,0
DA:81,0
DA:83,0
DA:90,0
DA:124,0
DA:132,0
LF:27
LH:0
BRDA:37,0,0,0
BRDA:38,1,0,0
BRDA:53,2,0,0
BRDA:53,2,1,0
BRDA:72,3,0,0
BRDA:72,3,1,0
BRDA:72,4,0,0
BRDA:72,4,1,0
BRDA:88,5,0,0
BRDA:88,5,1,0
BRDA:96,6,0,0
BRDA:96,6,1,0
BRDA:97,7,0,0
BRDA:97,7,1,0
BRDA:105,8,0,0
BRDA:105,8,1,0
BRDA:106,9,0,0
BRDA:106,9,1,0
BRDA:113,10,0,0
BRDA:113,10,1,0
BRDA:114,11,0,0
BRDA:114,11,1,0
BRF:22
BRH:0
end_of_record
TN:
SF:src/components/CompactLanguageSelector.tsx
FN:8,(anonymous_0)
FN:11,(anonymous_1)
FN:25,(anonymous_2)
FN:44,(anonymous_3)
FNF:4
FNH:0
FNDA:0,(anonymous_0)
FNDA:0,(anonymous_1)
FNDA:0,(anonymous_2)
FNDA:0,(anonymous_3)
DA:8,0
DA:9,0
DA:11,0
DA:12,0
DA:14,0
DA:15,0
DA:18,0
DA:25,0
DA:44,0
DA:59,0
LF:10
LH:0
BRDA:23,0,0,0
BRDA:23,0,1,0
BRDA:30,1,0,0
BRDA:30,1,1,0
BRDA:42,2,0,0
BRDA:42,2,1,0
BRDA:49,3,0,0
BRDA:49,3,1,0
BRF:8
BRH:0
end_of_record
TN:
SF:src/components/CustomHeader.tsx
FN:17,(anonymous_0)
FNF:1
FNH:0
FNDA:0,(anonymous_0)
DA:17,0
DA:24,0
DA:25,0
DA:26,0
DA:28,0
DA:77,0
LF:6
LH:0
BRDA:19,0,0,0
BRDA:20,1,0,0
BRDA:22,2,0,0
BRDA:35,3,0,0
BRDA:35,3,1,0
BRDA:42,4,0,0
BRDA:42,4,1,0
BRDA:44,5,0,0
BRDA:44,5,1,0
BRDA:51,6,0,0
BRDA:51,6,1,0
BRF:11
BRH:0
end_of_record
TN:
SF:src/components/KlareLogo.tsx
FN:28,(anonymous_0)
FN:45,(anonymous_1)
FN:66,(anonymous_2)
FN:100,(anonymous_3)
FNF:4
FNH:0
FNDA:0,(anonymous_0)
FNDA:0,(anonymous_1)
FNDA:0,(anonymous_2)
FNDA:0,(anonymous_3)
DA:28,0
DA:40,0
DA:41,0
DA:42,0
DA:45,0
DA:46,0
DA:47,0
DA:50,0
DA:51,0
DA:66,0
DA:67,0
DA:74,0
DA:83,0
DA:89,0
DA:101,0
DA:120,0
LF:16
LH:0
BRDA:29,0,0,0
BRDA:30,1,0,0
BRDA:31,2,0,0
BRDA:32,3,0,0
BRDA:33,4,0,0
BRDA:36,5,0,0
BRDA:37,6,0,0
BRDA:46,7,0,0
BRDA:46,7,1,0
BRDA:50,8,0,0
BRDA:50,8,1,0
BRDA:83,9,0,0
BRDA:83,9,1,0
BRDA:85,10,0,0
BRDA:85,10,1,0
BRDA:93,11,0,0
BRDA:93,11,1,0
BRDA:95,12,0,0
BRDA:95,12,1,0
BRF:19
BRH:0
end_of_record
TN:
SF:src/components/KlareMethodCards.tsx
FN:44,(anonymous_0)
FN:58,(anonymous_1)
FN:69,(anonymous_2)
FNF:3
FNH:0
FNDA:0,(anonymous_0)
FNDA:0,(anonymous_1)
FNDA:0,(anonymous_2)
DA:17,0
DA:44,0
DA:48,0
DA:49,0
DA:50,0
DA:51,0
DA:52,0
DA:59,0
DA:71,0
DA:118,0
LF:10
LH:0
BRF:0
BRH:0
end_of_record
TN:
SF:src/components/LanguageSelector.tsx
FN:16,(anonymous_0)
FN:30,(anonymous_1)
FN:43,(anonymous_2)
FN:50,(anonymous_3)
FNF:4
FNH:0
FNDA:0,(anonymous_0)
FNDA:0,(anonymous_1)
FNDA:0,(anonymous_2)
FNDA:0,(anonymous_3)
DA:16,0
DA:20,0
DA:21,0
DA:24,0
DA:30,0
DA:31,0
DA:33,0
DA:34,0
DA:37,0
DA:44,0
DA:50,0
DA:67,0
LF:12
LH:0
BRDA:18,0,0,0
BRDA:21,1,0,0
BRDA:21,1,1,0
BRDA:39,2,0,0
BRDA:39,2,1,0
BRDA:48,3,0,0
BRDA:48,3,1,0
BRDA:55,4,0,0
BRDA:55,4,1,0
BRF:9
BRH:0
end_of_record
TN:
SF:src/components/OnboardingWrapper.tsx
FN:13,(anonymous_0)
FNF:1
FNH:0
FNDA:0,(anonymous_0)
DA:13,0
DA:14,0
DA:15,0
DA:17,0
DA:28,0
DA:29,0
DA:39,0
DA:40,0
DA:44,0
DA:45,0
DA:49,0
DA:53,0
DA:58,0
DA:61,0
LF:14
LH:0
BRDA:28,0,0,0
BRDA:28,0,1,0
BRDA:28,1,0,0
BRDA:28,1,1,0
BRDA:28,1,2,0
BRDA:28,1,3,0
BRDA:28,1,4,0
BRDA:39,2,0,0
BRDA:39,2,1,0
BRDA:44,3,0,0
BRDA:44,3,1,0
BRDA:44,4,0,0
BRDA:44,4,1,0
BRF:13
BRH:0
end_of_record
TN:
SF:src/components/PrivacySettingsScreen.tsx
FN:39,(anonymous_0)
FN:42,(anonymous_1)
FN:53,(anonymous_2)
FN:88,(anonymous_3)
FN:124,(anonymous_4)
FN:171,(anonymous_5)
FN:172,(anonymous_6)
FN:176,(anonymous_7)
FN:177,(anonymous_8)
FN:182,(anonymous_9)
FN:224,(anonymous_10)
FN:232,(anonymous_11)
FN:261,(anonymous_12)
FN:281,(anonymous_13)
FNF:14
FNH:0
FNDA:0,(anonymous_0)
FNDA:0,(anonymous_1)
FNDA:0,(anonymous_2)
FNDA:0,(anonymous_3)
FNDA:0,(anonymous_4)
FNDA:0,(anonymous_5)
FNDA:0,(anonymous_6)
FNDA:0,(anonymous_7)
FNDA:0,(anonymous_8)
FNDA:0,(anonymous_9)
FNDA:0,(anonymous_10)
FNDA:0,(anonymous_11)
FNDA:0,(anonymous_12)
FNDA:0,(anonymous_13)
DA:30,0
DA:39,0
DA:40,0
DA:41,0
DA:42,0
DA:50,0
DA:51,0
DA:53,0
DA:54,0
DA:63,0
DA:64,0
DA:65,0
DA:75,0
DA:77,0
DA:87,0
DA:88,0
DA:123,0
DA:124,0
DA:171,0
DA:172,0
DA:175,0
DA:177,0
DA:182,0
DA:183,0
DA:184,0
DA:185,0
DA:188,0
DA:190,0
DA:191,0
DA:203,0
DA:208,0
DA:210,0
DA:211,0
DA:212,0
DA:215,0
DA:217,0
DA:219,0
DA:223,0
DA:225,0
DA:227,0
DA:232,0
DA:260,0
DA:262,0
DA:264,0
DA:281,0
DA:291,0
DA:292,0
DA:304,0
DA:388,0
LF:49
LH:0
BRDA:63,0,0,0
BRDA:63,0,1,0
BRDA:78,1,0,0
BRDA:78,1,1,0
BRDA:79,2,0,0
BRDA:79,2,1,0
BRDA:80,3,0,0
BRDA:80,3,1,0
BRDA:81,4,0,0
BRDA:81,4,1,0
BRDA:82,5,0,0
BRDA:82,5,1,0
BRDA:83,6,0,0
BRDA:83,6,1,0
BRDA:183,7,0,0
BRDA:183,7,1,0
BRDA:192,8,0,0
BRDA:192,8,1,0
BRDA:210,9,0,0
BRDA:210,9,1,0
BRDA:230,10,0,0
BRDA:230,10,1,0
BRDA:239,11,0,0
BRDA:239,11,1,0
BRDA:250,12,0,0
BRDA:250,12,1,0
BRDA:251,13,0,0
BRDA:251,13,1,0
BRDA:283,14,0,0
BRDA:283,14,1,0
BRDA:291,15,0,0
BRDA:291,15,1,0
BRDA:291,16,0,0
BRDA:291,16,1,0
BRDA:376,17,0,0
BRDA:376,17,1,0
BRF:36
BRH:0
end_of_record
TN:
SF:src/components/ThemeToggle.tsx
FN:12,ThemeToggle
FNF:1
FNH:0
FNDA:0,ThemeToggle
DA:13,0
DA:14,0
DA:15,0
DA:16,0
DA:18,0
DA:68,0
LF:6
LH:0
BRDA:12,0,0,0
BRDA:20,1,0,0
BRDA:20,1,1,0
BRDA:22,2,0,0
BRDA:22,2,1,0
BRDA:31,3,0,0
BRDA:31,3,1,0
BRDA:48,4,0,0
BRDA:48,4,1,0
BRF:9
BRH:0
end_of_record
TN:
SF:src/components/index.ts
FNF:0
FNH:0
LF:0
LH:0
BRF:0
BRH:0
end_of_record
TN:
SF:src/components/klareMethodNavigationTabs.tsx
FN:22,(anonymous_0)
FN:65,(anonymous_1)
FN:71,(anonymous_2)
FN:75,(anonymous_3)
FNF:4
FNH:0
FNDA:0,(anonymous_0)
FNDA:0,(anonymous_1)
FNDA:0,(anonymous_2)
FNDA:0,(anonymous_3)
DA:22,0
DA:27,0
DA:33,0
DA:61,0
DA:62,0
DA:63,0
DA:64,0
DA:65,0
DA:69,0
DA:72,0
DA:75,0
LF:11
LH:0
BRDA:63,0,0,0
BRDA:63,0,1,0
BRDA:80,1,0,0
BRDA:80,1,1,0
BRDA:88,2,0,0
BRDA:88,2,1,0
BRDA:94,3,0,0
BRDA:94,3,1,0
BRDA:102,4,0,0
BRDA:102,4,1,0
BRF:10
BRH:0
end_of_record
TN:
SF:src/components/auth/DevAuthOptions.tsx
FN:13,(anonymous_0)
FN:19,(anonymous_1)
FNF:2
FNH:0
FNDA:0,(anonymous_0)
FNDA:0,(anonymous_1)
DA:13,0
DA:16,0
DA:17,0
DA:19,0
DA:20,0
DA:21,0
DA:22,0
DA:25,0
DA:26,0
DA:27,0
DA:28,0
DA:33,0
DA:34,0
DA:36,0
DA:40,0
DA:41,0
DA:44,0
DA:77,0
LF:18
LH:0
BRDA:14,0,0,0
BRDA:20,1,0,0
BRDA:20,1,1,0
BRDA:40,2,0,0
BRDA:40,2,1,0
BRF:5
BRH:0
end_of_record
TN:
SF:src/components/auth/EmailConfirmationScreen.tsx
FN:19,(anonymous_0)
FN:32,(anonymous_1)
FN:37,(anonymous_2)
FN:38,(anonymous_3)
FN:52,(anonymous_4)
FN:56,(anonymous_5)
FN:83,(anonymous_6)
FN:121,(anonymous_7)
FNF:8
FNH:0
FNDA:0,(anonymous_0)
FNDA:0,(anonymous_1)
FNDA:0,(anonymous_2)
FNDA:0,(anonymous_3)
FNDA:0,(anonymous_4)
FNDA:0,(anonymous_5)
FNDA:0,(anonymous_6)
FNDA:0,(anonymous_7)
DA:19,0
DA:24,0
DA:25,0
DA:26,0
DA:27,0
DA:28,0
DA:29,0
DA:32,0
DA:34,0
DA:37,0
DA:38,0
DA:39,0
DA:41,0
DA:42,0
DA:43,0
DA:47,0
DA:48,0
DA:52,0
DA:56,0
DA:57,0
DA:58,0
DA:59,0
DA:61,0
DA:63,0
DA:65,0
DA:67,0
DA:70,0
DA:71,0
DA:73,0
DA:74,0
DA:77,0
DA:85,0
DA:104,0
DA:111,0
DA:112,0
DA:117,0
DA:121,0
DA:122,0
DA:123,0
DA:124,0
DA:125,0
DA:130,0
DA:131,0
DA:136,0
DA:140,0
DA:229,0
LF:46
LH:0
BRDA:26,0,0,0
BRDA:26,0,1,0
BRDA:41,1,0,0
BRDA:41,1,1,0
BRDA:63,2,0,0
BRDA:63,2,1,0
BRDA:67,3,0,0
BRDA:67,3,1,0
BRDA:70,4,0,0
BRDA:70,4,1,0
BRDA:89,5,0,0
BRDA:89,5,1,0
BRDA:90,6,0,0
BRDA:90,6,1,0
BRDA:218,7,0,0
BRDA:218,7,1,0
BRF:16
BRH:0
end_of_record
TN:
SF:src/components/debug/OAuthDebugPanel.tsx
FN:10,OAuthDebugPanel
FN:14,(anonymous_1)
FN:34,(anonymous_2)
FN:55,(anonymous_3)
FNF:4
FNH:0
FNDA:0,OAuthDebugPanel
FNDA:0,(anonymous_1)
FNDA:0,(anonymous_2)
FNDA:0,(anonymous_3)
DA:11,0
DA:12,0
DA:14,0
DA:15,0
DA:16,0
DA:17,0
DA:18,0
DA:20,0
DA:21,0
DA:22,0
DA:24,0
DA:27,0
DA:28,0
DA:30,0
DA:34,0
DA:35,0
DA:36,0
DA:38,0
DA:39,0
DA:40,0
DA:43,0
DA:44,0
DA:46,0
DA:49,0
DA:55,0
DA:56,0
DA:57,0
DA:58,0
DA:59,0
DA:61,0
DA:65,0
DA:103,0
LF:32
LH:0
BRDA:20,0,0,0
BRDA:20,0,1,0
BRDA:24,1,0,0
BRDA:24,1,1,0
BRDA:28,2,0,0
BRDA:28,2,1,0
BRDA:38,3,0,0
BRDA:38,3,1,0
BRDA:43,4,0,0
BRDA:43,4,1,0
BRDA:44,5,0,0
BRDA:44,5,1,0
BRDA:75,6,0,0
BRDA:75,6,1,0
BRDA:80,7,0,0
BRDA:80,7,1,0
BRF:16
BRH:0
end_of_record
TN:
SF:src/components/debug/ProgressDebugger.tsx
FN:69,(anonymous_0)
FN:88,(anonymous_1)
FN:102,(anonymous_2)
FN:107,(anonymous_3)
FN:111,(anonymous_4)
FN:122,(anonymous_5)
FN:132,(anonymous_6)
FN:136,(anonymous_7)
FN:154,(anonymous_8)
FN:157,(anonymous_9)
FN:162,(anonymous_10)
FN:185,(anonymous_11)
FN:193,(anonymous_12)
FN:211,(anonymous_13)
FN:218,(anonymous_14)
FN:241,(anonymous_15)
FN:244,(anonymous_16)
FN:248,(anonymous_17)
FN:256,(anonymous_18)
FN:307,(anonymous_19)
FN:322,(anonymous_20)
FN:331,(anonymous_21)
FN:347,(anonymous_22)
FNF:23
FNH:0
FNDA:0,(anonymous_0)
FNDA:0,(anonymous_1)
FNDA:0,(anonymous_2)
FNDA:0,(anonymous_3)
FNDA:0,(anonymous_4)
FNDA:0,(anonymous_5)
FNDA:0,(anonymous_6)
FNDA:0,(anonymous_7)
FNDA:0,(anonymous_8)
FNDA:0,(anonymous_9)
FNDA:0,(anonymous_10)
FNDA:0,(anonymous_11)
FNDA:0,(anonymous_12)
FNDA:0,(anonymous_13)
FNDA:0,(anonymous_14)
FNDA:0,(anonymous_15)
FNDA:0,(anonymous_16)
FNDA:0,(anonymous_17)
FNDA:0,(anonymous_18)
FNDA:0,(anonymous_19)
FNDA:0,(anonymous_20)
FNDA:0,(anonymous_21)
FNDA:0,(anonymous_22)
DA:18,0
DA:69,0
DA:70,0
DA:71,0
DA:72,0
DA:73,0
DA:85,0
DA:88,0
DA:89,0
DA:90,0
DA:91,0
DA:94,0
DA:96,0
DA:102,0
DA:103,0
DA:107,0
DA:108,0
DA:110,0
DA:111,0
DA:113,0
DA:116,0
DA:117,0
DA:122,0
DA:123,0
DA:125,0
DA:133,0
DA:136,0
DA:154,0
DA:156,0
DA:157,0
DA:160,0
DA:163,0
DA:164,0
DA:166,0
DA:186,0
DA:193,0
DA:212,0
DA:218,0
DA:241,0
DA:242,0
DA:245,0
DA:249,0
DA:256,0
DA:275,0
DA:308,0
DA:309,0
DA:322,0
DA:331,0
DA:347,0
DA:357,0
LF:50
LH:0
BRDA:89,0,0,0
BRDA:89,0,1,0
BRDA:103,1,0,0
BRDA:103,1,1,0
BRDA:108,2,0,0
BRDA:108,2,1,0
BRDA:129,3,0,0
BRDA:129,3,1,0
BRDA:135,4,0,0
BRDA:135,4,1,0
BRDA:141,5,0,0
BRDA:141,5,1,0
BRDA:156,6,0,0
BRDA:156,6,1,0
BRDA:171,7,0,0
BRDA:171,7,1,0
BRDA:177,8,0,0
BRDA:177,8,1,0
BRDA:190,9,0,0
BRDA:190,9,1,0
BRDA:191,10,0,0
BRDA:191,10,1,0
BRDA:198,11,0,0
BRDA:198,11,1,0
BRDA:207,12,0,0
BRDA:207,12,1,0
BRDA:216,13,0,0
BRDA:216,13,1,0
BRDA:223,14,0,0
BRDA:223,14,1,0
BRDA:253,15,0,0
BRDA:253,15,1,0
BRDA:254,16,0,0
BRDA:254,16,1,0
BRDA:261,17,0,0
BRDA:261,17,1,0
BRDA:262,18,0,0
BRDA:262,18,1,0
BRDA:282,19,0,0
BRDA:282,19,1,0
BRF:40
BRH:0
end_of_record
TN:
SF:src/components/debug/StorageDebugger.tsx
FN:14,(anonymous_0)
FN:19,(anonymous_1)
FN:30,(anonymous_2)
FN:63,(anonymous_3)
FN:75,(anonymous_4)
FN:88,(anonymous_5)
FN:125,(anonymous_6)
FN:163,(anonymous_7)
FN:165,(anonymous_8)
FN:176,(anonymous_9)
FN:195,(anonymous_10)
FNF:11
FNH:0
FNDA:0,(anonymous_0)
FNDA:0,(anonymous_1)
FNDA:0,(anonymous_2)
FNDA:0,(anonymous_3)
FNDA:0,(anonymous_4)
FNDA:0,(anonymous_5)
FNDA:0,(anonymous_6)
FNDA:0,(anonymous_7)
FNDA:0,(anonymous_8)
FNDA:0,(anonymous_9)
FNDA:0,(anonymous_10)
DA:14,0
DA:15,0
DA:16,0
DA:19,0
DA:20,0
DA:21,0
DA:22,0
DA:24,0
DA:26,0
DA:30,0
DA:31,0
DA:32,0
DA:35,0
DA:38,0
DA:44,0
DA:47,0
DA:49,0
DA:54,0
DA:55,0
DA:63,0
DA:64,0
DA:76,0
DA:77,0
DA:88,0
DA:89,0
DA:91,0
DA:92,0
DA:93,0
DA:95,0
DA:96,0
DA:97,0
DA:99,0
DA:105,0
DA:106,0
DA:112,0
DA:118,0
DA:125,0
DA:126,0
DA:129,0
DA:163,0
DA:166,0
DA:176,0
DA:196,0
DA:213,0
LF:44
LH:0
BRDA:21,0,0,0
BRDA:21,0,1,0
BRDA:22,1,0,0
BRDA:22,1,1,0
BRDA:92,2,0,0
BRDA:92,2,1,0
BRDA:126,3,0,0
BRDA:126,3,1,0
BRDA:172,4,0,0
BRDA:172,4,1,0
BRDA:186,5,0,0
BRDA:186,5,1,0
BRF:12
BRH:0
end_of_record
TN:
SF:src/components/lifewheel/LifeWheelAreaModal.tsx
FN:34,(anonymous_0)
FN:55,(anonymous_1)
FN:67,(anonymous_2)
FN:76,(anonymous_3)
FN:83,(anonymous_4)
FN:91,(anonymous_5)
FN:99,(anonymous_6)
FN:116,(anonymous_7)
FN:261,(anonymous_8)
FNF:9
FNH:0
FNDA:0,(anonymous_0)
FNDA:0,(anonymous_1)
FNDA:0,(anonymous_2)
FNDA:0,(anonymous_3)
FNDA:0,(anonymous_4)
FNDA:0,(anonymous_5)
FNDA:0,(anonymous_6)
FNDA:0,(anonymous_7)
FNDA:0,(anonymous_8)
DA:34,0
DA:41,0
DA:42,0
DA:43,0
DA:44,0
DA:46,0
DA:47,0
DA:48,0
DA:50,0
DA:53,0
DA:59,0
DA:67,0
DA:68,0
DA:69,0
DA:70,0
DA:71,0
DA:76,0
DA:77,0
DA:78,0
DA:79,0
DA:83,0
DA:84,0
DA:85,0
DA:86,0
DA:91,0
DA:92,0
DA:93,0
DA:94,0
DA:99,0
DA:100,0
DA:113,0
DA:116,0
DA:123,0
DA:157,0
DA:159,0
DA:261,0
DA:262,0
LF:37
LH:0
BRDA:44,0,0,0
BRDA:44,0,1,0
BRDA:68,1,0,0
BRDA:68,1,1,0
BRDA:69,2,0,0
BRDA:69,2,1,0
BRDA:69,2,2,0
BRDA:70,3,0,0
BRDA:70,3,1,0
BRDA:70,3,2,0
BRDA:71,4,0,0
BRDA:71,4,1,0
BRDA:78,5,0,0
BRDA:78,5,1,0
BRDA:85,6,0,0
BRDA:85,6,1,0
BRDA:93,7,0,0
BRDA:93,7,1,0
BRDA:93,8,0,0
BRDA:93,8,1,0
BRDA:113,9,0,0
BRDA:113,9,1,0
BRDA:131,10,0,0
BRDA:131,10,1,0
BRDA:144,11,0,0
BRDA:144,11,1,0
BRDA:157,12,0,0
BRDA:157,12,1,0
BRDA:210,13,0,0
BRDA:210,13,1,0
BRDA:215,14,0,0
BRDA:215,14,1,0
BRF:32
BRH:0
end_of_record
TN:
SF:src/components/lifewheel/LifeWheelChart.tsx
FN:36,(anonymous_0)
FN:43,(anonymous_1)
FN:53,(anonymous_2)
FN:65,(anonymous_3)
FN:70,(anonymous_4)
FN:89,(anonymous_5)
FN:94,(anonymous_6)
FN:115,(anonymous_7)
FN:135,(anonymous_8)
FN:152,(anonymous_9)
FN:153,(anonymous_10)
FN:186,(anonymous_11)
FN:202,(anonymous_12)
FN:215,(anonymous_13)
FN:219,(anonymous_14)
FN:220,(anonymous_15)
FN:228,(anonymous_16)
FN:234,(anonymous_17)
FN:257,(anonymous_18)
FN:270,(anonymous_19)
FN:288,(anonymous_20)
FN:301,(anonymous_21)
FN:324,(anonymous_22)
FN:325,(anonymous_23)
FN:367,(anonymous_24)
FN:415,(anonymous_25)
FNF:26
FNH:0
FNDA:0,(anonymous_0)
FNDA:0,(anonymous_1)
FNDA:0,(anonymous_2)
FNDA:0,(anonymous_3)
FNDA:0,(anonymous_4)
FNDA:0,(anonymous_5)
FNDA:0,(anonymous_6)
FNDA:0,(anonymous_7)
FNDA:0,(anonymous_8)
FNDA:0,(anonymous_9)
FNDA:0,(anonymous_10)
FNDA:0,(anonymous_11)
FNDA:0,(anonymous_12)
FNDA:0,(anonymous_13)
FNDA:0,(anonymous_14)
FNDA:0,(anonymous_15)
FNDA:0,(anonymous_16)
FNDA:0,(anonymous_17)
FNDA:0,(anonymous_18)
FNDA:0,(anonymous_19)
FNDA:0,(anonymous_20)
FNDA:0,(anonymous_21)
FNDA:0,(anonymous_22)
FNDA:0,(anonymous_23)
FNDA:0,(anonymous_24)
FNDA:0,(anonymous_25)
DA:25,0
DA:26,0
DA:27,0
DA:36,0
DA:43,0
DA:44,0
DA:50,0
DA:51,0
DA:53,0
DA:54,0
DA:57,0
DA:58,0
DA:61,0
DA:63,0
DA:65,0
DA:66,0
DA:70,0
DA:71,0
DA:79,0
DA:80,0
DA:81,0
DA:85,0
DA:86,0
DA:89,0
DA:90,0
DA:94,0
DA:96,0
DA:99,0
DA:100,0
DA:103,0
DA:104,0
DA:107,0
DA:114,0
DA:116,0
DA:118,0
DA:122,0
DA:128,0
DA:133,0
DA:136,0
DA:138,0
DA:141,0
DA:145,0
DA:152,0
DA:153,0
DA:154,0
DA:157,0
DA:160,0
DA:166,0
DA:169,0
DA:173,0
DA:186,0
DA:202,0
DA:212,0
DA:213,0
DA:215,0
DA:216,0
DA:219,0
DA:220,0
DA:221,0
DA:222,0
DA:223,0
DA:225,0
DA:228,0
DA:229,0
DA:230,0
DA:233,0
DA:235,0
DA:237,0
DA:240,0
DA:241,0
DA:242,0
DA:246,0
DA:247,0
DA:250,0
DA:253,0
DA:258,0
DA:271,0
DA:272,0
DA:274,0
DA:289,0
DA:290,0
DA:291,0
DA:294,0
DA:297,0
DA:301,0
DA:305,0
DA:308,0
DA:309,0
DA:311,0
DA:324,0
DA:325,0
DA:368,0
DA:369,0
DA:372,0
DA:377,0
DA:416,0
DA:419,0
DA:424,0
DA:478,0
LF:99
LH:0
BRDA:37,0,0,0
BRDA:45,1,0,0
BRDA:45,1,1,0
BRDA:51,2,0,0
BRDA:51,2,1,0
BRDA:54,3,0,0
BRDA:54,3,1,0
BRDA:58,4,0,0
BRDA:58,4,1,0
BRDA:63,5,0,0
BRDA:63,5,1,0
BRDA:71,6,0,0
BRDA:71,6,1,0
BRDA:71,6,2,0
BRDA:71,6,3,0
BRDA:71,6,4,0
BRDA:79,7,0,0
BRDA:79,7,1,0
BRDA:118,8,0,0
BRDA:118,8,1,0
BRDA:118,9,0,0
BRDA:118,9,1,0
BRDA:133,10,0,0
BRDA:133,10,1,0
BRDA:138,11,0,0
BRDA:138,11,1,0
BRDA:138,12,0,0
BRDA:138,12,1,0
BRDA:157,13,0,0
BRDA:157,13,1,0
BRDA:157,14,0,0
BRDA:157,14,1,0
BRDA:166,15,0,0
BRDA:166,15,1,0
BRDA:166,16,0,0
BRDA:166,16,1,0
BRDA:169,17,0,0
BRDA:169,17,1,0
BRDA:174,18,0,0
BRDA:174,18,1,0
BRDA:186,19,0,0
BRDA:186,19,1,0
BRDA:191,20,0,0
BRDA:191,20,1,0
BRDA:202,21,0,0
BRDA:202,21,1,0
BRDA:212,22,0,0
BRDA:212,22,1,0
BRDA:213,23,0,0
BRDA:213,23,1,0
BRDA:229,24,0,0
BRDA:229,24,1,0
BRDA:229,25,0,0
BRDA:229,25,1,0
BRDA:237,26,0,0
BRDA:237,26,1,0
BRDA:237,27,0,0
BRDA:237,27,1,0
BRDA:246,28,0,0
BRDA:246,28,1,0
BRDA:265,29,0,0
BRDA:265,29,1,0
BRDA:276,30,0,0
BRDA:276,30,1,0
BRDA:297,31,0,0
BRDA:297,31,1,0
BRDA:305,32,0,0
BRDA:305,32,1,0
BRDA:312,33,0,0
BRDA:312,33,1,0
BRDA:338,34,0,0
BRDA:338,34,1,0
BRDA:356,35,0,0
BRDA:356,35,1,0
BRDA:369,36,0,0
BRDA:369,36,1,0
BRDA:369,37,0,0
BRDA:369,37,1,0
BRDA:378,38,0,0
BRDA:378,38,1,0
BRDA:385,39,0,0
BRDA:385,39,1,0
BRDA:395,40,0,0
BRDA:395,40,1,0
BRDA:402,41,0,0
BRDA:402,41,1,0
BRDA:403,42,0,0
BRDA:403,42,1,0
BRDA:414,43,0,0
BRDA:414,43,1,0
BRDA:416,44,0,0
BRDA:416,44,1,0
BRDA:416,45,0,0
BRDA:416,45,1,0
BRDA:431,46,0,0
BRDA:431,46,1,0
BRDA:442,47,0,0
BRDA:442,47,1,0
BRDA:449,48,0,0
BRDA:449,48,1,0
BRDA:450,49,0,0
BRDA:450,49,1,0
BRF:102
BRH:0
end_of_record
TN:
SF:src/components/lifewheel/LifeWheelEditor.tsx
FN:30,(anonymous_0)
FN:49,(anonymous_1)
FN:57,(anonymous_2)
FN:62,(anonymous_3)
FN:75,(anonymous_4)
FN:104,(anonymous_5)
FN:131,(anonymous_6)
FN:143,(anonymous_7)
FN:149,(anonymous_8)
FN:168,(anonymous_9)
FN:176,(anonymous_10)
FN:177,(anonymous_11)
FN:193,(anonymous_12)
FN:211,(anonymous_13)
FN:228,(anonymous_14)
FN:229,(anonymous_15)
FN:238,(anonymous_16)
FN:266,(anonymous_17)
FN:298,(anonymous_18)
FN:338,(anonymous_19)
FNF:20
FNH:0
FNDA:0,(anonymous_0)
FNDA:0,(anonymous_1)
FNDA:0,(anonymous_2)
FNDA:0,(anonymous_3)
FNDA:0,(anonymous_4)
FNDA:0,(anonymous_5)
FNDA:0,(anonymous_6)
FNDA:0,(anonymous_7)
FNDA:0,(anonymous_8)
FNDA:0,(anonymous_9)
FNDA:0,(anonymous_10)
FNDA:0,(anonymous_11)
FNDA:0,(anonymous_12)
FNDA:0,(anonymous_13)
FNDA:0,(anonymous_14)
FNDA:0,(anonymous_15)
FNDA:0,(anonymous_16)
FNDA:0,(anonymous_17)
FNDA:0,(anonymous_18)
FNDA:0,(anonymous_19)
DA:30,0
DA:40,0
DA:41,0
DA:42,0
DA:43,0
DA:44,0
DA:45,0
DA:46,0
DA:49,0
DA:50,0
DA:54,0
DA:56,0
DA:57,0
DA:62,0
DA:64,0
DA:65,0
DA:68,0
DA:69,0
DA:73,0
DA:76,0
DA:80,0
DA:81,0
DA:82,0
DA:86,0
DA:93,0
DA:94,0
DA:95,0
DA:96,0
DA:97,0
DA:102,0
DA:104,0
DA:109,0
DA:121,0
DA:129,0
DA:135,0
DA:143,0
DA:144,0
DA:145,0
DA:148,0
DA:149,0
DA:151,0
DA:153,0
DA:154,0
DA:155,0
DA:159,0
DA:160,0
DA:168,0
DA:173,0
DA:174,0
DA:176,0
DA:177,0
DA:178,0
DA:179,0
DA:181,0
DA:185,0
DA:186,0
DA:188,0
DA:193,0
DA:194,0
DA:197,0
DA:199,0
DA:201,0
DA:202,0
DA:205,0
DA:206,0
DA:211,0
DA:212,0
DA:214,0
DA:218,0
DA:228,0
DA:229,0
DA:230,0
DA:231,0
DA:232,0
DA:234,0
DA:238,0
DA:267,0
DA:299,0
DA:319,0
DA:338,0
DA:339,0
LF:81
LH:0
BRDA:36,0,0,0
BRDA:43,1,0,0
BRDA:43,1,1,0
BRDA:68,2,0,0
BRDA:68,2,1,0
BRDA:68,3,0,0
BRDA:68,3,1,0
BRDA:76,4,0,0
BRDA:76,4,1,0
BRDA:81,5,0,0
BRDA:81,5,1,0
BRDA:81,6,0,0
BRDA:81,6,1,0
BRDA:94,7,0,0
BRDA:94,7,1,0
BRDA:96,8,0,0
BRDA:96,8,1,0
BRDA:96,9,0,0
BRDA:96,9,1,0
BRDA:144,10,0,0
BRDA:144,10,1,0
BRDA:151,11,0,0
BRDA:151,11,1,0
BRDA:151,12,0,0
BRDA:151,12,1,0
BRDA:159,13,0,0
BRDA:159,13,1,0
BRDA:178,14,0,0
BRDA:178,14,1,0
BRDA:179,15,0,0
BRDA:179,15,1,0
BRDA:185,16,0,0
BRDA:185,16,1,0
BRDA:199,17,0,0
BRDA:199,17,1,0
BRDA:212,18,0,0
BRDA:212,18,1,0
BRDA:219,19,0,0
BRDA:219,19,1,0
BRDA:229,20,0,0
BRDA:229,20,1,0
BRDA:236,21,0,0
BRDA:236,21,1,0
BRDA:237,22,0,0
BRDA:237,22,1,0
BRDA:248,23,0,0
BRDA:248,23,1,0
BRDA:270,24,0,0
BRDA:270,24,1,0
BRDA:302,25,0,0
BRDA:302,25,1,0
BRDA:328,26,0,0
BRDA:328,26,1,0
BRDA:361,27,0,0
BRDA:361,27,1,0
BRF:55
BRH:0
end_of_record
TN:
SF:src/components/lifewheel/LifeWheelLegend.tsx
FN:12,(anonymous_0)
FN:20,(anonymous_1)
FN:79,(anonymous_2)
FNF:3
FNH:0
FNDA:0,(anonymous_0)
FNDA:0,(anonymous_1)
FNDA:0,(anonymous_2)
DA:12,0
DA:16,0
DA:17,0
DA:18,0
DA:20,0
DA:22,0
DA:79,0
DA:80,0
LF:8
LH:0
BRDA:13,0,0,0
BRDA:14,1,0,0
BRDA:18,2,0,0
BRDA:18,2,1,0
BRDA:34,3,0,0
BRDA:34,3,1,0
BRDA:60,4,0,0
BRDA:60,4,1,0
BRDA:91,5,0,0
BRDA:91,5,1,0
BRF:10
BRH:0
end_of_record
TN:
SF:src/components/lifewheel/index.ts
FNF:0
FNH:0
LF:0
LH:0
BRF:0
BRH:0
end_of_record
TN:
SF:src/components/modules/AModuleComponent.tsx
FN:29,(anonymous_0)
FN:39,(anonymous_1)
FN:63,(anonymous_2)
FN:75,(anonymous_3)
FN:87,(anonymous_4)
FN:180,(anonymous_5)
FN:188,(anonymous_6)
FN:230,(anonymous_7)
FN:247,(anonymous_8)
FN:277,(anonymous_9)
FN:330,(anonymous_10)
FNF:11
FNH:0
FNDA:0,(anonymous_0)
FNDA:0,(anonymous_1)
FNDA:0,(anonymous_2)
FNDA:0,(anonymous_3)
FNDA:0,(anonymous_4)
FNDA:0,(anonymous_5)
FNDA:0,(anonymous_6)
FNDA:0,(anonymous_7)
FNDA:0,(anonymous_8)
FNDA:0,(anonymous_9)
FNDA:0,(anonymous_10)
DA:29,0
DA:30,0
DA:31,0
DA:33,0
DA:34,0
DA:37,0
DA:38,0
DA:39,0
DA:42,0
DA:43,0
DA:44,0
DA:45,0
DA:48,0
DA:49,0
DA:64,0
DA:65,0
DA:68,0
DA:69,0
DA:72,0
DA:75,0
DA:76,0
DA:78,0
DA:84,0
DA:87,0
DA:96,0
DA:97,0
DA:101,0
DA:102,0
DA:104,0
DA:109,0
DA:113,0
DA:121,0
DA:122,0
DA:180,0
DA:181,0
DA:188,0
DA:189,0
DA:190,0
DA:191,0
DA:192,0
DA:193,0
DA:196,0
DA:197,0
DA:201,0
DA:205,0
DA:208,0
DA:211,0
DA:213,0
DA:217,0
DA:221,0
DA:224,0
DA:230,0
DA:231,0
DA:232,0
DA:237,0
DA:242,0
DA:247,0
DA:248,0
DA:250,0
DA:252,0
DA:278,0
DA:307,0
DA:331,0
DA:359,0
DA:435,0
DA:466,0
LF:66
LH:0
BRDA:48,0,0,0
BRDA:48,0,1,0
BRDA:55,1,0,0
BRDA:55,1,1,0
BRDA:58,2,0,0
BRDA:58,2,1,0
BRDA:64,3,0,0
BRDA:64,3,1,0
BRDA:96,4,0,0
BRDA:96,4,1,0
BRDA:121,5,0,0
BRDA:121,5,1,0
BRDA:128,6,0,0
BRDA:128,6,1,0
BRDA:131,7,0,0
BRDA:131,7,1,0
BRDA:189,8,0,0
BRDA:189,8,1,0
BRDA:189,9,0,0
BRDA:189,9,1,0
BRDA:193,10,0,0
BRDA:193,10,1,0
BRDA:196,11,0,0
BRDA:196,11,1,0
BRDA:201,12,0,0
BRDA:201,12,1,0
BRDA:202,13,0,0
BRDA:202,13,1,0
BRDA:217,14,0,0
BRDA:217,14,1,0
BRDA:218,15,0,0
BRDA:218,15,1,0
BRDA:231,16,0,0
BRDA:231,16,1,0
BRDA:237,17,0,0
BRDA:237,17,1,0
BRDA:242,18,0,0
BRDA:242,18,1,0
BRDA:248,19,0,0
BRDA:248,19,1,0
BRDA:250,20,0,0
BRDA:250,20,1,0
BRDA:250,20,2,0
BRDA:267,21,0,0
BRDA:267,21,1,0
BRDA:276,22,0,0
BRDA:276,22,1,0
BRDA:300,23,0,0
BRDA:300,23,1,0
BRDA:324,24,0,0
BRDA:324,24,1,0
BRDA:327,25,0,0
BRDA:327,25,1,0
BRDA:329,26,0,0
BRDA:329,26,1,0
BRDA:352,27,0,0
BRDA:352,27,1,0
BRDA:366,28,0,0
BRDA:366,28,1,0
BRDA:369,29,0,0
BRDA:369,29,1,0
BRDA:372,30,0,0
BRDA:372,30,1,0
BRDA:381,31,0,0
BRDA:381,31,1,0
BRDA:390,32,0,0
BRDA:390,32,1,0
BRDA:399,33,0,0
BRDA:399,33,1,0
BRDA:427,34,0,0
BRDA:427,34,1,0
BRDA:439,35,0,0
BRDA:439,35,1,0
BRDA:451,36,0,0
BRDA:451,36,1,0
BRDA:451,37,0,0
BRDA:451,37,1,0
BRF:77
BRH:0
end_of_record
TN:
SF:src/components/modules/EModuleComponent.tsx
FN:17,(anonymous_0)
FN:24,(anonymous_1)
FN:29,(anonymous_2)
FN:36,(anonymous_3)
FN:66,(anonymous_4)
FN:75,(anonymous_5)
FN:96,(anonymous_6)
FNF:7
FNH:0
FNDA:0,(anonymous_0)
FNDA:0,(anonymous_1)
FNDA:0,(anonymous_2)
FNDA:0,(anonymous_3)
FNDA:0,(anonymous_4)
FNDA:0,(anonymous_5)
FNDA:0,(anonymous_6)
DA:17,0
DA:18,0
DA:19,0
DA:21,0
DA:22,0
DA:23,0
DA:24,0
DA:27,0
DA:29,0
DA:30,0
DA:36,0
DA:37,0
DA:38,0
DA:39,0
DA:40,0
DA:41,0
DA:43,0
DA:44,0
DA:47,0
DA:48,0
DA:50,0
DA:53,0
DA:55,0
DA:58,0
DA:59,0
DA:61,0
DA:66,0
DA:67,0
DA:68,0
DA:72,0
DA:73,0
DA:75,0
DA:76,0
DA:78,0
DA:96,0
DA:113,0
DA:134,0
LF:37
LH:0
BRDA:37,0,0,0
BRDA:37,0,1,0
BRDA:37,1,0,0
BRDA:37,1,1,0
BRDA:41,2,0,0
BRDA:41,2,1,0
BRDA:43,3,0,0
BRDA:43,3,1,0
BRDA:47,4,0,0
BRDA:47,4,1,0
BRDA:47,5,0,0
BRDA:47,5,1,0
BRDA:58,6,0,0
BRDA:58,6,1,0
BRDA:58,7,0,0
BRDA:58,7,1,0
BRDA:67,8,0,0
BRDA:67,8,1,0
BRDA:72,9,0,0
BRDA:72,9,1,0
BRDA:73,10,0,0
BRDA:73,10,1,0
BRDA:76,11,0,0
BRDA:76,11,1,0
BRDA:95,12,0,0
BRDA:95,12,1,0
BRDA:106,13,0,0
BRDA:106,13,1,0
BRDA:106,14,0,0
BRDA:106,14,1,0
BRDA:116,15,0,0
BRDA:116,15,1,0
BRDA:119,16,0,0
BRDA:119,16,1,0
BRDA:124,17,0,0
BRDA:124,17,1,0
BRF:36
BRH:0
end_of_record
TN:
SF:src/components/modules/KModuleComponent.tsx
FN:58,(anonymous_0)
FN:81,(anonymous_1)
FN:84,(anonymous_2)
FN:87,(anonymous_3)
FN:103,(anonymous_4)
FN:107,(anonymous_5)
FN:138,(anonymous_6)
FN:149,(anonymous_7)
FN:179,(anonymous_8)
FN:181,(anonymous_9)
FN:187,(anonymous_10)
FN:200,(anonymous_11)
FN:211,(anonymous_12)
FN:246,(anonymous_13)
FN:283,(anonymous_14)
FN:314,(anonymous_15)
FN:331,(anonymous_16)
FN:354,(anonymous_17)
FN:370,(anonymous_18)
FN:379,(anonymous_19)
FN:399,(anonymous_20)
FN:419,(anonymous_21)
FN:434,(anonymous_22)
FN:434,(anonymous_23)
FN:453,(anonymous_24)
FNF:25
FNH:0
FNDA:0,(anonymous_0)
FNDA:0,(anonymous_1)
FNDA:0,(anonymous_2)
FNDA:0,(anonymous_3)
FNDA:0,(anonymous_4)
FNDA:0,(anonymous_5)
FNDA:0,(anonymous_6)
FNDA:0,(anonymous_7)
FNDA:0,(anonymous_8)
FNDA:0,(anonymous_9)
FNDA:0,(anonymous_10)
FNDA:0,(anonymous_11)
FNDA:0,(anonymous_12)
FNDA:0,(anonymous_13)
FNDA:0,(anonymous_14)
FNDA:0,(anonymous_15)
FNDA:0,(anonymous_16)
FNDA:0,(anonymous_17)
FNDA:0,(anonymous_18)
FNDA:0,(anonymous_19)
FNDA:0,(anonymous_20)
FNDA:0,(anonymous_21)
FNDA:0,(anonymous_22)
FNDA:0,(anonymous_23)
FNDA:0,(anonymous_24)
DA:58,0
DA:62,0
DA:63,0
DA:64,0
DA:65,0
DA:68,0
DA:69,0
DA:70,0
DA:71,0
DA:77,0
DA:78,0
DA:81,0
DA:84,0
DA:86,0
DA:87,0
DA:103,0
DA:104,0
DA:107,0
DA:108,0
DA:109,0
DA:112,0
DA:120,0
DA:121,0
DA:123,0
DA:124,0
DA:127,0
DA:128,0
DA:131,0
DA:132,0
DA:134,0
DA:138,0
DA:141,0
DA:149,0
DA:150,0
DA:152,0
DA:153,0
DA:154,0
DA:156,0
DA:157,0
DA:161,0
DA:162,0
DA:165,0
DA:166,0
DA:169,0
DA:172,0
DA:173,0
DA:175,0
DA:179,0
DA:180,0
DA:181,0
DA:183,0
DA:187,0
DA:188,0
DA:189,0
DA:192,0
DA:194,0
DA:196,0
DA:200,0
DA:201,0
DA:203,0
DA:205,0
DA:207,0
DA:211,0
DA:212,0
DA:246,0
DA:247,0
DA:284,0
DA:314,0
DA:332,0
DA:355,0
DA:370,0
DA:371,0
DA:379,0
DA:380,0
DA:381,0
DA:384,0
DA:385,0
DA:386,0
DA:389,0
DA:399,0
DA:400,0
DA:401,0
DA:402,0
DA:403,0
DA:407,0
DA:409,0
DA:411,0
DA:413,0
DA:415,0
DA:419,0
DA:420,0
DA:421,0
DA:422,0
DA:425,0
DA:434,0
DA:453,0
DA:454,0
LF:97
LH:0
BRDA:65,0,0,0
BRDA:65,0,1,0
BRDA:120,1,0,0
BRDA:120,1,1,0
BRDA:150,2,0,0
BRDA:150,2,1,0
BRDA:161,3,0,0
BRDA:161,3,1,0
BRDA:165,4,0,0
BRDA:165,4,1,0
BRDA:165,5,0,0
BRDA:165,5,1,0
BRDA:173,6,0,0
BRDA:173,6,1,0
BRDA:180,7,0,0
BRDA:180,7,1,0
BRDA:188,8,0,0
BRDA:188,8,1,0
BRDA:192,9,0,0
BRDA:192,9,1,0
BRDA:201,10,0,0
BRDA:201,10,1,0
BRDA:201,10,2,0
BRDA:214,11,0,0
BRDA:214,11,1,0
BRDA:222,12,0,0
BRDA:222,12,1,0
BRDA:273,13,0,0
BRDA:273,13,1,0
BRDA:281,14,0,0
BRDA:281,14,1,0
BRDA:281,14,2,0
BRDA:315,15,0,0
BRDA:315,15,1,0
BRDA:327,16,0,0
BRDA:327,16,1,0
BRDA:341,17,0,0
BRDA:341,17,1,0
BRDA:349,18,0,0
BRDA:349,18,1,0
BRDA:374,19,0,0
BRDA:374,19,1,0
BRDA:380,20,0,0
BRDA:380,20,1,0
BRDA:385,21,0,0
BRDA:385,21,1,0
BRDA:400,22,0,0
BRDA:400,22,1,0
BRDA:402,23,0,0
BRDA:402,23,1,0
BRDA:407,24,0,0
BRDA:407,24,1,0
BRDA:407,24,2,0
BRDA:407,24,3,0
BRDA:422,25,0,0
BRDA:422,25,1,0
BRDA:431,26,0,0
BRDA:431,26,1,0
BRDA:446,27,0,0
BRDA:446,27,1,0
BRF:60
BRH:0
end_of_record
TN:
SF:src/components/modules/LModuleComponent.tsx
FN:58,(anonymous_0)
FN:60,(anonymous_1)
FN:82,(anonymous_2)
FN:110,(anonymous_3)
FN:121,(anonymous_4)
FN:134,(anonymous_5)
FN:160,(anonymous_6)
FN:169,(anonymous_7)
FN:170,(anonymous_8)
FN:182,(anonymous_9)
FN:190,(anonymous_10)
FN:195,(anonymous_11)
FN:201,(anonymous_12)
FN:202,(anonymous_13)
FN:273,(anonymous_14)
FN:281,(anonymous_15)
FN:326,(anonymous_16)
FN:343,(anonymous_17)
FN:436,(anonymous_18)
FN:491,(anonymous_19)
FN:603,(anonymous_20)
FNF:21
FNH:0
FNDA:0,(anonymous_0)
FNDA:0,(anonymous_1)
FNDA:0,(anonymous_2)
FNDA:0,(anonymous_3)
FNDA:0,(anonymous_4)
FNDA:0,(anonymous_5)
FNDA:0,(anonymous_6)
FNDA:0,(anonymous_7)
FNDA:0,(anonymous_8)
FNDA:0,(anonymous_9)
FNDA:0,(anonymous_10)
FNDA:0,(anonymous_11)
FNDA:0,(anonymous_12)
FNDA:0,(anonymous_13)
FNDA:0,(anonymous_14)
FNDA:0,(anonymous_15)
FNDA:0,(anonymous_16)
FNDA:0,(anonymous_17)
FNDA:0,(anonymous_18)
FNDA:0,(anonymous_19)
FNDA:0,(anonymous_20)
DA:58,0
DA:60,0
DA:61,0
DA:67,0
DA:75,0
DA:76,0
DA:77,0
DA:79,0
DA:83,0
DA:110,0
DA:111,0
DA:112,0
DA:114,0
DA:115,0
DA:118,0
DA:119,0
DA:120,0
DA:121,0
DA:124,0
DA:125,0
DA:126,0
DA:127,0
DA:128,0
DA:131,0
DA:134,0
DA:135,0
DA:137,0
DA:155,0
DA:160,0
DA:161,0
DA:162,0
DA:165,0
DA:166,0
DA:167,0
DA:169,0
DA:170,0
DA:171,0
DA:173,0
DA:174,0
DA:175,0
DA:177,0
DA:182,0
DA:183,0
DA:184,0
DA:185,0
DA:187,0
DA:190,0
DA:191,0
DA:192,0
DA:195,0
DA:196,0
DA:197,0
DA:201,0
DA:202,0
DA:203,0
DA:204,0
DA:210,0
DA:237,0
DA:256,0
DA:257,0
DA:258,0
DA:259,0
DA:262,0
DA:263,0
DA:273,0
DA:274,0
DA:281,0
DA:282,0
DA:283,0
DA:284,0
DA:285,0
DA:286,0
DA:289,0
DA:293,0
DA:297,0
DA:301,0
DA:304,0
DA:307,0
DA:309,0
DA:313,0
DA:317,0
DA:320,0
DA:326,0
DA:327,0
DA:328,0
DA:333,0
DA:338,0
DA:343,0
DA:344,0
DA:346,0
DA:348,0
DA:411,0
DA:437,0
DA:466,0
DA:492,0
DA:493,0
DA:523,0
DA:566,0
DA:603,0
DA:604,0
DA:605,0
DA:617,0
DA:620,0
DA:723,0
LF:104
LH:0
BRDA:135,0,0,0
BRDA:135,0,1,0
BRDA:161,1,0,0
BRDA:161,1,1,0
BRDA:171,2,0,0
BRDA:171,2,1,0
BRDA:183,3,0,0
BRDA:183,3,1,0
BRDA:203,4,0,0
BRDA:203,4,1,0
BRDA:262,5,0,0
BRDA:262,5,1,0
BRDA:282,6,0,0
BRDA:282,6,1,0
BRDA:282,7,0,0
BRDA:282,7,1,0
BRDA:286,8,0,0
BRDA:286,8,1,0
BRDA:289,9,0,0
BRDA:289,9,1,0
BRDA:290,10,0,0
BRDA:290,10,1,0
BRDA:297,11,0,0
BRDA:297,11,1,0
BRDA:298,12,0,0
BRDA:298,12,1,0
BRDA:313,13,0,0
BRDA:313,13,1,0
BRDA:314,14,0,0
BRDA:314,14,1,0
BRDA:327,15,0,0
BRDA:327,15,1,0
BRDA:333,16,0,0
BRDA:333,16,1,0
BRDA:338,17,0,0
BRDA:338,17,1,0
BRDA:344,18,0,0
BRDA:344,18,1,0
BRDA:346,19,0,0
BRDA:346,19,1,0
BRDA:346,19,2,0
BRDA:346,19,3,0
BRDA:346,19,4,0
BRDA:361,20,0,0
BRDA:361,20,1,0
BRDA:370,21,0,0
BRDA:370,21,1,0
BRDA:379,22,0,0
BRDA:379,22,1,0
BRDA:388,23,0,0
BRDA:388,23,1,0
BRDA:404,24,0,0
BRDA:404,24,1,0
BRDA:426,25,0,0
BRDA:426,25,1,0
BRDA:435,26,0,0
BRDA:435,26,1,0
BRDA:459,27,0,0
BRDA:459,27,1,0
BRDA:479,28,0,0
BRDA:479,28,1,0
BRDA:516,29,0,0
BRDA:516,29,1,0
BRDA:559,30,0,0
BRDA:559,30,1,0
BRDA:573,31,0,0
BRDA:573,31,1,0
BRDA:576,32,0,0
BRDA:576,32,1,0
BRDA:594,33,0,0
BRDA:594,33,1,0
BRDA:604,34,0,0
BRDA:604,34,1,0
BRDA:604,35,0,0
BRDA:604,35,1,0
BRDA:624,36,0,0
BRDA:624,36,1,0
BRDA:637,37,0,0
BRDA:637,37,1,0
BRDA:637,38,0,0
BRDA:637,38,1,0
BRDA:683,39,0,0
BRDA:683,39,1,0
BRF:83
BRH:0
end_of_record
TN:
SF:src/components/modules/LModuleIndexComponent.tsx
FN:29,(anonymous_0)
FN:42,(anonymous_1)
FN:43,(anonymous_2)
FN:60,(anonymous_3)
FN:73,(anonymous_4)
FN:108,(anonymous_5)
FN:115,(anonymous_6)
FN:118,(anonymous_7)
FN:128,(anonymous_8)
FN:145,(anonymous_9)
FN:152,(anonymous_10)
FN:159,(anonymous_11)
FN:161,(anonymous_12)
FN:341,(anonymous_13)
FNF:14
FNH:0
FNDA:0,(anonymous_0)
FNDA:0,(anonymous_1)
FNDA:0,(anonymous_2)
FNDA:0,(anonymous_3)
FNDA:0,(anonymous_4)
FNDA:0,(anonymous_5)
FNDA:0,(anonymous_6)
FNDA:0,(anonymous_7)
FNDA:0,(anonymous_8)
FNDA:0,(anonymous_9)
FNDA:0,(anonymous_10)
FNDA:0,(anonymous_11)
FNDA:0,(anonymous_12)
FNDA:0,(anonymous_13)
DA:29,0
DA:30,0
DA:31,0
DA:32,0
DA:34,0
DA:35,0
DA:36,0
DA:39,0
DA:42,0
DA:43,0
DA:44,0
DA:45,0
DA:46,0
DA:47,0
DA:49,0
DA:50,0
DA:52,0
DA:56,0
DA:60,0
DA:61,0
DA:62,0
DA:73,0
DA:74,0
DA:75,0
DA:77,0
DA:78,0
DA:80,0
DA:81,0
DA:83,0
DA:84,0
DA:86,0
DA:87,0
DA:89,0
DA:90,0
DA:92,0
DA:93,0
DA:97,0
DA:98,0
DA:100,0
DA:101,0
DA:104,0
DA:108,0
DA:109,0
DA:110,0
DA:114,0
DA:115,0
DA:117,0
DA:119,0
DA:127,0
DA:128,0
DA:131,0
DA:132,0
DA:140,0
DA:141,0
DA:145,0
DA:152,0
DA:153,0
DA:154,0
DA:156,0
DA:159,0
DA:161,0
DA:241,0
DA:341,0
DA:351,0
LF:64
LH:0
BRDA:61,0,0,0
BRDA:61,0,1,0
BRDA:74,1,0,0
BRDA:74,1,1,0
BRDA:74,2,0,0
BRDA:74,2,1,0
BRDA:77,3,0,0
BRDA:77,3,1,0
BRDA:77,4,0,0
BRDA:77,4,1,0
BRDA:80,5,0,0
BRDA:80,5,1,0
BRDA:83,6,0,0
BRDA:83,6,1,0
BRDA:86,7,0,0
BRDA:86,7,1,0
BRDA:89,8,0,0
BRDA:89,8,1,0
BRDA:92,9,0,0
BRDA:92,9,1,0
BRDA:92,10,0,0
BRDA:92,10,1,0
BRDA:97,11,0,0
BRDA:97,11,1,0
BRDA:100,12,0,0
BRDA:100,12,1,0
BRDA:109,13,0,0
BRDA:109,13,1,0
BRDA:109,14,0,0
BRDA:109,14,1,0
BRDA:115,15,0,0
BRDA:115,15,1,0
BRDA:119,16,0,0
BRDA:119,16,1,0
BRDA:128,17,0,0
BRDA:128,17,1,0
BRDA:131,18,0,0
BRDA:131,18,1,0
BRDA:140,19,0,0
BRDA:140,19,1,0
BRDA:163,20,0,0
BRDA:163,20,1,0
BRDA:163,21,0,0
BRDA:163,21,1,0
BRDA:164,22,0,0
BRDA:164,22,1,0
BRDA:171,23,0,0
BRDA:171,23,1,0
BRDA:177,24,0,0
BRDA:177,24,1,0
BRDA:183,25,0,0
BRDA:183,25,1,0
BRDA:187,26,0,0
BRDA:187,26,1,0
BRDA:200,27,0,0
BRDA:200,27,1,0
BRDA:205,28,0,0
BRDA:205,28,1,0
BRDA:212,29,0,0
BRDA:212,29,1,0
BRDA:225,30,0,0
BRDA:225,30,1,0
BRDA:266,31,0,0
BRDA:266,31,1,0
BRDA:275,32,0,0
BRDA:275,32,1,0
BRDA:284,33,0,0
BRDA:284,33,1,0
BRF:68
BRH:0
end_of_record
TN:
SF:src/components/modules/LResourceFinderModule.tsx
FN:19,(anonymous_0)
FNF:1
FNH:0
FNDA:0,(anonymous_0)
DA:19,0
DA:23,0
DA:30,0
LF:3
LH:0
BRF:0
BRH:0
end_of_record
TN:
SF:src/components/modules/LResourceManagerComponent.tsx
FN:41,(anonymous_0)
FN:65,(anonymous_1)
FN:71,(anonymous_2)
FN:156,(anonymous_3)
FN:168,(anonymous_4)
FN:175,(anonymous_5)
FN:182,(anonymous_6)
FN:189,(anonymous_7)
FN:198,(anonymous_8)
FN:210,(anonymous_9)
FN:212,(anonymous_10)
FN:215,(anonymous_11)
FN:225,(anonymous_12)
FN:230,(anonymous_13)
FN:248,(anonymous_14)
FN:269,(anonymous_15)
FN:270,(anonymous_16)
FN:282,(anonymous_17)
FN:283,(anonymous_18)
FN:296,(anonymous_19)
FN:301,(anonymous_20)
FN:303,(anonymous_21)
FN:307,(anonymous_22)
FN:313,(anonymous_23)
FN:318,(anonymous_24)
FN:320,(anonymous_25)
FN:324,(anonymous_26)
FN:362,(anonymous_27)
FN:440,(anonymous_28)
FN:447,(anonymous_29)
FN:459,(anonymous_30)
FN:463,(anonymous_31)
FNF:32
FNH:0
FNDA:0,(anonymous_0)
FNDA:0,(anonymous_1)
FNDA:0,(anonymous_2)
FNDA:0,(anonymous_3)
FNDA:0,(anonymous_4)
FNDA:0,(anonymous_5)
FNDA:0,(anonymous_6)
FNDA:0,(anonymous_7)
FNDA:0,(anonymous_8)
FNDA:0,(anonymous_9)
FNDA:0,(anonymous_10)
FNDA:0,(anonymous_11)
FNDA:0,(anonymous_12)
FNDA:0,(anonymous_13)
FNDA:0,(anonymous_14)
FNDA:0,(anonymous_15)
FNDA:0,(anonymous_16)
FNDA:0,(anonymous_17)
FNDA:0,(anonymous_18)
FNDA:0,(anonymous_19)
FNDA:0,(anonymous_20)
FNDA:0,(anonymous_21)
FNDA:0,(anonymous_22)
FNDA:0,(anonymous_23)
FNDA:0,(anonymous_24)
FNDA:0,(anonymous_25)
FNDA:0,(anonymous_26)
FNDA:0,(anonymous_27)
FNDA:0,(anonymous_28)
FNDA:0,(anonymous_29)
FNDA:0,(anonymous_30)
FNDA:0,(anonymous_31)
DA:41,0
DA:46,0
DA:47,0
DA:48,0
DA:49,0
DA:52,0
DA:53,0
DA:54,0
DA:55,0
DA:60,0
DA:61,0
DA:64,0
DA:66,0
DA:71,0
DA:72,0
DA:73,0
DA:74,0
DA:75,0
DA:77,0
DA:78,0
DA:81,0
DA:112,0
DA:113,0
DA:116,0
DA:147,0
DA:148,0
DA:149,0
DA:151,0
DA:156,0
DA:157,0
DA:158,0
DA:159,0
DA:161,0
DA:162,0
DA:163,0
DA:168,0
DA:169,0
DA:170,0
DA:175,0
DA:176,0
DA:177,0
DA:178,0
DA:179,0
DA:182,0
DA:183,0
DA:184,0
DA:185,0
DA:186,0
DA:189,0
DA:191,0
DA:192,0
DA:193,0
DA:194,0
DA:195,0
DA:198,0
DA:199,0
DA:200,0
DA:202,0
DA:211,0
DA:212,0
DA:213,0
DA:215,0
DA:216,0
DA:218,0
DA:225,0
DA:226,0
DA:227,0
DA:229,0
DA:231,0
DA:234,0
DA:237,0
DA:241,0
DA:242,0
DA:245,0
DA:247,0
DA:249,0
DA:252,0
DA:255,0
DA:259,0
DA:260,0
DA:264,0
DA:265,0
DA:269,0
DA:270,0
DA:271,0
DA:272,0
DA:274,0
DA:277,0
DA:278,0
DA:279,0
DA:282,0
DA:283,0
DA:284,0
DA:285,0
DA:287,0
DA:290,0
DA:291,0
DA:292,0
DA:296,0
DA:297,0
DA:301,0
DA:303,0
DA:307,0
DA:313,0
DA:314,0
DA:318,0
DA:320,0
DA:324,0
DA:330,0
DA:362,0
DA:440,0
DA:449,0
DA:450,0
DA:452,0
DA:459,0
DA:463,0
DA:472,0
LF:117
LH:0
BRDA:44,0,0,0
BRDA:77,1,0,0
BRDA:77,1,1,0
BRDA:112,2,0,0
BRDA:112,2,1,0
BRDA:169,3,0,0
BRDA:169,3,1,0
BRDA:200,4,0,0
BRDA:200,4,1,0
BRDA:211,5,0,0
BRDA:211,5,1,0
BRDA:226,6,0,0
BRDA:226,6,1,0
BRDA:227,7,0,0
BRDA:227,7,1,0
BRDA:227,8,0,0
BRDA:227,8,1,0
BRDA:231,9,0,0
BRDA:231,9,1,0
BRDA:245,10,0,0
BRDA:245,10,1,0
BRDA:245,11,0,0
BRDA:245,11,1,0
BRDA:249,12,0,0
BRDA:249,12,1,0
BRDA:271,13,0,0
BRDA:271,13,1,0
BRDA:284,14,0,0
BRDA:284,14,1,0
BRDA:297,15,0,0
BRDA:297,15,1,0
BRDA:314,16,0,0
BRDA:314,16,1,0
BRDA:360,17,0,0
BRDA:360,17,1,0
BRDA:449,18,0,0
BRDA:449,18,1,0
BRF:37
BRH:0
end_of_record
TN:
SF:src/components/modules/ModuleComponents.tsx
FN:47,(anonymous_0)
FN:52,(anonymous_1)
FN:55,(anonymous_2)
FN:66,(anonymous_3)
FN:117,(anonymous_4)
FN:136,(anonymous_5)
FN:191,(anonymous_6)
FN:199,(anonymous_7)
FN:258,(anonymous_8)
FN:272,(anonymous_9)
FN:277,(anonymous_10)
FN:280,(anonymous_11)
FN:324,(anonymous_12)
FN:330,(anonymous_13)
FN:331,(anonymous_14)
FN:335,(anonymous_15)
FN:336,(anonymous_16)
FN:340,(anonymous_17)
FN:345,(anonymous_18)
FN:352,(anonymous_19)
FN:381,(anonymous_20)
FN:398,(anonymous_21)
FN:423,(anonymous_22)
FN:474,(anonymous_23)
FN:497,(anonymous_24)
FN:512,(anonymous_25)
FN:526,(anonymous_26)
FN:530,(anonymous_27)
FN:536,(anonymous_28)
FN:562,(anonymous_29)
FN:581,(anonymous_30)
FN:589,(anonymous_31)
FN:625,(anonymous_32)
FN:635,(anonymous_33)
FN:652,(anonymous_34)
FN:661,(anonymous_35)
FN:666,(anonymous_36)
FN:674,(anonymous_37)
FN:684,(anonymous_38)
FN:720,(anonymous_39)
FN:735,(anonymous_40)
FN:745,(anonymous_41)
FNF:42
FNH:0
FNDA:0,(anonymous_0)
FNDA:0,(anonymous_1)
FNDA:0,(anonymous_2)
FNDA:0,(anonymous_3)
FNDA:0,(anonymous_4)
FNDA:0,(anonymous_5)
FNDA:0,(anonymous_6)
FNDA:0,(anonymous_7)
FNDA:0,(anonymous_8)
FNDA:0,(anonymous_9)
FNDA:0,(anonymous_10)
FNDA:0,(anonymous_11)
FNDA:0,(anonymous_12)
FNDA:0,(anonymous_13)
FNDA:0,(anonymous_14)
FNDA:0,(anonymous_15)
FNDA:0,(anonymous_16)
FNDA:0,(anonymous_17)
FNDA:0,(anonymous_18)
FNDA:0,(anonymous_19)
FNDA:0,(anonymous_20)
FNDA:0,(anonymous_21)
FNDA:0,(anonymous_22)
FNDA:0,(anonymous_23)
FNDA:0,(anonymous_24)
FNDA:0,(anonymous_25)
FNDA:0,(anonymous_26)
FNDA:0,(anonymous_27)
FNDA:0,(anonymous_28)
FNDA:0,(anonymous_29)
FNDA:0,(anonymous_30)
FNDA:0,(anonymous_31)
FNDA:0,(anonymous_32)
FNDA:0,(anonymous_33)
FNDA:0,(anonymous_34)
FNDA:0,(anonymous_35)
FNDA:0,(anonymous_36)
FNDA:0,(anonymous_37)
FNDA:0,(anonymous_38)
FNDA:0,(anonymous_39)
FNDA:0,(anonymous_40)
FNDA:0,(anonymous_41)
DA:47,0
DA:52,0
DA:53,0
DA:55,0
DA:56,0
DA:57,0
DA:58,0
DA:59,0
DA:60,0
DA:66,0
DA:67,0
DA:69,0
DA:71,0
DA:73,0
DA:75,0
DA:77,0
DA:87,0
DA:117,0
DA:118,0
DA:120,0
DA:122,0
DA:124,0
DA:126,0
DA:128,0
DA:136,0
DA:137,0
DA:191,0
DA:192,0
DA:193,0
DA:196,0
DA:199,0
DA:200,0
DA:201,0
DA:203,0
DA:206,0
DA:208,0
DA:209,0
DA:213,0
DA:258,0
DA:259,0
DA:262,0
DA:263,0
DA:264,0
DA:265,0
DA:266,0
DA:267,0
DA:268,0
DA:270,0
DA:272,0
DA:275,0
DA:277,0
DA:278,0
DA:280,0
DA:281,0
DA:282,0
DA:285,0
DA:286,0
DA:287,0
DA:288,0
DA:289,0
DA:290,0
DA:291,0
DA:293,0
DA:294,0
DA:295,0
DA:296,0
DA:298,0
DA:301,0
DA:302,0
DA:309,0
DA:310,0
DA:311,0
DA:314,0
DA:315,0
DA:316,0
DA:317,0
DA:322,0
DA:324,0
DA:325,0
DA:330,0
DA:331,0
DA:335,0
DA:336,0
DA:340,0
DA:341,0
DA:345,0
DA:346,0
DA:347,0
DA:348,0
DA:352,0
DA:353,0
DA:354,0
DA:355,0
DA:358,0
DA:359,0
DA:366,0
DA:381,0
DA:398,0
DA:423,0
DA:475,0
DA:476,0
DA:497,0
DA:512,0
DA:527,0
DA:530,0
DA:536,0
DA:562,0
DA:582,0
DA:590,0
DA:625,0
DA:626,0
DA:627,0
DA:628,0
DA:629,0
DA:630,0
DA:633,0
DA:635,0
DA:636,0
DA:637,0
DA:641,0
DA:642,0
DA:649,0
DA:652,0
DA:653,0
DA:655,0
DA:656,0
DA:657,0
DA:661,0
DA:662,0
DA:666,0
DA:667,0
DA:669,0
DA:670,0
DA:673,0
DA:675,0
DA:678,0
DA:679,0
DA:684,0
DA:685,0
DA:686,0
DA:687,0
DA:688,0
DA:689,0
DA:692,0
DA:721,0
DA:735,0
DA:745,0
DA:864,0
DA:909,0
LF:149
LH:0
BRDA:56,0,0,0
BRDA:56,0,1,0
BRDA:59,1,0,0
BRDA:59,1,1,0
BRDA:67,2,0,0
BRDA:67,2,1,0
BRDA:67,2,2,0
BRDA:67,2,3,0
BRDA:67,2,4,0
BRDA:106,3,0,0
BRDA:106,3,1,0
BRDA:118,4,0,0
BRDA:118,4,1,0
BRDA:118,4,2,0
BRDA:118,4,3,0
BRDA:118,4,4,0
BRDA:196,5,0,0
BRDA:196,5,1,0
BRDA:208,6,0,0
BRDA:208,6,1,0
BRDA:208,7,0,0
BRDA:208,7,1,0
BRDA:247,8,0,0
BRDA:247,8,1,0
BRDA:281,9,0,0
BRDA:281,9,1,0
BRDA:293,10,0,0
BRDA:293,10,1,0
BRDA:294,11,0,0
BRDA:294,11,1,0
BRDA:309,12,0,0
BRDA:309,12,1,0
BRDA:310,13,0,0
BRDA:310,13,1,0
BRDA:315,14,0,0
BRDA:315,14,1,0
BRDA:358,15,0,0
BRDA:358,15,1,0
BRDA:368,16,0,0
BRDA:368,16,1,0
BRDA:379,17,0,0
BRDA:379,17,1,0
BRDA:386,18,0,0
BRDA:386,18,1,0
BRDA:396,19,0,0
BRDA:396,19,1,0
BRDA:403,20,0,0
BRDA:403,20,1,0
BRDA:408,21,0,0
BRDA:408,21,1,0
BRDA:421,22,0,0
BRDA:421,22,1,0
BRDA:428,23,0,0
BRDA:428,23,1,0
BRDA:433,24,0,0
BRDA:433,24,1,0
BRDA:446,25,0,0
BRDA:446,25,1,0
BRDA:456,26,0,0
BRDA:456,26,1,0
BRDA:458,27,0,0
BRDA:458,27,1,0
BRDA:469,28,0,0
BRDA:469,28,1,0
BRDA:485,29,0,0
BRDA:485,29,1,0
BRDA:522,30,0,0
BRDA:522,30,1,0
BRDA:534,31,0,0
BRDA:534,31,1,0
BRDA:551,32,0,0
BRDA:551,32,1,0
BRDA:572,33,0,0
BRDA:572,33,1,0
BRDA:609,34,0,0
BRDA:609,34,1,0
BRDA:636,35,0,0
BRDA:636,35,1,0
BRDA:641,36,0,0
BRDA:641,36,1,0
BRDA:653,37,0,0
BRDA:653,37,1,0
BRDA:653,38,0,0
BRDA:653,38,1,0
BRDA:669,39,0,0
BRDA:669,39,1,0
BRDA:696,40,0,0
BRDA:696,40,1,0
BRDA:725,41,0,0
BRDA:725,41,1,0
BRDA:727,42,0,0
BRDA:727,42,1,0
BRDA:727,42,2,0
BRDA:730,43,0,0
BRDA:730,43,1,0
BRDA:730,43,2,0
BRDA:730,43,3,0
BRDA:741,44,0,0
BRDA:741,44,1,0
BRDA:748,45,0,0
BRDA:748,45,1,0
BRDA:748,46,0,0
BRDA:748,46,1,0
BRDA:766,47,0,0
BRDA:766,47,1,0
BRDA:777,48,0,0
BRDA:777,48,1,0
BRDA:786,49,0,0
BRDA:786,49,1,0
BRDA:800,50,0,0
BRDA:800,50,1,0
BRDA:811,51,0,0
BRDA:811,51,1,0
BRDA:829,52,0,0
BRDA:829,52,1,0
BRDA:831,53,0,0
BRDA:831,53,1,0
BRDA:833,54,0,0
BRDA:833,54,1,0
BRF:119
BRH:0
end_of_record
TN:
SF:src/components/modules/ModuleContent.tsx
FN:14,(anonymous_0)
FN:30,(anonymous_1)
FN:44,(anonymous_2)
FN:56,(anonymous_3)
FNF:4
FNH:0
FNDA:0,(anonymous_0)
FNDA:0,(anonymous_1)
FNDA:0,(anonymous_2)
FNDA:0,(anonymous_3)
DA:14,0
DA:15,0
DA:17,0
DA:31,0
DA:45,0
DA:57,0
DA:89,0
LF:7
LH:0
BRDA:22,0,0,0
BRDA:22,0,1,0
BRDA:26,1,0,0
BRDA:26,1,1,0
BRDA:40,2,0,0
BRDA:40,2,1,0
BRDA:54,3,0,0
BRDA:54,3,1,0
BRDA:54,3,2,0
BRDA:79,4,0,0
BRDA:79,4,1,0
BRF:11
BRH:0
end_of_record
TN:
SF:src/components/modules/ModuleExercise.tsx
FN:27,(anonymous_0)
FN:35,(anonymous_1)
FN:37,(anonymous_2)
FN:51,(anonymous_3)
FN:108,(anonymous_4)
FN:119,(anonymous_5)
FN:123,(anonymous_6)
FN:166,(anonymous_7)
FN:265,(anonymous_8)
FNF:9
FNH:0
FNDA:0,(anonymous_0)
FNDA:0,(anonymous_1)
FNDA:0,(anonymous_2)
FNDA:0,(anonymous_3)
FNDA:0,(anonymous_4)
FNDA:0,(anonymous_5)
FNDA:0,(anonymous_6)
FNDA:0,(anonymous_7)
FNDA:0,(anonymous_8)
DA:27,0
DA:34,0
DA:35,0
DA:36,0
DA:37,0
DA:40,0
DA:41,0
DA:42,0
DA:43,0
DA:44,0
DA:45,0
DA:47,0
DA:48,0
DA:49,0
DA:51,0
DA:52,0
DA:55,0
DA:57,0
DA:58,0
DA:61,0
DA:62,0
DA:66,0
DA:67,0
DA:72,0
DA:75,0
DA:81,0
DA:83,0
DA:86,0
DA:87,0
DA:89,0
DA:94,0
DA:96,0
DA:102,0
DA:103,0
DA:104,0
DA:108,0
DA:113,0
DA:115,0
DA:116,0
DA:119,0
DA:123,0
DA:124,0
DA:126,0
DA:166,0
DA:167,0
DA:169,0
DA:172,0
DA:175,0
DA:202,0
DA:204,0
DA:208,0
DA:258,0
DA:261,0
DA:265,0
DA:266,0
DA:268,0
DA:270,0
DA:273,0
DA:276,0
DA:278,0
DA:282,0
DA:322,0
LF:62
LH:0
BRDA:30,0,0,0
BRDA:52,1,0,0
BRDA:52,1,1,0
BRDA:57,2,0,0
BRDA:57,2,1,0
BRDA:61,3,0,0
BRDA:61,3,1,0
BRDA:67,4,0,0
BRDA:67,4,1,0
BRDA:68,5,0,0
BRDA:68,5,1,0
BRDA:81,6,0,0
BRDA:81,6,1,0
BRDA:86,7,0,0
BRDA:86,7,1,0
BRDA:102,8,0,0
BRDA:102,8,1,0
BRDA:113,9,0,0
BRDA:113,9,1,0
BRDA:124,10,0,0
BRDA:124,10,1,0
BRDA:167,11,0,0
BRDA:167,11,1,0
BRDA:169,12,0,0
BRDA:169,12,1,0
BRDA:169,12,2,0
BRDA:169,12,3,0
BRDA:184,13,0,0
BRDA:184,13,1,0
BRDA:188,14,0,0
BRDA:188,14,1,0
BRDA:202,15,0,0
BRDA:202,15,1,0
BRDA:216,16,0,0
BRDA:216,16,1,0
BRDA:217,17,0,0
BRDA:217,17,1,0
BRDA:218,18,0,0
BRDA:218,18,1,0
BRDA:230,19,0,0
BRDA:230,19,1,0
BRDA:230,19,2,0
BRDA:240,20,0,0
BRDA:240,20,1,0
BRDA:241,21,0,0
BRDA:241,21,1,0
BRDA:242,22,0,0
BRDA:242,22,1,0
BRDA:266,23,0,0
BRDA:266,23,1,0
BRDA:268,24,0,0
BRDA:268,24,1,0
BRDA:268,24,2,0
BRDA:268,24,3,0
BRDA:270,25,0,0
BRDA:270,25,1,0
BRDA:287,26,0,0
BRDA:287,26,1,0
BRDA:310,27,0,0
BRDA:310,27,1,0
BRDA:313,28,0,0
BRDA:313,28,1,0
BRF:62
BRH:0
end_of_record
TN:
SF:src/components/modules/ModuleQuiz.tsx
FN:27,(anonymous_0)
FN:39,(anonymous_1)
FN:43,(anonymous_2)
FN:55,(anonymous_3)
FN:63,(anonymous_4)
FN:78,(anonymous_5)
FN:104,(anonymous_6)
FN:111,(anonymous_7)
FN:118,(anonymous_8)
FN:138,(anonymous_9)
FN:145,(anonymous_10)
FN:152,(anonymous_11)
FN:166,(anonymous_12)
FN:174,(anonymous_13)
FN:178,(anonymous_14)
FN:182,(anonymous_15)
FN:183,(anonymous_16)
FN:188,(anonymous_17)
FN:196,(anonymous_18)
FN:226,(anonymous_19)
FN:242,(anonymous_20)
FN:255,(anonymous_21)
FN:270,(anonymous_22)
FN:288,(anonymous_23)
FN:296,(anonymous_24)
FN:312,(anonymous_25)
FNF:26
FNH:0
FNDA:0,(anonymous_0)
FNDA:0,(anonymous_1)
FNDA:0,(anonymous_2)
FNDA:0,(anonymous_3)
FNDA:0,(anonymous_4)
FNDA:0,(anonymous_5)
FNDA:0,(anonymous_6)
FNDA:0,(anonymous_7)
FNDA:0,(anonymous_8)
FNDA:0,(anonymous_9)
FNDA:0,(anonymous_10)
FNDA:0,(anonymous_11)
FNDA:0,(anonymous_12)
FNDA:0,(anonymous_13)
FNDA:0,(anonymous_14)
FNDA:0,(anonymous_15)
FNDA:0,(anonymous_16)
FNDA:0,(anonymous_17)
FNDA:0,(anonymous_18)
FNDA:0,(anonymous_19)
FNDA:0,(anonymous_20)
FNDA:0,(anonymous_21)
FNDA:0,(anonymous_22)
FNDA:0,(anonymous_23)
FNDA:0,(anonymous_24)
FNDA:0,(anonymous_25)
DA:27,0
DA:34,0
DA:35,0
DA:36,0
DA:38,0
DA:39,0
DA:43,0
DA:45,0
DA:46,0
DA:47,0
DA:48,0
DA:49,0
DA:50,0
DA:51,0
DA:52,0
DA:55,0
DA:56,0
DA:57,0
DA:58,0
DA:61,0
DA:63,0
DA:64,0
DA:67,0
DA:70,0
DA:74,0
DA:75,0
DA:76,0
DA:77,0
DA:78,0
DA:81,0
DA:86,0
DA:87,0
DA:88,0
DA:89,0
DA:91,0
DA:92,0
DA:94,0
DA:95,0
DA:96,0
DA:99,0
DA:104,0
DA:107,0
DA:108,0
DA:109,0
DA:111,0
DA:113,0
DA:114,0
DA:115,0
DA:118,0
DA:119,0
DA:121,0
DA:124,0
DA:125,0
DA:126,0
DA:128,0
DA:131,0
DA:136,0
DA:138,0
DA:139,0
DA:140,0
DA:144,0
DA:145,0
DA:148,0
DA:149,0
DA:152,0
DA:161,0
DA:162,0
DA:166,0
DA:167,0
DA:169,0
DA:170,0
DA:171,0
DA:174,0
DA:178,0
DA:179,0
DA:182,0
DA:183,0
DA:184,0
DA:186,0
DA:188,0
DA:191,0
DA:196,0
DA:197,0
DA:199,0
DA:226,0
DA:227,0
DA:229,0
DA:233,0
DA:237,0
DA:243,0
DA:256,0
DA:267,0
DA:268,0
DA:271,0
DA:275,0
DA:289,0
DA:297,0
DA:309,0
DA:312,0
DA:313,0
DA:315,0
DA:316,0
DA:318,0
DA:319,0
DA:320,0
DA:321,0
DA:323,0
DA:327,0
DA:341,0
LF:109
LH:0
BRDA:30,0,0,0
BRDA:36,1,0,0
BRDA:36,1,1,0
BRDA:56,2,0,0
BRDA:56,2,1,0
BRDA:56,3,0,0
BRDA:56,3,1,0
BRDA:64,4,0,0
BRDA:64,4,1,0
BRDA:70,5,0,0
BRDA:70,5,1,0
BRDA:70,6,0,0
BRDA:70,6,1,0
BRDA:70,6,2,0
BRDA:70,6,3,0
BRDA:70,6,4,0
BRDA:75,7,0,0
BRDA:75,7,1,0
BRDA:77,8,0,0
BRDA:77,8,1,0
BRDA:87,9,0,0
BRDA:87,9,1,0
BRDA:87,10,0,0
BRDA:87,10,1,0
BRDA:94,11,0,0
BRDA:94,11,1,0
BRDA:102,12,0,0
BRDA:102,12,1,0
BRDA:109,13,0,0
BRDA:109,13,1,0
BRDA:119,14,0,0
BRDA:119,14,1,0
BRDA:124,15,0,0
BRDA:124,15,1,0
BRDA:126,16,0,0
BRDA:126,16,1,0
BRDA:128,17,0,0
BRDA:128,17,1,0
BRDA:131,18,0,0
BRDA:131,18,1,0
BRDA:137,19,0,0
BRDA:137,19,1,0
BRDA:139,20,0,0
BRDA:139,20,1,0
BRDA:144,21,0,0
BRDA:144,21,1,0
BRDA:161,22,0,0
BRDA:161,22,1,0
BRDA:167,23,0,0
BRDA:167,23,1,0
BRDA:184,24,0,0
BRDA:184,24,1,0
BRDA:184,25,0,0
BRDA:184,25,1,0
BRDA:186,26,0,0
BRDA:186,26,1,0
BRDA:197,27,0,0
BRDA:197,27,1,0
BRDA:205,28,0,0
BRDA:205,28,1,0
BRDA:211,29,0,0
BRDA:211,29,1,0
BRDA:215,30,0,0
BRDA:215,30,1,0
BRDA:227,31,0,0
BRDA:227,31,1,0
BRDA:227,32,0,0
BRDA:227,32,1,0
BRDA:229,33,0,0
BRDA:229,33,1,0
BRDA:233,34,0,0
BRDA:233,34,1,0
BRDA:234,35,0,0
BRDA:234,35,1,0
BRDA:247,36,0,0
BRDA:247,36,1,0
BRDA:247,36,2,0
BRDA:249,37,0,0
BRDA:249,37,1,0
BRDA:256,38,0,0
BRDA:256,38,1,0
BRDA:267,39,0,0
BRDA:267,39,1,0
BRDA:271,40,0,0
BRDA:271,40,1,0
BRDA:280,41,0,0
BRDA:280,41,1,0
BRDA:280,41,2,0
BRDA:282,42,0,0
BRDA:282,42,1,0
BRDA:289,43,0,0
BRDA:289,43,1,0
BRDA:294,44,0,0
BRDA:294,44,1,0
BRDA:297,45,0,0
BRDA:297,45,1,0
BRDA:313,46,0,0
BRDA:313,46,1,0
BRDA:318,47,0,0
BRDA:318,47,1,0
BRDA:320,48,0,0
BRDA:320,48,1,0
BRDA:346,49,0,0
BRDA:346,49,1,0
BRDA:350,50,0,0
BRDA:350,50,1,0
BRDA:362,51,0,0
BRDA:362,51,1,0
BRDA:380,52,0,0
BRDA:380,52,1,0
BRDA:384,53,0,0
BRDA:384,53,1,0
BRDA:394,54,0,0
BRDA:394,54,1,0
BRF:114
BRH:0
end_of_record
TN:
SF:src/components/modules/RModuleComponent.tsx
FN:18,(anonymous_0)
FN:25,(anonymous_1)
FN:31,(anonymous_2)
FN:38,(anonymous_3)
FN:68,(anonymous_4)
FN:77,(anonymous_5)
FN:99,(anonymous_6)
FNF:7
FNH:0
FNDA:0,(anonymous_0)
FNDA:0,(anonymous_1)
FNDA:0,(anonymous_2)
FNDA:0,(anonymous_3)
FNDA:0,(anonymous_4)
FNDA:0,(anonymous_5)
FNDA:0,(anonymous_6)
DA:18,0
DA:19,0
DA:20,0
DA:22,0
DA:23,0
DA:24,0
DA:25,0
DA:28,0
DA:29,0
DA:31,0
DA:32,0
DA:38,0
DA:39,0
DA:40,0
DA:41,0
DA:42,0
DA:43,0
DA:45,0
DA:46,0
DA:49,0
DA:50,0
DA:52,0
DA:55,0
DA:57,0
DA:60,0
DA:61,0
DA:63,0
DA:68,0
DA:69,0
DA:70,0
DA:74,0
DA:75,0
DA:77,0
DA:78,0
DA:81,0
DA:99,0
DA:116,0
DA:137,0
LF:38
LH:0
BRDA:39,0,0,0
BRDA:39,0,1,0
BRDA:39,1,0,0
BRDA:39,1,1,0
BRDA:43,2,0,0
BRDA:43,2,1,0
BRDA:45,3,0,0
BRDA:45,3,1,0
BRDA:49,4,0,0
BRDA:49,4,1,0
BRDA:49,5,0,0
BRDA:49,5,1,0
BRDA:60,6,0,0
BRDA:60,6,1,0
BRDA:60,7,0,0
BRDA:60,7,1,0
BRDA:69,8,0,0
BRDA:69,8,1,0
BRDA:74,9,0,0
BRDA:74,9,1,0
BRDA:75,10,0,0
BRDA:75,10,1,0
BRDA:78,11,0,0
BRDA:78,11,1,0
BRDA:98,12,0,0
BRDA:98,12,1,0
BRDA:109,13,0,0
BRDA:109,13,1,0
BRDA:109,14,0,0
BRDA:109,14,1,0
BRDA:119,15,0,0
BRDA:119,15,1,0
BRDA:122,16,0,0
BRDA:122,16,1,0
BRDA:127,17,0,0
BRDA:127,17,1,0
BRF:36
BRH:0
end_of_record
TN:
SF:src/components/modules/ResourceFormComponent.tsx
FN:22,(anonymous_0)
FN:41,(anonymous_1)
FN:64,(anonymous_2)
FN:72,(anonymous_3)
FN:109,(anonymous_4)
FN:117,(anonymous_5)
FN:137,(anonymous_6)
FN:158,(anonymous_7)
FN:171,(anonymous_8)
FNF:9
FNH:0
FNDA:0,(anonymous_0)
FNDA:0,(anonymous_1)
FNDA:0,(anonymous_2)
FNDA:0,(anonymous_3)
FNDA:0,(anonymous_4)
FNDA:0,(anonymous_5)
FNDA:0,(anonymous_6)
FNDA:0,(anonymous_7)
FNDA:0,(anonymous_8)
DA:22,0
DA:30,0
DA:31,0
DA:41,0
DA:42,0
DA:43,0
DA:44,0
DA:52,0
DA:64,0
DA:65,0
DA:67,0
DA:69,0
DA:72,0
DA:73,0
DA:74,0
DA:75,0
DA:76,0
DA:78,0
DA:79,0
DA:80,0
DA:84,0
DA:109,0
DA:118,0
DA:138,0
DA:139,0
DA:141,0
DA:159,0
DA:172,0
DA:201,0
LF:29
LH:0
BRDA:23,0,0,0
BRDA:24,1,0,0
BRDA:25,2,0,0
BRDA:42,3,0,0
BRDA:42,3,1,0
BRDA:43,4,0,0
BRDA:43,4,1,0
BRDA:46,5,0,0
BRDA:46,5,1,0
BRDA:47,6,0,0
BRDA:47,6,1,0
BRDA:48,7,0,0
BRDA:48,7,1,0
BRDA:49,8,0,0
BRDA:49,8,1,0
BRDA:65,9,0,0
BRDA:65,9,1,0
BRDA:73,10,0,0
BRDA:73,10,1,0
BRDA:74,11,0,0
BRDA:74,11,1,0
BRDA:75,12,0,0
BRDA:75,12,1,0
BRDA:78,13,0,0
BRDA:78,13,1,0
BRDA:79,14,0,0
BRDA:79,14,1,0
BRDA:92,15,0,0
BRDA:92,15,1,0
BRDA:97,16,0,0
BRDA:97,16,1,0
BRDA:98,17,0,0
BRDA:98,17,1,0
BRDA:101,18,0,0
BRDA:101,18,1,0
BRDA:128,19,0,0
BRDA:128,19,1,0
BRDA:136,20,0,0
BRDA:136,20,1,0
BRDA:138,21,0,0
BRDA:138,21,1,0
BRDA:154,22,0,0
BRDA:154,22,1,0
BRF:43
BRH:0
end_of_record
TN:
SF:src/components/modules/ResourceManager.tsx
FN:37,(anonymous_0)
FN:71,(anonymous_1)
FN:77,(anonymous_2)
FN:84,(anonymous_3)
FN:91,(anonymous_4)
FN:122,(anonymous_5)
FN:130,(anonymous_6)
FN:144,(anonymous_7)
FN:159,(anonymous_8)
FN:166,(anonymous_9)
FN:174,(anonymous_10)
FN:181,(anonymous_11)
FN:185,(anonymous_12)
FN:190,(anonymous_13)
FN:197,(anonymous_14)
FN:204,(anonymous_15)
FN:208,(anonymous_16)
FN:213,(anonymous_17)
FN:220,(anonymous_18)
FN:224,(anonymous_19)
FN:231,(anonymous_20)
FN:234,(anonymous_21)
FN:365,(anonymous_22)
FN:373,(anonymous_23)
FN:389,(anonymous_24)
FN:393,(anonymous_25)
FNF:26
FNH:0
FNDA:0,(anonymous_0)
FNDA:0,(anonymous_1)
FNDA:0,(anonymous_2)
FNDA:0,(anonymous_3)
FNDA:0,(anonymous_4)
FNDA:0,(anonymous_5)
FNDA:0,(anonymous_6)
FNDA:0,(anonymous_7)
FNDA:0,(anonymous_8)
FNDA:0,(anonymous_9)
FNDA:0,(anonymous_10)
FNDA:0,(anonymous_11)
FNDA:0,(anonymous_12)
FNDA:0,(anonymous_13)
FNDA:0,(anonymous_14)
FNDA:0,(anonymous_15)
FNDA:0,(anonymous_16)
FNDA:0,(anonymous_17)
FNDA:0,(anonymous_18)
FNDA:0,(anonymous_19)
FNDA:0,(anonymous_20)
FNDA:0,(anonymous_21)
FNDA:0,(anonymous_22)
FNDA:0,(anonymous_23)
FNDA:0,(anonymous_24)
FNDA:0,(anonymous_25)
DA:37,0
DA:41,0
DA:44,0
DA:45,0
DA:46,0
DA:47,0
DA:50,0
DA:51,0
DA:67,0
DA:70,0
DA:72,0
DA:77,0
DA:78,0
DA:79,0
DA:80,0
DA:81,0
DA:84,0
DA:85,0
DA:86,0
DA:87,0
DA:88,0
DA:91,0
DA:92,0
DA:93,0
DA:95,0
DA:96,0
DA:99,0
DA:100,0
DA:103,0
DA:105,0
DA:106,0
DA:109,0
DA:110,0
DA:115,0
DA:117,0
DA:118,0
DA:122,0
DA:123,0
DA:124,0
DA:125,0
DA:126,0
DA:127,0
DA:130,0
DA:131,0
DA:132,0
DA:134,0
DA:136,0
DA:145,0
DA:146,0
DA:147,0
DA:149,0
DA:150,0
DA:152,0
DA:159,0
DA:160,0
DA:161,0
DA:162,0
DA:163,0
DA:166,0
DA:167,0
DA:168,0
DA:169,0
DA:170,0
DA:174,0
DA:175,0
DA:177,0
DA:181,0
DA:185,0
DA:190,0
DA:197,0
DA:198,0
DA:200,0
DA:204,0
DA:208,0
DA:213,0
DA:220,0
DA:221,0
DA:223,0
DA:224,0
DA:227,0
DA:231,0
DA:232,0
DA:234,0
DA:235,0
DA:239,0
DA:240,0
DA:248,0
DA:365,0
DA:375,0
DA:378,0
DA:379,0
DA:381,0
DA:389,0
DA:393,0
DA:402,0
LF:95
LH:0
BRDA:39,0,0,0
BRDA:92,1,0,0
BRDA:92,1,1,0
BRDA:93,2,0,0
BRDA:93,2,1,0
BRDA:93,3,0,0
BRDA:93,3,1,0
BRDA:103,4,0,0
BRDA:103,4,1,0
BRDA:103,5,0,0
BRDA:103,5,1,0
BRDA:132,6,0,0
BRDA:132,6,1,0
BRDA:145,7,0,0
BRDA:145,7,1,0
BRDA:177,8,0,0
BRDA:177,8,1,0
BRDA:200,9,0,0
BRDA:200,9,1,0
BRDA:221,10,0,0
BRDA:221,10,1,0
BRDA:232,11,0,0
BRDA:232,11,1,0
BRDA:239,12,0,0
BRDA:239,12,1,0
BRDA:333,13,0,0
BRDA:333,13,1,0
BRDA:333,13,2,0
BRDA:378,14,0,0
BRDA:378,14,1,0
BRF:30
BRH:0
end_of_record
TN:
SF:src/components/modules/ResourceModule.tsx
FN:25,(anonymous_0)
FN:37,(anonymous_1)
FN:44,(anonymous_2)
FN:49,(anonymous_3)
FN:54,(anonymous_4)
FNF:5
FNH:0
FNDA:0,(anonymous_0)
FNDA:0,(anonymous_1)
FNDA:0,(anonymous_2)
FNDA:0,(anonymous_3)
FNDA:0,(anonymous_4)
DA:25,0
DA:26,0
DA:27,0
DA:28,0
DA:31,0
DA:34,0
DA:37,0
DA:38,0
DA:39,0
DA:44,0
DA:45,0
DA:49,0
DA:50,0
DA:54,0
DA:55,0
DA:58,0
DA:76,0
LF:17
LH:0
BRDA:38,0,0,0
BRDA:38,0,1,0
BRDA:60,1,0,0
BRDA:60,1,1,0
BRF:4
BRH:0
end_of_record
TN:
SF:src/components/modules/ResourceVisualizerComponent.tsx
FN:8,(anonymous_0)
FN:23,(anonymous_1)
FN:28,(anonymous_2)
FN:35,(anonymous_3)
FN:38,(anonymous_4)
FN:42,(anonymous_5)
FN:58,(anonymous_6)
FN:70,(anonymous_7)
FN:73,(anonymous_8)
FN:74,(anonymous_9)
FN:111,(anonymous_10)
FN:114,(anonymous_11)
FN:115,(anonymous_12)
FN:163,(anonymous_13)
FN:191,(anonymous_14)
FNF:15
FNH:0
FNDA:0,(anonymous_0)
FNDA:0,(anonymous_1)
FNDA:0,(anonymous_2)
FNDA:0,(anonymous_3)
FNDA:0,(anonymous_4)
FNDA:0,(anonymous_5)
FNDA:0,(anonymous_6)
FNDA:0,(anonymous_7)
FNDA:0,(anonymous_8)
FNDA:0,(anonymous_9)
FNDA:0,(anonymous_10)
FNDA:0,(anonymous_11)
FNDA:0,(anonymous_12)
FNDA:0,(anonymous_13)
FNDA:0,(anonymous_14)
DA:8,0
DA:18,0
DA:19,0
DA:20,0
DA:23,0
DA:28,0
DA:34,0
DA:35,0
DA:37,0
DA:38,0
DA:42,0
DA:43,0
DA:58,0
DA:59,0
DA:60,0
DA:61,0
DA:62,0
DA:64,0
DA:65,0
DA:66,0
DA:70,0
DA:71,0
DA:73,0
DA:74,0
DA:111,0
DA:112,0
DA:114,0
DA:115,0
DA:152,0
DA:163,0
DA:191,0
DA:286,0
LF:32
LH:0
BRDA:9,0,0,0
BRDA:10,1,0,0
BRDA:11,2,0,0
BRDA:14,3,0,0
BRDA:25,4,0,0
BRDA:25,4,1,0
BRDA:30,5,0,0
BRDA:30,5,1,0
BRDA:58,6,0,0
BRDA:59,7,0,0
BRDA:59,7,1,0
BRDA:60,8,0,0
BRDA:60,8,1,0
BRDA:60,9,0,0
BRDA:60,9,1,0
BRDA:61,10,0,0
BRDA:61,10,1,0
BRDA:61,11,0,0
BRDA:61,11,1,0
BRDA:62,12,0,0
BRDA:62,12,1,0
BRDA:64,13,0,0
BRDA:64,13,1,0
BRDA:64,14,0,0
BRDA:64,14,1,0
BRDA:65,15,0,0
BRDA:65,15,1,0
BRDA:65,16,0,0
BRDA:65,16,1,0
BRDA:66,17,0,0
BRDA:66,17,1,0
BRDA:72,18,0,0
BRDA:72,18,1,0
BRDA:73,19,0,0
BRDA:73,19,1,0
BRDA:76,20,0,0
BRDA:76,20,1,0
BRDA:98,21,0,0
BRDA:98,21,1,0
BRDA:102,22,0,0
BRDA:102,22,1,0
BRDA:113,23,0,0
BRDA:113,23,1,0
BRDA:114,24,0,0
BRDA:114,24,1,0
BRDA:117,25,0,0
BRDA:117,25,1,0
BRDA:139,26,0,0
BRDA:139,26,1,0
BRDA:143,27,0,0
BRDA:143,27,1,0
BRDA:158,28,0,0
BRDA:158,28,1,0
BRDA:168,29,0,0
BRDA:168,29,1,0
BRDA:173,30,0,0
BRDA:173,30,1,0
BRDA:186,31,0,0
BRDA:186,31,1,0
BRDA:196,32,0,0
BRDA:196,32,1,0
BRDA:201,33,0,0
BRDA:201,33,1,0
BRDA:213,34,0,0
BRDA:213,34,1,0
BRDA:215,35,0,0
BRDA:215,35,1,0
BRDA:228,36,0,0
BRDA:228,36,1,0
BRDA:242,37,0,0
BRDA:242,37,1,0
BRDA:244,38,0,0
BRDA:244,38,1,0
BRDA:257,39,0,0
BRDA:257,39,1,0
BRDA:272,40,0,0
BRDA:272,40,1,0
BRDA:272,41,0,0
BRDA:272,41,1,0
BRDA:272,41,2,0
BRDA:272,41,3,0
BRDA:276,42,0,0
BRDA:276,42,1,0
BRF:83
BRH:0
end_of_record
TN:
SF:src/components/modules/ValuesHierarchyComponent.tsx
FN:90,(anonymous_0)
FN:95,(anonymous_1)
FN:111,(anonymous_2)
FN:114,(anonymous_3)
FN:116,(anonymous_4)
FN:122,(anonymous_5)
FN:124,(anonymous_6)
FN:139,(anonymous_7)
FN:163,(anonymous_8)
FN:174,(anonymous_9)
FN:188,(anonymous_10)
FN:210,(anonymous_11)
FN:220,(anonymous_12)
FN:222,(anonymous_13)
FN:231,(anonymous_14)
FN:237,(anonymous_15)
FN:246,(anonymous_16)
FN:258,(anonymous_17)
FN:269,(anonymous_18)
FN:273,(anonymous_19)
FN:317,(anonymous_20)
FN:320,(anonymous_21)
FN:342,(anonymous_22)
FN:343,(anonymous_23)
FN:390,(anonymous_24)
FN:399,(anonymous_25)
FN:419,(anonymous_26)
FN:430,(anonymous_27)
FN:450,(anonymous_28)
FN:456,(anonymous_29)
FN:482,(anonymous_30)
FN:504,(anonymous_31)
FN:514,(anonymous_32)
FN:546,(anonymous_33)
FN:585,(anonymous_34)
FN:630,(anonymous_35)
FNF:36
FNH:0
FNDA:0,(anonymous_0)
FNDA:0,(anonymous_1)
FNDA:0,(anonymous_2)
FNDA:0,(anonymous_3)
FNDA:0,(anonymous_4)
FNDA:0,(anonymous_5)
FNDA:0,(anonymous_6)
FNDA:0,(anonymous_7)
FNDA:0,(anonymous_8)
FNDA:0,(anonymous_9)
FNDA:0,(anonymous_10)
FNDA:0,(anonymous_11)
FNDA:0,(anonymous_12)
FNDA:0,(anonymous_13)
FNDA:0,(anonymous_14)
FNDA:0,(anonymous_15)
FNDA:0,(anonymous_16)
FNDA:0,(anonymous_17)
FNDA:0,(anonymous_18)
FNDA:0,(anonymous_19)
FNDA:0,(anonymous_20)
FNDA:0,(anonymous_21)
FNDA:0,(anonymous_22)
FNDA:0,(anonymous_23)
FNDA:0,(anonymous_24)
FNDA:0,(anonymous_25)
FNDA:0,(anonymous_26)
FNDA:0,(anonymous_27)
FNDA:0,(anonymous_28)
FNDA:0,(anonymous_29)
FNDA:0,(anonymous_30)
FNDA:0,(anonymous_31)
FNDA:0,(anonymous_32)
FNDA:0,(anonymous_33)
FNDA:0,(anonymous_34)
FNDA:0,(anonymous_35)
DA:47,0
DA:90,0
DA:94,0
DA:95,0
DA:98,0
DA:101,0
DA:102,0
DA:105,0
DA:106,0
DA:108,0
DA:109,0
DA:111,0
DA:113,0
DA:114,0
DA:115,0
DA:116,0
DA:117,0
DA:122,0
DA:123,0
DA:124,0
DA:127,0
DA:128,0
DA:130,0
DA:139,0
DA:140,0
DA:141,0
DA:142,0
DA:145,0
DA:146,0
DA:147,0
DA:150,0
DA:151,0
DA:155,0
DA:158,0
DA:159,0
DA:163,0
DA:164,0
DA:165,0
DA:166,0
DA:170,0
DA:174,0
DA:179,0
DA:180,0
DA:181,0
DA:183,0
DA:184,0
DA:185,0
DA:186,0
DA:188,0
DA:190,0
DA:191,0
DA:195,0
DA:198,0
DA:199,0
DA:201,0
DA:202,0
DA:206,0
DA:210,0
DA:215,0
DA:220,0
DA:222,0
DA:227,0
DA:231,0
DA:232,0
DA:233,0
DA:237,0
DA:238,0
DA:240,0
DA:241,0
DA:242,0
DA:246,0
DA:247,0
DA:252,0
DA:253,0
DA:254,0
DA:258,0
DA:259,0
DA:270,0
DA:273,0
DA:318,0
DA:320,0
DA:342,0
DA:343,0
DA:348,0
DA:376,0
DA:390,0
DA:400,0
DA:419,0
DA:420,0
DA:431,0
DA:450,0
DA:456,0
DA:482,0
DA:504,0
DA:514,0
DA:515,0
DA:547,0
DA:580,0
DA:586,0
DA:589,0
DA:590,0
DA:592,0
DA:630,0
DA:631,0
DA:632,0
DA:635,0
LF:106
LH:0
BRDA:92,0,0,0
BRDA:113,1,0,0
BRDA:113,1,1,0
BRDA:113,2,0,0
BRDA:113,2,1,0
BRDA:123,3,0,0
BRDA:123,3,1,0
BRDA:127,4,0,0
BRDA:127,4,1,0
BRDA:140,5,0,0
BRDA:140,5,1,0
BRDA:145,6,0,0
BRDA:145,6,1,0
BRDA:150,7,0,0
BRDA:150,7,1,0
BRDA:164,8,0,0
BRDA:164,8,1,0
BRDA:165,9,0,0
BRDA:165,9,1,0
BRDA:181,10,0,0
BRDA:181,10,1,0
BRDA:186,11,0,0
BRDA:186,11,1,0
BRDA:190,12,0,0
BRDA:190,12,1,0
BRDA:199,13,0,0
BRDA:199,13,1,0
BRDA:201,14,0,0
BRDA:201,14,1,0
BRDA:233,15,0,0
BRDA:233,15,1,0
BRDA:238,16,0,0
BRDA:238,16,1,0
BRDA:240,17,0,0
BRDA:240,17,1,0
BRDA:247,18,0,0
BRDA:247,18,1,0
BRDA:276,19,0,0
BRDA:276,19,1,0
BRDA:281,20,0,0
BRDA:281,20,1,0
BRDA:356,21,0,0
BRDA:356,21,1,0
BRDA:442,22,0,0
BRDA:442,22,1,0
BRDA:467,23,0,0
BRDA:467,23,1,0
BRDA:597,24,0,0
BRDA:597,24,1,0
BRDA:598,25,0,0
BRDA:598,25,1,0
BRDA:599,26,0,0
BRDA:599,26,1,0
BRDA:599,27,0,0
BRDA:599,27,1,0
BRDA:609,28,0,0
BRDA:609,28,1,0
BRDA:609,28,2,0
BRDA:621,29,0,0
BRDA:621,29,1,0
BRDA:622,30,0,0
BRDA:622,30,1,0
BRDA:623,31,0,0
BRDA:623,31,1,0
BRDA:624,32,0,0
BRDA:624,32,1,0
BRF:66
BRH:0
end_of_record
TN:
SF:src/components/modules/VisionBoardExercise.tsx
FN:22,(anonymous_0)
FN:31,(anonymous_1)
FN:58,(anonymous_2)
FN:90,(anonymous_3)
FN:125,(anonymous_4)
FN:168,(anonymous_5)
FN:180,(anonymous_6)
FN:198,(anonymous_7)
FNF:8
FNH:0
FNDA:0,(anonymous_0)
FNDA:0,(anonymous_1)
FNDA:0,(anonymous_2)
FNDA:0,(anonymous_3)
FNDA:0,(anonymous_4)
FNDA:0,(anonymous_5)
FNDA:0,(anonymous_6)
FNDA:0,(anonymous_7)
DA:22,0
DA:28,0
DA:29,0
DA:30,0
DA:31,0
DA:33,0
DA:42,0
DA:43,0
DA:46,0
DA:58,0
DA:59,0
DA:60,0
DA:64,0
DA:67,0
DA:68,0
DA:70,0
DA:86,0
DA:89,0
DA:90,0
DA:106,0
DA:110,0
DA:114,0
DA:119,0
DA:127,0
DA:128,0
DA:138,0
DA:139,0
DA:144,0
DA:148,0
DA:170,0
DA:182,0
DA:198,0
DA:210,0
LF:33
LH:0
BRDA:46,0,0,0
BRDA:46,0,1,0
BRDA:59,1,0,0
BRDA:59,1,1,0
BRDA:86,2,0,0
BRDA:86,2,1,0
BRDA:89,3,0,0
BRDA:89,3,1,0
BRDA:89,4,0,0
BRDA:89,4,1,0
BRDA:95,5,0,0
BRDA:95,5,1,0
BRDA:96,6,0,0
BRDA:96,6,1,0
BRDA:103,7,0,0
BRDA:103,7,1,0
BRDA:110,8,0,0
BRDA:110,8,1,0
BRDA:127,9,0,0
BRDA:127,9,1,0
BRF:20
BRH:0
end_of_record
TN:
SF:src/components/modules/index.ts
FNF:0
FNH:0
LF:0
LH:0
BRF:0
BRH:0
end_of_record
TN:
SF:src/components/onboarding/KLARELogo.tsx
FN:10,(anonymous_0)
FN:17,(anonymous_1)
FN:76,(anonymous_2)
FNF:3
FNH:0
FNDA:0,(anonymous_0)
FNDA:0,(anonymous_1)
FNDA:0,(anonymous_2)
DA:10,0
DA:14,0
DA:15,0
DA:17,0
DA:18,0
DA:20,0
DA:36,0
DA:53,0
DA:58,0
DA:59,0
DA:61,0
DA:77,0
DA:78,0
DA:79,0
DA:80,0
DA:82,0
DA:121,0
LF:17
LH:0
BRDA:11,0,0,0
BRDA:12,1,0,0
BRDA:18,2,0,0
BRDA:18,2,1,0
BRDA:68,3,0,0
BRDA:68,3,1,0
BRF:6
BRH:0
end_of_record
TN:
SF:src/components/onboarding/OnboardingProgress.tsx
FN:10,(anonymous_0)
FN:17,(anonymous_1)
FNF:2
FNH:0
FNDA:0,(anonymous_0)
FNDA:0,(anonymous_1)
DA:10,0
DA:14,0
DA:18,0
DA:35,0
LF:4
LH:0
BRDA:23,0,0,0
BRDA:23,0,1,0
BRF:2
BRH:0
end_of_record
TN:
SF:src/components/onboarding/index.ts
FNF:0
FNH:0
LF:0
LH:0
BRF:0
BRH:0
end_of_record
TN:
SF:src/components/resources/ResourceFinder.tsx
FN:85,(anonymous_0)
FN:93,(anonymous_1)
FN:150,(anonymous_2)
FN:161,(anonymous_3)
FN:169,(anonymous_4)
FN:209,(anonymous_5)
FN:245,(anonymous_6)
FN:259,(anonymous_7)
FN:295,(anonymous_8)
FN:304,(anonymous_9)
FN:310,(anonymous_10)
FN:319,(anonymous_11)
FN:339,(anonymous_12)
FN:364,(anonymous_13)
FN:384,(anonymous_14)
FN:428,(anonymous_15)
FN:441,(anonymous_16)
FN:445,(anonymous_17)
FN:521,(anonymous_18)
FN:550,(anonymous_19)
FN:554,(anonymous_20)
FN:566,(anonymous_21)
FN:623,(anonymous_22)
FN:703,(anonymous_23)
FN:779,(anonymous_24)
FN:881,(anonymous_25)
FNF:26
FNH:0
FNDA:0,(anonymous_0)
FNDA:0,(anonymous_1)
FNDA:0,(anonymous_2)
FNDA:0,(anonymous_3)
FNDA:0,(anonymous_4)
FNDA:0,(anonymous_5)
FNDA:0,(anonymous_6)
FNDA:0,(anonymous_7)
FNDA:0,(anonymous_8)
FNDA:0,(anonymous_9)
FNDA:0,(anonymous_10)
FNDA:0,(anonymous_11)
FNDA:0,(anonymous_12)
FNDA:0,(anonymous_13)
FNDA:0,(anonymous_14)
FNDA:0,(anonymous_15)
FNDA:0,(anonymous_16)
FNDA:0,(anonymous_17)
FNDA:0,(anonymous_18)
FNDA:0,(anonymous_19)
FNDA:0,(anonymous_20)
FNDA:0,(anonymous_21)
FNDA:0,(anonymous_22)
FNDA:0,(anonymous_23)
FNDA:0,(anonymous_24)
FNDA:0,(anonymous_25)
DA:47,0
DA:85,0
DA:86,0
DA:87,0
DA:89,0
DA:90,0
DA:91,0
DA:92,0
DA:93,0
DA:97,0
DA:98,0
DA:99,0
DA:100,0
DA:101,0
DA:104,0
DA:105,0
DA:106,0
DA:110,0
DA:113,0
DA:150,0
DA:151,0
DA:153,0
DA:158,0
DA:161,0
DA:162,0
DA:163,0
DA:164,0
DA:169,0
DA:171,0
DA:174,0
DA:175,0
DA:178,0
DA:180,0
DA:182,0
DA:183,0
DA:186,0
DA:187,0
DA:191,0
DA:194,0
DA:195,0
DA:201,0
DA:204,0
DA:209,0
DA:210,0
DA:213,0
DA:214,0
DA:215,0
DA:219,0
DA:221,0
DA:225,0
DA:226,0
DA:230,0
DA:232,0
DA:236,0
DA:238,0
DA:245,0
DA:249,0
DA:251,0
DA:254,0
DA:259,0
DA:260,0
DA:262,0
DA:270,0
DA:273,0
DA:276,0
DA:279,0
DA:280,0
DA:283,0
DA:286,0
DA:287,0
DA:295,0
DA:296,0
DA:297,0
DA:304,0
DA:305,0
DA:306,0
DA:310,0
DA:311,0
DA:312,0
DA:313,0
DA:314,0
DA:315,0
DA:319,0
DA:320,0
DA:322,0
DA:324,0
DA:326,0
DA:328,0
DA:330,0
DA:332,0
DA:334,0
DA:339,0
DA:342,0
DA:344,0
DA:346,0
DA:348,0
DA:350,0
DA:352,0
DA:354,0
DA:356,0
DA:361,0
DA:364,0
DA:365,0
DA:367,0
DA:369,0
DA:371,0
DA:373,0
DA:375,0
DA:377,0
DA:379,0
DA:384,0
DA:385,0
DA:428,0
DA:429,0
DA:442,0
DA:445,0
DA:521,0
DA:522,0
DA:551,0
DA:554,0
DA:567,0
DA:623,0
DA:624,0
DA:703,0
DA:704,0
DA:779,0
DA:780,0
DA:855,0
DA:881,0
DA:885,0
LF:130
LH:0
BRDA:91,0,0,0
BRDA:91,0,1,0
BRDA:110,1,0,0
BRDA:110,1,1,0
BRDA:151,2,0,0
BRDA:151,2,1,0
BRDA:162,3,0,0
BRDA:162,3,1,0
BRDA:174,4,0,0
BRDA:174,4,1,0
BRDA:178,5,0,0
BRDA:178,5,1,0
BRDA:180,6,0,0
BRDA:180,6,1,0
BRDA:186,7,0,0
BRDA:186,7,1,0
BRDA:186,8,0,0
BRDA:186,8,1,0
BRDA:194,9,0,0
BRDA:194,9,1,0
BRDA:194,10,0,0
BRDA:194,10,1,0
BRDA:210,11,0,0
BRDA:210,11,1,0
BRDA:210,11,2,0
BRDA:210,11,3,0
BRDA:214,12,0,0
BRDA:214,12,1,0
BRDA:225,13,0,0
BRDA:225,13,1,0
BRDA:236,14,0,0
BRDA:236,14,1,0
BRDA:279,15,0,0
BRDA:279,15,1,0
BRDA:306,16,0,0
BRDA:306,16,1,0
BRDA:311,17,0,0
BRDA:311,17,1,0
BRDA:312,18,0,0
BRDA:312,18,1,0
BRDA:313,19,0,0
BRDA:313,19,1,0
BRDA:314,20,0,0
BRDA:314,20,1,0
BRDA:320,21,0,0
BRDA:320,21,1,0
BRDA:320,21,2,0
BRDA:320,21,3,0
BRDA:320,21,4,0
BRDA:320,21,5,0
BRDA:320,21,6,0
BRDA:342,22,0,0
BRDA:342,22,1,0
BRDA:342,22,2,0
BRDA:342,22,3,0
BRDA:342,22,4,0
BRDA:342,22,5,0
BRDA:342,22,6,0
BRDA:365,23,0,0
BRDA:365,23,1,0
BRDA:365,23,2,0
BRDA:365,23,3,0
BRDA:365,23,4,0
BRDA:365,23,5,0
BRDA:365,23,6,0
BRDA:448,24,0,0
BRDA:448,24,1,0
BRDA:451,25,0,0
BRDA:451,25,1,0
BRDA:454,26,0,0
BRDA:454,26,1,0
BRDA:460,27,0,0
BRDA:460,27,1,0
BRDA:470,28,0,0
BRDA:470,28,1,0
BRDA:557,29,0,0
BRDA:557,29,1,0
BRDA:562,30,0,0
BRDA:562,30,1,0
BRDA:571,31,0,0
BRDA:571,31,1,0
BRDA:643,32,0,0
BRDA:643,32,1,0
BRDA:815,33,0,0
BRDA:815,33,1,0
BRDA:857,34,0,0
BRDA:857,34,1,0
BRF:87
BRH:0
end_of_record
TN:
SF:src/components/resources/ResourceLibrary.tsx
FN:45,(anonymous_0)
FN:57,(anonymous_1)
FN:79,(anonymous_2)
FN:84,(anonymous_3)
FN:91,(anonymous_4)
FN:100,(anonymous_5)
FN:113,(anonymous_6)
FN:148,(anonymous_7)
FN:168,(anonymous_8)
FN:188,(anonymous_9)
FN:226,(anonymous_10)
FN:241,(anonymous_11)
FN:260,(anonymous_12)
FN:270,(anonymous_13)
FN:287,(anonymous_14)
FN:292,(anonymous_15)
FN:299,(anonymous_16)
FN:308,(anonymous_17)
FN:334,(anonymous_18)
FN:371,(anonymous_19)
FN:404,(anonymous_20)
FN:414,(anonymous_21)
FN:422,(anonymous_22)
FN:451,(anonymous_23)
FN:474,(anonymous_24)
FN:497,(anonymous_25)
FN:518,(anonymous_26)
FN:519,(anonymous_27)
FN:549,(anonymous_28)
FN:557,(anonymous_29)
FN:563,(anonymous_30)
FN:570,(anonymous_31)
FN:574,(anonymous_32)
FN:578,(anonymous_33)
FN:593,(anonymous_34)
FN:603,(anonymous_35)
FN:614,(anonymous_36)
FNF:37
FNH:0
FNDA:0,(anonymous_0)
FNDA:0,(anonymous_1)
FNDA:0,(anonymous_2)
FNDA:0,(anonymous_3)
FNDA:0,(anonymous_4)
FNDA:0,(anonymous_5)
FNDA:0,(anonymous_6)
FNDA:0,(anonymous_7)
FNDA:0,(anonymous_8)
FNDA:0,(anonymous_9)
FNDA:0,(anonymous_10)
FNDA:0,(anonymous_11)
FNDA:0,(anonymous_12)
FNDA:0,(anonymous_13)
FNDA:0,(anonymous_14)
FNDA:0,(anonymous_15)
FNDA:0,(anonymous_16)
FNDA:0,(anonymous_17)
FNDA:0,(anonymous_18)
FNDA:0,(anonymous_19)
FNDA:0,(anonymous_20)
FNDA:0,(anonymous_21)
FNDA:0,(anonymous_22)
FNDA:0,(anonymous_23)
FNDA:0,(anonymous_24)
FNDA:0,(anonymous_25)
FNDA:0,(anonymous_26)
FNDA:0,(anonymous_27)
FNDA:0,(anonymous_28)
FNDA:0,(anonymous_29)
FNDA:0,(anonymous_30)
FNDA:0,(anonymous_31)
FNDA:0,(anonymous_32)
FNDA:0,(anonymous_33)
FNDA:0,(anonymous_34)
FNDA:0,(anonymous_35)
FNDA:0,(anonymous_36)
DA:45,0
DA:49,0
DA:50,0
DA:51,0
DA:52,0
DA:53,0
DA:54,0
DA:56,0
DA:57,0
DA:61,0
DA:62,0
DA:63,0
DA:66,0
DA:67,0
DA:68,0
DA:71,0
DA:72,0
DA:79,0
DA:80,0
DA:84,0
DA:85,0
DA:86,0
DA:87,0
DA:91,0
DA:92,0
DA:93,0
DA:95,0
DA:100,0
DA:101,0
DA:103,0
DA:104,0
DA:105,0
DA:106,0
DA:108,0
DA:113,0
DA:115,0
DA:117,0
DA:119,0
DA:120,0
DA:122,0
DA:123,0
DA:126,0
DA:127,0
DA:131,0
DA:132,0
DA:136,0
DA:137,0
DA:138,0
DA:141,0
DA:145,0
DA:148,0
DA:149,0
DA:151,0
DA:153,0
DA:155,0
DA:157,0
DA:159,0
DA:161,0
DA:163,0
DA:168,0
DA:169,0
DA:171,0
DA:173,0
DA:175,0
DA:177,0
DA:179,0
DA:181,0
DA:183,0
DA:188,0
DA:189,0
DA:191,0
DA:192,0
DA:193,0
DA:194,0
DA:196,0
DA:197,0
DA:198,0
DA:199,0
DA:200,0
DA:201,0
DA:203,0
DA:205,0
DA:208,0
DA:209,0
DA:212,0
DA:213,0
DA:216,0
DA:217,0
DA:218,0
DA:221,0
DA:222,0
DA:226,0
DA:227,0
DA:242,0
DA:243,0
DA:244,0
DA:245,0
DA:247,0
DA:248,0
DA:260,0
DA:261,0
DA:270,0
DA:271,0
DA:273,0
DA:287,0
DA:292,0
DA:300,0
DA:301,0
DA:309,0
DA:310,0
DA:311,0
DA:335,0
DA:371,0
DA:382,0
DA:404,0
DA:414,0
DA:423,0
DA:424,0
DA:425,0
DA:426,0
DA:428,0
DA:429,0
DA:451,0
DA:474,0
DA:497,0
DA:518,0
DA:520,0
DA:549,0
DA:557,0
DA:564,0
DA:565,0
DA:571,0
DA:575,0
DA:576,0
DA:579,0
DA:593,0
DA:603,0
DA:614,0
DA:615,0
LF:139
LH:0
BRDA:46,0,0,0
BRDA:52,1,0,0
BRDA:52,1,1,0
BRDA:54,2,0,0
BRDA:54,2,1,0
BRDA:101,3,0,0
BRDA:101,3,1,0
BRDA:117,4,0,0
BRDA:117,4,1,0
BRDA:117,4,2,0
BRDA:117,4,3,0
BRDA:131,5,0,0
BRDA:131,5,1,0
BRDA:136,6,0,0
BRDA:136,6,1,0
BRDA:149,7,0,0
BRDA:149,7,1,0
BRDA:149,7,2,0
BRDA:149,7,3,0
BRDA:149,7,4,0
BRDA:149,7,5,0
BRDA:149,7,6,0
BRDA:169,8,0,0
BRDA:169,8,1,0
BRDA:169,8,2,0
BRDA:169,8,3,0
BRDA:169,8,4,0
BRDA:169,8,5,0
BRDA:169,8,6,0
BRDA:189,9,0,0
BRDA:189,9,1,0
BRDA:196,10,0,0
BRDA:196,10,1,0
BRDA:198,11,0,0
BRDA:198,11,1,0
BRDA:200,12,0,0
BRDA:200,12,1,0
BRDA:208,13,0,0
BRDA:208,13,1,0
BRDA:212,14,0,0
BRDA:212,14,1,0
BRDA:216,15,0,0
BRDA:216,15,1,0
BRDA:218,16,0,0
BRDA:218,16,1,0
BRDA:222,17,0,0
BRDA:222,17,1,0
BRDA:243,18,0,0
BRDA:243,18,1,0
BRDA:322,19,0,0
BRDA:322,19,1,0
BRDA:339,20,0,0
BRDA:339,20,1,0
BRDA:348,21,0,0
BRDA:348,21,1,0
BRDA:355,22,0,0
BRDA:355,22,1,0
BRDA:399,23,0,0
BRDA:399,23,1,0
BRDA:424,24,0,0
BRDA:424,24,1,0
BRDA:441,25,0,0
BRDA:441,25,1,0
BRDA:446,26,0,0
BRDA:446,26,1,0
BRDA:456,27,0,0
BRDA:456,27,1,0
BRDA:469,28,0,0
BRDA:469,28,1,0
BRDA:479,29,0,0
BRDA:479,29,1,0
BRDA:492,30,0,0
BRDA:492,30,1,0
BRDA:502,31,0,0
BRDA:502,31,1,0
BRDA:514,32,0,0
BRDA:514,32,1,0
BRDA:523,33,0,0
BRDA:523,33,1,0
BRDA:543,34,0,0
BRDA:543,34,1,0
BRDA:545,35,0,0
BRDA:545,35,1,0
BRF:83
BRH:0
end_of_record
TN:
SF:src/components/transformation/TransformationList.tsx
FN:20,(anonymous_0)
FN:30,(anonymous_1)
FN:43,(anonymous_2)
FN:50,(anonymous_3)
FNF:4
FNH:0
FNDA:0,(anonymous_0)
FNDA:0,(anonymous_1)
FNDA:0,(anonymous_2)
FNDA:0,(anonymous_3)
DA:20,0
DA:26,0
DA:27,0
DA:28,0
DA:30,0
DA:31,0
DA:34,0
DA:44,0
DA:50,0
DA:57,0
LF:10
LH:0
BRDA:21,0,0,0
BRDA:31,1,0,0
BRDA:31,1,1,0
BRDA:38,2,0,0
BRDA:38,2,1,0
BRF:5
BRH:0
end_of_record
TN:
SF:src/components/transformation/TransformationPath.tsx
FN:28,(anonymous_0)
FN:43,(anonymous_1)
FN:60,(anonymous_2)
FNF:3
FNH:0
FNDA:0,(anonymous_0)
FNDA:0,(anonymous_1)
FNDA:0,(anonymous_2)
DA:28,0
DA:35,0
DA:36,0
DA:39,0
DA:40,0
DA:43,0
DA:44,0
DA:45,0
DA:51,0
DA:52,0
DA:60,0
DA:61,0
DA:70,0
DA:81,0
DA:151,0
LF:15
LH:0
BRDA:32,0,0,0
BRDA:51,1,0,0
BRDA:51,1,1,0
BRDA:65,2,0,0
BRDA:65,2,1,0
BRDA:66,3,0,0
BRDA:66,3,1,0
BRDA:66,4,0,0
BRDA:66,4,1,0
BRDA:100,5,0,0
BRDA:100,5,1,0
BRDA:139,6,0,0
BRDA:139,6,1,0
BRF:13
BRH:0
end_of_record
TN:
SF:src/components/transformation/index.ts
FNF:0
FNH:0
LF:0
LH:0
BRF:0
BRH:0
end_of_record
TN:
SF:src/components/ui/Button.tsx
FN:26,(anonymous_0)
FN:38,(anonymous_1)
FN:52,(anonymous_2)
FN:66,(anonymous_3)
FNF:4
FNH:0
FNDA:0,(anonymous_0)
FNDA:0,(anonymous_1)
FNDA:0,(anonymous_2)
FNDA:0,(anonymous_3)
DA:26,0
DA:38,0
DA:39,0
DA:40,0
DA:41,0
DA:42,0
DA:44,0
DA:52,0
DA:53,0
DA:54,0
DA:55,0
DA:56,0
DA:58,0
DA:66,0
DA:67,0
DA:68,0
DA:79,0
DA:82,0
DA:83,0
DA:86,0
DA:95,0
DA:107,0
LF:22
LH:0
BRDA:29,0,0,0
BRDA:30,1,0,0
BRDA:31,2,0,0
BRDA:32,3,0,0
BRDA:36,4,0,0
BRDA:42,5,0,0
BRDA:42,5,1,0
BRDA:56,6,0,0
BRDA:56,6,1,0
BRDA:67,7,0,0
BRDA:67,7,1,0
BRDA:71,8,0,0
BRDA:71,8,1,0
BRDA:82,9,0,0
BRDA:82,9,1,0
BRDA:88,10,0,0
BRDA:88,10,1,0
BRDA:90,11,0,0
BRDA:90,11,1,0
BRDA:99,12,0,0
BRDA:99,12,1,0
BRF:21
BRH:0
end_of_record
TN:
SF:src/components/ui/Text.tsx
FN:11,(anonymous_0)
FN:18,(anonymous_1)
FN:37,(anonymous_2)
FNF:3
FNH:0
FNDA:0,(anonymous_0)
FNDA:0,(anonymous_1)
FNDA:0,(anonymous_2)
DA:11,0
DA:18,0
DA:19,0
DA:21,0
DA:23,0
DA:25,0
DA:27,0
DA:29,0
DA:31,0
DA:33,0
DA:37,0
DA:38,0
DA:40,0
DA:42,0
DA:44,0
DA:46,0
DA:50,0
DA:63,0
LF:18
LH:0
BRDA:12,0,0,0
BRDA:14,1,0,0
BRDA:19,2,0,0
BRDA:19,2,1,0
BRDA:19,2,2,0
BRDA:19,2,3,0
BRDA:19,2,4,0
BRDA:19,2,5,0
BRDA:19,2,6,0
BRDA:38,3,0,0
BRDA:38,3,1,0
BRDA:38,3,2,0
BRDA:38,3,3,0
BRDA:55,4,0,0
BRDA:55,4,1,0
BRF:15
BRH:0
end_of_record
TN:
SF:src/components/ui/index.ts
FNF:0
FNH:0
LF:0
LH:0
BRF:0
BRH:0
end_of_record
TN:
SF:src/components/vision-board/VisionBoardEditor.tsx
FN:54,(anonymous_0)
FN:62,(anonymous_1)
FN:77,(anonymous_2)
FN:86,(anonymous_3)
FN:92,(anonymous_4)
FN:150,(anonymous_5)
FN:154,(anonymous_6)
FN:188,(anonymous_7)
FN:189,(anonymous_8)
FN:213,(anonymous_9)
FN:226,(anonymous_10)
FN:235,(anonymous_11)
FN:248,(anonymous_12)
FN:251,(anonymous_13)
FN:262,(anonymous_14)
FN:279,(anonymous_15)
FN:284,(anonymous_16)
FN:285,(anonymous_17)
FN:288,(anonymous_18)
FN:294,(anonymous_19)
FN:295,(anonymous_20)
FN:296,(anonymous_21)
FN:301,(anonymous_22)
FN:323,(anonymous_23)
FN:327,(anonymous_24)
FN:335,(anonymous_25)
FN:340,(anonymous_26)
FN:353,(anonymous_27)
FN:366,(anonymous_28)
FN:376,(anonymous_29)
FN:383,(anonymous_30)
FN:395,(anonymous_31)
FN:455,(anonymous_32)
FN:461,(anonymous_33)
FN:467,(anonymous_34)
FN:473,(anonymous_35)
FN:495,(anonymous_36)
FN:549,(anonymous_37)
FN:626,(anonymous_38)
FN:645,(anonymous_39)
FN:722,(anonymous_40)
FN:752,(anonymous_41)
FN:752,(anonymous_42)
FN:777,(anonymous_43)
FN:782,(anonymous_44)
FN:787,(anonymous_45)
FN:804,(anonymous_46)
FN:805,(anonymous_47)
FN:810,(anonymous_48)
FN:868,(anonymous_49)
FN:886,(anonymous_50)
FN:891,(anonymous_51)
FN:899,(anonymous_52)
FN:936,(anonymous_53)
FN:939,(anonymous_54)
FN:982,(anonymous_55)
FN:985,(anonymous_56)
FN:1019,(anonymous_57)
FN:1022,(anonymous_58)
FN:1046,(anonymous_59)
FN:1063,(anonymous_60)
FN:1064,(anonymous_61)
FN:1067,(anonymous_62)
FN:1089,(anonymous_63)
FN:1097,(anonymous_64)
FN:1104,(anonymous_65)
FN:1122,(anonymous_66)
FN:1123,(anonymous_67)
FN:1133,(anonymous_68)
FN:1134,(anonymous_69)
FN:1145,(anonymous_70)
FN:1149,(anonymous_71)
FN:1150,(anonymous_72)
FN:1159,(anonymous_73)
FN:1180,(anonymous_74)
FN:1220,(anonymous_75)
FN:1258,(anonymous_76)
FN:1264,(anonymous_77)
FN:1267,(anonymous_78)
FN:1282,(anonymous_79)
FN:1302,(anonymous_80)
FN:1310,(anonymous_81)
FN:1356,(anonymous_82)
FN:1357,(anonymous_83)
FN:1359,(anonymous_84)
FN:1363,(anonymous_85)
FN:1372,(anonymous_86)
FN:1441,(anonymous_87)
FN:1479,(anonymous_88)
FN:1486,(anonymous_89)
FN:1498,(anonymous_90)
FN:1518,(anonymous_91)
FNF:92
FNH:0
FNDA:0,(anonymous_0)
FNDA:0,(anonymous_1)
FNDA:0,(anonymous_2)
FNDA:0,(anonymous_3)
FNDA:0,(anonymous_4)
FNDA:0,(anonymous_5)
FNDA:0,(anonymous_6)
FNDA:0,(anonymous_7)
FNDA:0,(anonymous_8)
FNDA:0,(anonymous_9)
FNDA:0,(anonymous_10)
FNDA:0,(anonymous_11)
FNDA:0,(anonymous_12)
FNDA:0,(anonymous_13)
FNDA:0,(anonymous_14)
FNDA:0,(anonymous_15)
FNDA:0,(anonymous_16)
FNDA:0,(anonymous_17)
FNDA:0,(anonymous_18)
FNDA:0,(anonymous_19)
FNDA:0,(anonymous_20)
FNDA:0,(anonymous_21)
FNDA:0,(anonymous_22)
FNDA:0,(anonymous_23)
FNDA:0,(anonymous_24)
FNDA:0,(anonymous_25)
FNDA:0,(anonymous_26)
FNDA:0,(anonymous_27)
FNDA:0,(anonymous_28)
FNDA:0,(anonymous_29)
FNDA:0,(anonymous_30)
FNDA:0,(anonymous_31)
FNDA:0,(anonymous_32)
FNDA:0,(anonymous_33)
FNDA:0,(anonymous_34)
FNDA:0,(anonymous_35)
FNDA:0,(anonymous_36)
FNDA:0,(anonymous_37)
FNDA:0,(anonymous_38)
FNDA:0,(anonymous_39)
FNDA:0,(anonymous_40)
FNDA:0,(anonymous_41)
FNDA:0,(anonymous_42)
FNDA:0,(anonymous_43)
FNDA:0,(anonymous_44)
FNDA:0,(anonymous_45)
FNDA:0,(anonymous_46)
FNDA:0,(anonymous_47)
FNDA:0,(anonymous_48)
FNDA:0,(anonymous_49)
FNDA:0,(anonymous_50)
FNDA:0,(anonymous_51)
FNDA:0,(anonymous_52)
FNDA:0,(anonymous_53)
FNDA:0,(anonymous_54)
FNDA:0,(anonymous_55)
FNDA:0,(anonymous_56)
FNDA:0,(anonymous_57)
FNDA:0,(anonymous_58)
FNDA:0,(anonymous_59)
FNDA:0,(anonymous_60)
FNDA:0,(anonymous_61)
FNDA:0,(anonymous_62)
FNDA:0,(anonymous_63)
FNDA:0,(anonymous_64)
FNDA:0,(anonymous_65)
FNDA:0,(anonymous_66)
FNDA:0,(anonymous_67)
FNDA:0,(anonymous_68)
FNDA:0,(anonymous_69)
FNDA:0,(anonymous_70)
FNDA:0,(anonymous_71)
FNDA:0,(anonymous_72)
FNDA:0,(anonymous_73)
FNDA:0,(anonymous_74)
FNDA:0,(anonymous_75)
FNDA:0,(anonymous_76)
FNDA:0,(anonymous_77)
FNDA:0,(anonymous_78)
FNDA:0,(anonymous_79)
FNDA:0,(anonymous_80)
FNDA:0,(anonymous_81)
FNDA:0,(anonymous_82)
FNDA:0,(anonymous_83)
FNDA:0,(anonymous_84)
FNDA:0,(anonymous_85)
FNDA:0,(anonymous_86)
FNDA:0,(anonymous_87)
FNDA:0,(anonymous_88)
FNDA:0,(anonymous_89)
FNDA:0,(anonymous_90)
FNDA:0,(anonymous_91)
DA:40,0
DA:54,0
DA:55,0
DA:56,0
DA:57,0
DA:58,0
DA:62,0
DA:63,0
DA:74,0
DA:77,0
DA:84,0
DA:85,0
DA:86,0
DA:88,0
DA:89,0
DA:90,0
DA:91,0
DA:92,0
DA:97,0
DA:122,0
DA:136,0
DA:139,0
DA:140,0
DA:141,0
DA:142,0
DA:145,0
DA:146,0
DA:147,0
DA:148,0
DA:150,0
DA:152,0
DA:154,0
DA:155,0
DA:157,0
DA:159,0
DA:161,0
DA:162,0
DA:163,0
DA:164,0
DA:167,0
DA:173,0
DA:175,0
DA:176,0
DA:179,0
DA:181,0
DA:182,0
DA:186,0
DA:187,0
DA:188,0
DA:190,0
DA:193,0
DA:194,0
DA:196,0
DA:200,0
DA:201,0
DA:214,0
DA:216,0
DA:219,0
DA:220,0
DA:222,0
DA:224,0
DA:225,0
DA:226,0
DA:229,0
DA:230,0
DA:235,0
DA:242,0
DA:247,0
DA:248,0
DA:251,0
DA:252,0
DA:253,0
DA:254,0
DA:255,0
DA:256,0
DA:262,0
DA:263,0
DA:276,0
DA:278,0
DA:279,0
DA:280,0
DA:284,0
DA:285,0
DA:286,0
DA:288,0
DA:289,0
DA:290,0
DA:294,0
DA:295,0
DA:296,0
DA:297,0
DA:301,0
DA:302,0
DA:303,0
DA:304,0
DA:308,0
DA:311,0
DA:312,0
DA:314,0
DA:315,0
DA:323,0
DA:327,0
DA:335,0
DA:336,0
DA:338,0
DA:340,0
DA:341,0
DA:347,0
DA:349,0
DA:350,0
DA:351,0
DA:353,0
DA:354,0
DA:356,0
DA:364,0
DA:366,0
DA:367,0
DA:376,0
DA:383,0
DA:384,0
DA:385,0
DA:386,0
DA:395,0
DA:396,0
DA:398,0
DA:402,0
DA:405,0
DA:413,0
DA:418,0
DA:419,0
DA:440,0
DA:443,0
DA:455,0
DA:456,0
DA:458,0
DA:460,0
DA:461,0
DA:466,0
DA:467,0
DA:472,0
DA:474,0
DA:476,0
DA:477,0
DA:481,0
DA:483,0
DA:488,0
DA:489,0
DA:492,0
DA:495,0
DA:519,0
DA:547,0
DA:549,0
DA:550,0
DA:552,0
DA:553,0
DA:557,0
DA:559,0
DA:561,0
DA:563,0
DA:565,0
DA:567,0
DA:572,0
DA:573,0
DA:574,0
DA:580,0
DA:581,0
DA:584,0
DA:585,0
DA:588,0
DA:592,0
DA:597,0
DA:600,0
DA:618,0
DA:626,0
DA:645,0
DA:646,0
DA:648,0
DA:649,0
DA:653,0
DA:655,0
DA:657,0
DA:659,0
DA:661,0
DA:663,0
DA:668,0
DA:669,0
DA:670,0
DA:676,0
DA:677,0
DA:680,0
DA:681,0
DA:684,0
DA:688,0
DA:693,0
DA:696,0
DA:714,0
DA:722,0
DA:751,0
DA:752,0
DA:754,0
DA:757,0
DA:764,0
DA:778,0
DA:783,0
DA:788,0
DA:795,0
DA:796,0
DA:798,0
DA:799,0
DA:800,0
DA:801,0
DA:804,0
DA:805,0
DA:806,0
DA:810,0
DA:817,0
DA:869,0
DA:886,0
DA:887,0
DA:891,0
DA:900,0
DA:937,0
DA:939,0
DA:983,0
DA:985,0
DA:1020,0
DA:1022,0
DA:1046,0
DA:1063,0
DA:1065,0
DA:1067,0
DA:1089,0
DA:1097,0
DA:1098,0
DA:1100,0
DA:1105,0
DA:1106,0
DA:1123,0
DA:1124,0
DA:1134,0
DA:1135,0
DA:1146,0
DA:1150,0
DA:1151,0
DA:1160,0
DA:1181,0
DA:1184,0
DA:1185,0
DA:1186,0
DA:1190,0
DA:1194,0
DA:1201,0
DA:1206,0
DA:1207,0
DA:1210,0
DA:1211,0
DA:1214,0
DA:1216,0
DA:1220,0
DA:1221,0
DA:1224,0
DA:1231,0
DA:1232,0
DA:1259,0
DA:1265,0
DA:1268,0
DA:1274,0
DA:1276,0
DA:1277,0
DA:1278,0
DA:1280,0
DA:1282,0
DA:1283,0
DA:1286,0
DA:1303,0
DA:1304,0
DA:1311,0
DA:1312,0
DA:1313,0
DA:1315,0
DA:1318,0
DA:1329,0
DA:1357,0
DA:1359,0
DA:1363,0
DA:1372,0
DA:1442,0
DA:1453,0
DA:1454,0
DA:1479,0
DA:1487,0
DA:1488,0
DA:1498,0
DA:1518,0
DA:1519,0
LF:295
LH:0
BRDA:74,0,0,0
BRDA:74,0,1,0
BRDA:81,1,0,0
BRDA:90,2,0,0
BRDA:90,2,1,0
BRDA:131,3,0,0
BRDA:131,3,1,0
BRDA:133,4,0,0
BRDA:133,4,1,0
BRDA:133,4,2,0
BRDA:152,5,0,0
BRDA:152,5,1,0
BRDA:152,6,0,0
BRDA:152,6,1,0
BRDA:155,7,0,0
BRDA:155,7,1,0
BRDA:157,8,0,0
BRDA:157,8,1,0
BRDA:161,9,0,0
BRDA:161,9,1,0
BRDA:162,10,0,0
BRDA:162,10,1,0
BRDA:163,11,0,0
BRDA:163,11,1,0
BRDA:173,12,0,0
BRDA:173,12,1,0
BRDA:175,13,0,0
BRDA:175,13,1,0
BRDA:175,14,0,0
BRDA:175,14,1,0
BRDA:179,15,0,0
BRDA:179,15,1,0
BRDA:181,16,0,0
BRDA:181,16,1,0
BRDA:186,17,0,0
BRDA:186,17,1,0
BRDA:186,18,0,0
BRDA:186,18,1,0
BRDA:190,19,0,0
BRDA:190,19,1,0
BRDA:193,20,0,0
BRDA:193,20,1,0
BRDA:194,21,0,0
BRDA:194,21,1,0
BRDA:214,22,0,0
BRDA:214,22,1,0
BRDA:222,23,0,0
BRDA:222,23,1,0
BRDA:222,24,0,0
BRDA:222,24,1,0
BRDA:226,25,0,0
BRDA:226,25,1,0
BRDA:226,26,0,0
BRDA:226,26,1,0
BRDA:229,27,0,0
BRDA:229,27,1,0
BRDA:248,28,0,0
BRDA:248,28,1,0
BRDA:252,29,0,0
BRDA:252,29,1,0
BRDA:286,30,0,0
BRDA:286,30,1,0
BRDA:303,31,0,0
BRDA:303,31,1,0
BRDA:338,32,0,0
BRDA:338,32,1,0
BRDA:347,33,0,0
BRDA:347,33,1,0
BRDA:364,34,0,0
BRDA:364,34,1,0
BRDA:384,35,0,0
BRDA:384,35,1,0
BRDA:385,36,0,0
BRDA:385,36,1,0
BRDA:398,37,0,0
BRDA:398,37,1,0
BRDA:399,38,0,0
BRDA:399,38,1,0
BRDA:413,39,0,0
BRDA:413,39,1,0
BRDA:414,40,0,0
BRDA:414,40,1,0
BRDA:430,41,0,0
BRDA:430,41,1,0
BRDA:440,42,0,0
BRDA:440,42,1,0
BRDA:447,43,0,0
BRDA:447,43,1,0
BRDA:456,44,0,0
BRDA:456,44,1,0
BRDA:456,45,0,0
BRDA:456,45,1,0
BRDA:458,46,0,0
BRDA:458,46,1,0
BRDA:461,47,0,0
BRDA:461,47,1,0
BRDA:474,48,0,0
BRDA:474,48,1,0
BRDA:476,49,0,0
BRDA:476,49,1,0
BRDA:481,50,0,0
BRDA:481,50,1,0
BRDA:481,51,0,0
BRDA:481,51,1,0
BRDA:483,52,0,0
BRDA:483,52,1,0
BRDA:483,53,0,0
BRDA:483,53,1,0
BRDA:488,54,0,0
BRDA:488,54,1,0
BRDA:489,55,0,0
BRDA:489,55,1,0
BRDA:505,56,0,0
BRDA:505,56,1,0
BRDA:507,57,0,0
BRDA:507,57,1,0
BRDA:547,58,0,0
BRDA:547,58,1,0
BRDA:550,59,0,0
BRDA:550,59,1,0
BRDA:552,60,0,0
BRDA:552,60,1,0
BRDA:557,61,0,0
BRDA:557,61,1,0
BRDA:559,62,0,0
BRDA:559,62,1,0
BRDA:561,63,0,0
BRDA:561,63,1,0
BRDA:561,64,0,0
BRDA:561,64,1,0
BRDA:563,65,0,0
BRDA:563,65,1,0
BRDA:565,66,0,0
BRDA:565,66,1,0
BRDA:565,67,0,0
BRDA:565,67,1,0
BRDA:567,68,0,0
BRDA:567,68,1,0
BRDA:567,69,0,0
BRDA:567,69,1,0
BRDA:573,70,0,0
BRDA:573,70,1,0
BRDA:580,71,0,0
BRDA:580,71,1,0
BRDA:584,72,0,0
BRDA:584,72,1,0
BRDA:592,73,0,0
BRDA:592,73,1,0
BRDA:593,74,0,0
BRDA:593,74,1,0
BRDA:593,74,2,0
BRDA:615,75,0,0
BRDA:615,75,1,0
BRDA:622,76,0,0
BRDA:622,76,1,0
BRDA:632,77,0,0
BRDA:632,77,1,0
BRDA:633,78,0,0
BRDA:633,78,1,0
BRDA:646,79,0,0
BRDA:646,79,1,0
BRDA:648,80,0,0
BRDA:648,80,1,0
BRDA:653,81,0,0
BRDA:653,81,1,0
BRDA:655,82,0,0
BRDA:655,82,1,0
BRDA:657,83,0,0
BRDA:657,83,1,0
BRDA:657,84,0,0
BRDA:657,84,1,0
BRDA:659,85,0,0
BRDA:659,85,1,0
BRDA:661,86,0,0
BRDA:661,86,1,0
BRDA:661,87,0,0
BRDA:661,87,1,0
BRDA:663,88,0,0
BRDA:663,88,1,0
BRDA:663,89,0,0
BRDA:663,89,1,0
BRDA:669,90,0,0
BRDA:669,90,1,0
BRDA:676,91,0,0
BRDA:676,91,1,0
BRDA:680,92,0,0
BRDA:680,92,1,0
BRDA:688,93,0,0
BRDA:688,93,1,0
BRDA:689,94,0,0
BRDA:689,94,1,0
BRDA:689,94,2,0
BRDA:711,95,0,0
BRDA:711,95,1,0
BRDA:718,96,0,0
[...]
FN:79,(anonymous_0)
FN:84,(anonymous_1)
FN:101,(anonymous_2)
FN:104,(anonymous_3)
FN:116,(anonymous_4)
FN:121,(anonymous_5)
FN:138,(anonymous_6)
FN:145,(anonymous_7)
FN:155,(anonymous_8)
FN:165,(anonymous_9)
FN:166,(anonymous_10)
FN:174,(anonymous_11)
FN:180,(anonymous_12)
FN:184,(anonymous_13)
FN:194,(anonymous_14)
FN:203,(anonymous_15)
FN:209,(anonymous_16)
FN:220,(anonymous_17)
FN:224,(anonymous_18)
FN:231,(anonymous_19)
FN:237,(anonymous_20)
FN:241,(anonymous_21)
FN:250,(anonymous_22)
FN:254,(anonymous_23)
FN:268,(anonymous_24)
FNF:25
FNH:0
FNDA:0,(anonymous_0)
FNDA:0,(anonymous_1)
FNDA:0,(anonymous_2)
FNDA:0,(anonymous_3)
FNDA:0,(anonymous_4)
FNDA:0,(anonymous_5)
FNDA:0,(anonymous_6)
FNDA:0,(anonymous_7)
FNDA:0,(anonymous_8)
FNDA:0,(anonymous_9)
FNDA:0,(anonymous_10)
FNDA:0,(anonymous_11)
FNDA:0,(anonymous_12)
FNDA:0,(anonymous_13)
FNDA:0,(anonymous_14)
FNDA:0,(anonymous_15)
FNDA:0,(anonymous_16)
FNDA:0,(anonymous_17)
FNDA:0,(anonymous_18)
FNDA:0,(anonymous_19)
FNDA:0,(anonymous_20)
FNDA:0,(anonymous_21)
FNDA:0,(anonymous_22)
FNDA:0,(anonymous_23)
FNDA:0,(anonymous_24)
DA:29,0
DA:77,0
DA:79,0
DA:85,0
DA:86,0
DA:87,0
DA:88,0
DA:92,0
DA:94,0
DA:99,0
DA:101,0
DA:104,0
DA:107,0
DA:109,0
DA:110,0
DA:112,0
DA:117,0
DA:118,0
DA:119,0
DA:120,0
DA:121,0
DA:126,0
DA:127,0
DA:134,0
DA:135,0
DA:137,0
DA:138,0
DA:139,0
DA:141,0
DA:146,0
DA:147,0
DA:148,0
DA:149,0
DA:150,0
DA:154,0
DA:155,0
DA:156,0
DA:158,0
DA:159,0
DA:161,0
DA:166,0
DA:175,0
DA:176,0
DA:177,0
DA:178,0
DA:179,0
DA:180,0
DA:181,0
DA:183,0
DA:184,0
DA:191,0
DA:195,0
DA:196,0
DA:197,0
DA:198,0
DA:199,0
DA:200,0
DA:204,0
DA:205,0
DA:206,0
DA:207,0
DA:208,0
DA:209,0
DA:210,0
DA:212,0
DA:213,0
DA:217,0
DA:221,0
DA:222,0
DA:223,0
DA:224,0
DA:226,0
DA:227,0
DA:228,0
DA:232,0
DA:233,0
DA:234,0
DA:235,0
DA:236,0
DA:237,0
DA:238,0
DA:240,0
DA:241,0
DA:242,0
DA:247,0
DA:251,0
DA:255,0
DA:256,0
DA:257,0
DA:258,0
DA:259,0
DA:260,0
DA:261,0
DA:262,0
DA:265,0
DA:269,0
DA:270,0
DA:271,0
DA:272,0
DA:273,0
DA:274,0
LF:101
LH:0
BRDA:92,0,0,0
BRDA:92,0,1,0
BRDA:99,1,0,0
BRDA:99,1,1,0
BRDA:99,2,0,0
BRDA:99,2,1,0
BRDA:104,3,0,0
BRDA:104,3,1,0
BRDA:105,4,0,0
BRDA:105,4,1,0
BRDA:118,5,0,0
BRDA:118,5,1,0
BRDA:134,6,0,0
BRDA:134,6,1,0
BRDA:154,7,0,0
BRDA:154,7,1,0
BRDA:178,8,0,0
BRDA:178,8,1,0
BRDA:179,9,0,0
BRDA:179,9,1,0
BRDA:179,10,0,0
BRDA:179,10,1,0
BRDA:196,11,0,0
BRDA:196,11,1,0
BRDA:208,12,0,0
BRDA:208,12,1,0
BRDA:212,13,0,0
BRDA:212,13,1,0
BRDA:222,14,0,0
BRDA:222,14,1,0
BRDA:222,15,0,0
BRDA:222,15,1,0
BRDA:226,16,0,0
BRDA:226,16,1,0
BRDA:226,17,0,0
BRDA:226,17,1,0
BRDA:236,18,0,0
BRDA:236,18,1,0
BRDA:240,19,0,0
BRDA:240,19,1,0
BRDA:256,20,0,0
BRDA:256,20,1,0
BRDA:258,21,0,0
BRDA:258,21,1,0
BRDA:270,22,0,0
BRDA:270,22,1,0
BRDA:272,23,0,0
BRDA:272,23,1,0
BRF:48
BRH:0
end_of_record
TN:
SF:src/store/useResourceStore.ts
FN:43,(anonymous_0)
FN:49,(anonymous_1)
FN:55,(anonymous_2)
FN:69,(anonymous_3)
FN:77,(anonymous_4)
FN:95,(anonymous_5)
FN:104,(anonymous_6)
FN:106,(anonymous_7)
FN:109,(anonymous_8)
FN:123,(anonymous_9)
FN:128,(anonymous_10)
FN:130,(anonymous_11)
FN:132,(anonymous_12)
FN:143,(anonymous_13)
FN:153,(anonymous_14)
FN:155,(anonymous_15)
FN:158,(anonymous_16)
FN:172,(anonymous_17)
FN:175,(anonymous_18)
FN:179,(anonymous_19)
FN:182,(anonymous_20)
FN:186,(anonymous_21)
FN:190,(anonymous_22)
FN:191,(anonymous_23)
FN:202,(anonymous_24)
FN:207,(anonymous_25)
FN:216,(anonymous_26)
FN:222,(anonymous_27)
FN:234,(anonymous_28)
FNF:29
FNH:0
FNDA:0,(anonymous_0)
FNDA:0,(anonymous_1)
FNDA:0,(anonymous_2)
FNDA:0,(anonymous_3)
FNDA:0,(anonymous_4)
FNDA:0,(anonymous_5)
FNDA:0,(anonymous_6)
FNDA:0,(anonymous_7)
FNDA:0,(anonymous_8)
FNDA:0,(anonymous_9)
FNDA:0,(anonymous_10)
FNDA:0,(anonymous_11)
FNDA:0,(anonymous_12)
FNDA:0,(anonymous_13)
FNDA:0,(anonymous_14)
FNDA:0,(anonymous_15)
FNDA:0,(anonymous_16)
FNDA:0,(anonymous_17)
FNDA:0,(anonymous_18)
FNDA:0,(anonymous_19)
FNDA:0,(anonymous_20)
FNDA:0,(anonymous_21)
FNDA:0,(anonymous_22)
FNDA:0,(anonymous_23)
FNDA:0,(anonymous_24)
FNDA:0,(anonymous_25)
FNDA:0,(anonymous_26)
FNDA:0,(anonymous_27)
FNDA:0,(anonymous_28)
DA:41,0
DA:43,0
DA:50,0
DA:51,0
DA:52,0
DA:53,0
DA:54,0
DA:55,0
DA:60,0
DA:62,0
DA:63,0
DA:65,0
DA:70,0
DA:71,0
DA:72,0
DA:73,0
DA:77,0
DA:85,0
DA:87,0
DA:88,0
DA:89,0
DA:91,0
DA:96,0
DA:97,0
DA:98,0
DA:99,0
DA:104,0
DA:107,0
DA:110,0
DA:113,0
DA:115,0
DA:116,0
DA:117,0
DA:119,0
DA:124,0
DA:125,0
DA:126,0
DA:127,0
DA:128,0
DA:130,0
DA:132,0
DA:136,0
DA:137,0
DA:139,0
DA:144,0
DA:145,0
DA:146,0
DA:147,0
DA:148,0
DA:153,0
DA:156,0
DA:159,0
DA:162,0
DA:164,0
DA:165,0
DA:166,0
DA:168,0
DA:173,0
DA:174,0
DA:175,0
DA:180,0
DA:181,0
DA:182,0
DA:187,0
DA:188,0
DA:190,0
DA:192,0
DA:193,0
DA:203,0
DA:204,0
DA:205,0
DA:208,0
DA:217,0
DA:218,0
DA:219,0
DA:221,0
DA:222,0
DA:227,0
DA:228,0
DA:230,0
DA:235,0
LF:81
LH:0
BRDA:81,0,0,0
BRDA:81,0,1,0
BRDA:107,1,0,0
BRDA:107,1,1,0
BRDA:110,2,0,0
BRDA:110,2,1,0
BRDA:156,3,0,0
BRDA:156,3,1,0
BRDA:159,4,0,0
BRDA:159,4,1,0
BRDA:174,5,0,0
BRDA:174,5,1,0
BRDA:179,6,0,0
BRDA:181,7,0,0
BRDA:181,7,1,0
BRDA:186,8,0,0
BRDA:188,9,0,0
BRDA:188,9,1,0
BRDA:192,10,0,0
BRDA:192,10,1,0
BRDA:192,11,0,0
BRDA:192,11,1,0
BRDA:205,12,0,0
BRDA:205,12,1,0
BRDA:208,13,0,0
BRDA:208,13,1,0
BRDA:208,13,2,0
BRDA:208,13,3,0
BRDA:208,13,4,0
BRF:29
BRH:0
end_of_record
TN:
SF:src/store/useThemeStore.ts
FN:30,(anonymous_0)
FN:32,(anonymous_1)
FN:33,(anonymous_2)
FN:40,(anonymous_3)
FN:41,(anonymous_4)
FN:51,(anonymous_5)
FNF:6
FNH:0
FNDA:0,(anonymous_0)
FNDA:0,(anonymous_1)
FNDA:0,(anonymous_2)
FNDA:0,(anonymous_3)
FNDA:0,(anonymous_4)
FNDA:0,(anonymous_5)
DA:19,0
DA:30,0
DA:33,0
DA:41,0
DA:52,0
DA:53,0
DA:54,0
DA:58,0
DA:59,0
LF:9
LH:0
BRDA:44,0,0,0
BRDA:44,0,1,0
BRDA:54,1,0,0
BRDA:54,1,1,0
BRF:4
BRH:0
end_of_record
TN:
SF:src/store/useUserStore.ts
FN:27,(anonymous_0)
FN:84,(anonymous_1)
FN:87,(anonymous_2)
FN:98,(anonymous_3)
FN:104,(anonymous_4)
FN:119,(anonymous_5)
FN:133,(anonymous_6)
FN:140,(anonymous_7)
FN:152,(anonymous_8)
FN:153,(anonymous_9)
FN:156,(anonymous_10)
FN:170,(anonymous_11)
FN:183,(anonymous_12)
FN:204,(anonymous_13)
FN:221,(anonymous_14)
FN:222,(anonymous_15)
FN:231,(anonymous_16)
FN:244,(anonymous_17)
FN:253,(anonymous_18)
FN:262,(anonymous_19)
FN:293,(anonymous_20)
FN:301,(anonymous_21)
FN:310,(anonymous_22)
FN:315,(anonymous_23)
FNF:24
FNH:0
FNDA:0,(anonymous_0)
FNDA:0,(anonymous_1)
FNDA:0,(anonymous_2)
FNDA:0,(anonymous_3)
FNDA:0,(anonymous_4)
FNDA:0,(anonymous_5)
FNDA:0,(anonymous_6)
FNDA:0,(anonymous_7)
FNDA:0,(anonymous_8)
FNDA:0,(anonymous_9)
FNDA:0,(anonymous_10)
FNDA:0,(anonymous_11)
FNDA:0,(anonymous_12)
FNDA:0,(anonymous_13)
FNDA:0,(anonymous_14)
FNDA:0,(anonymous_15)
FNDA:0,(anonymous_16)
FNDA:0,(anonymous_17)
FNDA:0,(anonymous_18)
FNDA:0,(anonymous_19)
FNDA:0,(anonymous_20)
FNDA:0,(anonymous_21)
FNDA:0,(anonymous_22)
FNDA:0,(anonymous_23)
DA:27,0
DA:30,0
DA:31,0
DA:72,0
DA:82,0
DA:84,0
DA:88,0
DA:89,0
DA:90,0
DA:91,0
DA:93,0
DA:94,0
DA:95,0
DA:96,0
DA:97,0
DA:98,0
DA:100,0
DA:101,0
DA:102,0
DA:103,0
DA:104,0
DA:106,0
DA:108,0
DA:114,0
DA:115,0
DA:116,0
DA:117,0
DA:118,0
DA:119,0
DA:120,0
DA:123,0
DA:124,0
DA:126,0
DA:128,0
DA:131,0
DA:132,0
DA:133,0
DA:135,0
DA:136,0
DA:141,0
DA:142,0
DA:143,0
DA:144,0
DA:145,0
DA:147,0
DA:148,0
DA:153,0
DA:157,0
DA:158,0
DA:159,0
DA:160,0
DA:161,0
DA:162,0
DA:163,0
DA:165,0
DA:166,0
DA:171,0
DA:172,0
DA:173,0
DA:174,0
DA:175,0
DA:176,0
DA:178,0
DA:179,0
DA:184,0
DA:185,0
DA:186,0
DA:187,0
DA:188,0
DA:189,0
DA:195,0
DA:197,0
DA:199,0
DA:200,0
DA:205,0
DA:206,0
DA:207,0
DA:208,0
DA:209,0
DA:210,0
DA:211,0
DA:212,0
DA:214,0
DA:216,0
DA:217,0
DA:222,0
DA:227,0
DA:228,0
DA:232,0
DA:233,0
DA:234,0
DA:235,0
DA:236,0
DA:237,0
DA:238,0
DA:240,0
DA:245,0
DA:246,0
DA:247,0
DA:248,0
DA:252,0
DA:253,0
DA:258,0
DA:263,0
DA:264,0
DA:266,0
DA:267,0
DA:268,0
DA:269,0
DA:271,0
DA:274,0
DA:275,0
DA:277,0
DA:279,0
DA:280,0
DA:282,0
DA:286,0
DA:290,0
DA:294,0
DA:295,0
DA:296,0
DA:300,0
DA:301,0
DA:306,0
DA:311,0
DA:312,0
DA:316,0
DA:317,0
LF:128
LH:0
BRDA:30,0,0,0
BRDA:30,0,1,0
BRDA:87,1,0,0
BRDA:95,2,0,0
BRDA:95,2,1,0
BRDA:101,3,0,0
BRDA:101,3,1,0
BRDA:114,4,0,0
BRDA:114,4,1,0
BRDA:116,5,0,0
BRDA:116,5,1,0
BRDA:116,6,0,0
BRDA:116,6,1,0
BRDA:118,7,0,0
BRDA:118,7,1,0
BRDA:161,8,0,0
BRDA:161,8,1,0
BRDA:175,9,0,0
BRDA:175,9,1,0
BRDA:187,10,0,0
BRDA:187,10,1,0
BRDA:187,11,0,0
BRDA:187,11,1,0
BRDA:188,12,0,0
BRDA:188,12,1,0
BRDA:192,13,0,0
BRDA:192,13,1,0
BRDA:195,14,0,0
BRDA:195,14,1,0
BRDA:209,15,0,0
BRDA:209,15,1,0
BRDA:210,16,0,0
BRDA:210,16,1,0
BRDA:235,17,0,0
BRDA:235,17,1,0
BRDA:252,18,0,0
BRDA:252,18,1,0
BRDA:255,19,0,0
BRDA:255,19,1,0
BRDA:264,20,0,0
BRDA:264,20,1,0
BRDA:267,21,0,0
BRDA:267,21,1,0
BRDA:269,22,0,0
BRDA:269,22,1,0
BRDA:275,23,0,0
BRDA:275,23,1,0
BRDA:277,24,0,0
BRDA:277,24,1,0
BRDA:280,25,0,0
BRDA:280,25,1,0
BRDA:300,26,0,0
BRDA:300,26,1,0
BRDA:303,27,0,0
BRDA:303,27,1,0
BRF:55
BRH:0
end_of_record
TN:
SF:src/store/useVisionBoardStore.ts
FN:41,(anonymous_0)
FN:47,(anonymous_1)
FN:54,(anonymous_2)
FN:58,(anonymous_3)
FN:71,(anonymous_4)
FN:95,(anonymous_5)
FN:108,(anonymous_6)
FN:125,(anonymous_7)
FN:140,(anonymous_8)
FN:167,(anonymous_9)
FN:181,(anonymous_10)
FN:191,(anonymous_11)
FN:192,(anonymous_12)
FN:218,(anonymous_13)
FN:225,(anonymous_14)
FN:227,(anonymous_15)
FN:236,(anonymous_16)
FN:243,(anonymous_17)
FN:247,(anonymous_18)
FN:262,(anonymous_19)
FN:267,(anonymous_20)
FNF:21
FNH:0
FNDA:0,(anonymous_0)
FNDA:0,(anonymous_1)
FNDA:0,(anonymous_2)
FNDA:0,(anonymous_3)
FNDA:0,(anonymous_4)
FNDA:0,(anonymous_5)
FNDA:0,(anonymous_6)
FNDA:0,(anonymous_7)
FNDA:0,(anonymous_8)
FNDA:0,(anonymous_9)
FNDA:0,(anonymous_10)
FNDA:0,(anonymous_11)
FNDA:0,(anonymous_12)
FNDA:0,(anonymous_13)
FNDA:0,(anonymous_14)
FNDA:0,(anonymous_15)
FNDA:0,(anonymous_16)
FNDA:0,(anonymous_17)
FNDA:0,(anonymous_18)
FNDA:0,(anonymous_19)
FNDA:0,(anonymous_20)
DA:39,0
DA:41,0
DA:48,0
DA:49,0
DA:50,0
DA:52,0
DA:54,0
DA:58,0
DA:63,0
DA:65,0
DA:67,0
DA:76,0
DA:77,0
DA:78,0
DA:79,0
DA:90,0
DA:95,0
DA:100,0
DA:102,0
DA:104,0
DA:112,0
DA:113,0
DA:114,0
DA:115,0
DA:120,0
DA:125,0
DA:130,0
DA:131,0
DA:133,0
DA:134,0
DA:136,0
DA:141,0
DA:142,0
DA:143,0
DA:144,0
DA:145,0
DA:149,0
DA:152,0
DA:159,0
DA:167,0
DA:172,0
DA:174,0
DA:175,0
DA:177,0
DA:186,0
DA:187,0
DA:188,0
DA:191,0
DA:192,0
DA:193,0
DA:194,0
DA:195,0
DA:197,0
DA:199,0
DA:202,0
DA:203,0
DA:209,0
DA:211,0
DA:212,0
DA:214,0
DA:219,0
DA:220,0
DA:221,0
DA:225,0
DA:227,0
DA:230,0
DA:232,0
DA:237,0
DA:238,0
DA:239,0
DA:241,0
DA:243,0
DA:247,0
DA:252,0
DA:253,0
DA:255,0
DA:256,0
DA:258,0
DA:263,0
DA:264,0
DA:265,0
DA:267,0
LF:82
LH:0
BRDA:54,0,0,0
BRDA:54,0,1,0
BRDA:54,0,2,0
BRDA:61,1,0,0
BRDA:61,1,1,0
BRDA:73,2,0,0
BRDA:74,3,0,0
BRDA:98,4,0,0
BRDA:98,4,1,0
BRDA:117,5,0,0
BRDA:117,5,1,0
BRDA:128,6,0,0
BRDA:128,6,1,0
BRDA:144,7,0,0
BRDA:144,7,1,0
BRDA:144,8,0,0
BRDA:144,8,1,0
BRDA:156,9,0,0
BRDA:156,9,1,0
BRDA:170,10,0,0
BRDA:170,10,1,0
BRDA:193,11,0,0
BRDA:193,11,1,0
BRDA:202,12,0,0
BRDA:202,12,1,0
BRDA:243,13,0,0
BRDA:243,13,1,0
BRDA:243,13,2,0
BRDA:250,14,0,0
BRDA:250,14,1,0
BRDA:264,15,0,0
BRDA:264,15,1,0
BRF:32
BRH:0
end_of_record
TN:
SF:src/store/middleware/logMiddleware.ts
FN:26,(anonymous_0)
FN:26,(anonymous_1)
FN:34,(anonymous_2)
FN:53,(anonymous_3)
FNF:4
FNH:0
FNDA:0,(anonymous_0)
FNDA:0,(anonymous_1)
FNDA:0,(anonymous_2)
FNDA:0,(anonymous_3)
DA:26,0
DA:30,0
DA:31,0
DA:34,0
DA:36,0
DA:37,0
DA:41,0
DA:44,0
DA:48,0
DA:51,0
DA:53,0
DA:56,0
DA:59,0
LF:13
LH:0
BRDA:30,0,0,0
BRDA:30,0,1,0
BRDA:36,1,0,0
BRDA:36,1,1,0
BRDA:41,2,0,0
BRDA:41,2,1,0
BRF:6
BRH:0
end_of_record
TN:
SF:src/store/middleware/storageMiddleware.ts
FN:28,(anonymous_0)
FN:28,(anonymous_1)
FN:38,(anonymous_2)
FNF:3
FNH:0
FNDA:0,(anonymous_0)
FNDA:0,(anonymous_1)
FNDA:0,(anonymous_2)
DA:28,0
DA:33,0
DA:35,0
DA:38,0
DA:40,0
DA:43,0
DA:44,0
DA:48,0
DA:49,0
DA:50,0
DA:54,0
DA:58,0
DA:61,0
LF:13
LH:0
BRDA:33,0,0,0
BRDA:33,0,1,0
BRDA:40,1,0,0
BRDA:40,1,1,0
BRDA:43,2,0,0
BRDA:43,2,1,0
BRDA:49,3,0,0
BRDA:49,3,1,0
BRDA:49,4,0,0
BRDA:49,4,1,0
BRF:10
BRH:0
end_of_record
TN:
SF:src/types/klare.ts
FNF:0
FNH:0
LF:0
LH:0
BRF:0
BRH:0
end_of_record
TN:
SF:src/types/lifeWheelTypes.ts
FNF:0
FNH:0
LF:0
LH:0
BRF:0
BRH:0
end_of_record
TN:
SF:src/types/navigation.ts
FNF:0
FNH:0
LF:0
LH:0
BRF:0
BRH:0
end_of_record
TN:
SF:src/types/store.ts
FNF:0
FNH:0
LF:0
LH:0
BRF:0
BRH:0
end_of_record
TN:
SF:src/types/supabase-klare-app.old..ts
FNF:0
FNH:0
DA:1566,0
LF:1
LH:0
BRF:0
BRH:0
end_of_record
TN:
SF:src/types/supabase.ts
FNF:0
FNH:0
DA:1463,0
LF:1
LH:0
BRF:0
BRH:0
end_of_record
TN:
SF:src/utils/aiTestUtils.ts
FN:15,(anonymous_0)
FN:84,(anonymous_1)
FN:159,(anonymous_2)
FN:176,(anonymous_3)
FNF:4
FNH:0
FNDA:0,(anonymous_0)
FNDA:0,(anonymous_1)
FNDA:0,(anonymous_2)
FNDA:0,(anonymous_3)
DA:22,0
DA:30,0
DA:32,0
DA:33,0
DA:34,0
DA:35,0
DA:36,0
DA:39,0
DA:40,0
DA:43,0
DA:45,0
DA:46,0
DA:47,0
DA:48,0
DA:50,0
DA:51,0
DA:54,0
DA:56,0
DA:57,0
DA:58,0
DA:59,0
DA:61,0
DA:62,0
DA:65,0
DA:67,0
DA:68,0
DA:69,0
DA:70,0
DA:71,0
DA:74,0
DA:75,0
DA:78,0
DA:85,0
DA:86,0
DA:89,0
DA:136,0
DA:148,0
DA:151,0
DA:152,0
DA:160,0
DA:161,0
DA:165,0
DA:168,0
DA:169,0
DA:177,0
DA:178,0
DA:179,0
DA:180,0
DA:181,0
DA:182,0
DA:183,0
DA:184,0
DA:185,0
DA:186,0
DA:187,0
DA:188,0
DA:189,0
DA:190,0
DA:191,0
DA:192,0
DA:193,0
DA:194,0
LF:62
LH:0
BRDA:34,0,0,0
BRDA:34,0,1,0
BRDA:69,1,0,0
BRDA:69,1,1,0
BRF:4
BRH:0
end_of_record
TN:
SF:src/utils/debugConfig.ts
FN:27,(anonymous_0)
FN:32,(anonymous_1)
FNF:2
FNH:0
FNDA:0,(anonymous_0)
FNDA:0,(anonymous_1)
DA:2,0
DA:27,0
DA:28,0
DA:32,0
DA:33,0
DA:34,0
LF:6
LH:0
BRDA:33,0,0,0
BRDA:33,0,1,0
BRDA:33,1,0,0
BRDA:33,1,1,0
BRF:4
BRH:0
end_of_record
TN:
SF:src/utils/debugInternationalization.ts
FN:9,(anonymous_0)
FN:28,(anonymous_1)
FN:29,(anonymous_2)
FN:48,(anonymous_3)
FN:49,(anonymous_4)
FN:87,(anonymous_5)
FNF:6
FNH:0
FNDA:0,(anonymous_0)
FNDA:0,(anonymous_1)
FNDA:0,(anonymous_2)
FNDA:0,(anonymous_3)
FNDA:0,(anonymous_4)
FNDA:0,(anonymous_5)
DA:9,0
DA:11,0
DA:18,0
DA:21,0
DA:27,0
DA:28,0
DA:29,0
DA:30,0
DA:31,0
DA:36,0
DA:41,0
DA:42,0
DA:44,0
DA:45,0
DA:48,0
DA:49,0
DA:50,0
DA:51,0
DA:56,0
DA:59,0
DA:62,0
DA:63,0
DA:64,0
DA:67,0
DA:68,0
DA:69,0
DA:79,0
DA:83,0
DA:84,0
DA:85,0
DA:87,0
DA:90,0
DA:95,0
DA:97,0
LF:34
LH:0
BRDA:18,0,0,0
BRDA:18,0,1,0
BRDA:42,1,0,0
BRDA:42,1,1,0
BRDA:71,2,0,0
BRDA:71,2,1,0
BRF:6
BRH:0
end_of_record
TN:
SF:src/utils/debugUtils.ts
FN:13,collectDebugInfo
FN:51,diagnoseMMKVProblems
FN:122,resetAppStorage
FN:186,testStorageKeys
FNF:4
FNH:0
FNDA:0,collectDebugInfo
FNDA:0,diagnoseMMKVProblems
FNDA:0,resetAppStorage
FNDA:0,testStorageKeys
DA:14,0
DA:45,0
DA:52,0
DA:55,0
DA:56,0
DA:59,0
DA:66,0
DA:67,0
DA:68,0
DA:69,0
DA:70,0
DA:73,0
DA:74,0
DA:75,0
DA:76,0
DA:78,0
DA:81,0
DA:82,0
DA:86,0
DA:91,0
DA:92,0
DA:94,0
DA:95,0
DA:96,0
DA:97,0
DA:99,0
DA:100,0
DA:102,0
DA:103,0
DA:104,0
DA:105,0
DA:106,0
DA:107,0
DA:108,0
DA:109,0
DA:111,0
DA:115,0
DA:123,0
DA:126,0
DA:127,0
DA:128,0
DA:129,0
DA:130,0
DA:131,0
DA:134,0
DA:138,0
DA:139,0
DA:140,0
DA:141,0
DA:143,0
DA:148,0
DA:149,0
DA:150,0
DA:151,0
DA:153,0
DA:157,0
DA:160,0
DA:161,0
DA:162,0
DA:173,0
DA:174,0
DA:176,0
DA:180,0
DA:187,0
DA:189,0
DA:195,0
DA:202,0
DA:203,0
DA:205,0
DA:206,0
DA:209,0
DA:210,0
DA:212,0
DA:214,0
DA:215,0
DA:217,0
DA:221,0
DA:223,0
DA:224,0
DA:228,0
DA:229,0
LF:81
LH:0
BRDA:70,0,0,0
BRDA:70,0,1,0
BRDA:73,1,0,0
BRDA:73,1,1,0
BRDA:102,2,0,0
BRDA:102,2,1,0
BRDA:102,3,0,0
BRDA:102,3,1,0
BRDA:105,4,0,0
BRDA:105,4,1,0
BRDA:105,5,0,0
BRDA:105,5,1,0
BRDA:108,6,0,0
BRDA:108,6,1,0
BRDA:108,7,0,0
BRDA:108,7,1,0
BRDA:108,7,2,0
BRDA:129,8,0,0
BRDA:129,8,1,0
BRDA:160,9,0,0
BRDA:160,9,1,0
BRDA:212,10,0,0
BRDA:212,10,1,0
BRDA:214,11,0,0
BRDA:214,11,1,0
BRF:25
BRH:0
end_of_record
TN:
SF:src/utils/i18n.ts
FN:76,(anonymous_0)
FN:104,(anonymous_1)
FN:110,(anonymous_2)
FNF:3
FNH:0
FNDA:0,(anonymous_0)
FNDA:0,(anonymous_1)
FNDA:0,(anonymous_2)
DA:37,0
DA:71,0
DA:76,0
DA:78,0
DA:80,0
DA:81,0
DA:83,0
DA:84,0
DA:85,0
DA:90,0
DA:92,0
DA:96,0
DA:98,0
DA:99,0
DA:104,0
DA:105,0
DA:106,0
DA:110,0
DA:111,0
DA:112,0
DA:116,0
DA:120,0
DA:123,0
DA:124,0
DA:125,0
DA:129,0
LF:26
LH:0
BRDA:81,0,0,0
BRDA:81,0,1,0
BRDA:84,1,0,0
BRDA:84,1,1,0
BRDA:86,2,0,0
BRDA:86,2,1,0
BRDA:86,2,2,0
BRDA:86,2,3,0
BRDA:90,3,0,0
BRDA:90,3,1,0
BRDA:92,4,0,0
BRDA:92,4,1,0
BRDA:106,5,0,0
BRDA:106,5,1,0
BRDA:124,6,0,0
BRDA:124,6,1,0
BRF:16
BRH:0
end_of_record
TN:
SF:src/utils/i18nUtils.ts
FN:6,(anonymous_0)
FN:21,(anonymous_1)
FN:46,(anonymous_2)
FN:50,(anonymous_3)
FNF:4
FNH:0
FNDA:0,(anonymous_0)
FNDA:0,(anonymous_1)
FNDA:0,(anonymous_2)
FNDA:0,(anonymous_3)
DA:6,0
DA:7,0
DA:8,0
DA:15,0
DA:17,0
DA:21,0
DA:22,0
DA:23,0
DA:24,0
DA:25,0
DA:27,0
DA:29,0
DA:30,0
DA:31,0
DA:32,0
DA:33,0
DA:37,0
DA:38,0
DA:40,0
DA:41,0
DA:46,0
DA:47,0
DA:50,0
DA:51,0
LF:24
LH:0
BRDA:7,0,0,0
BRDA:7,0,1,0
BRDA:15,1,0,0
BRDA:15,1,1,0
BRDA:27,2,0,0
BRDA:27,2,1,0
BRDA:31,3,0,0
BRDA:31,3,1,0
BRF:8
BRH:0
end_of_record
TN:
SF:src/utils/journalDebug.ts
FN:12,(anonymous_0)
FN:30,(anonymous_1)
FN:46,(anonymous_2)
FN:59,(anonymous_3)
FNF:4
FNH:0
FNDA:0,(anonymous_0)
FNDA:0,(anonymous_1)
FNDA:0,(anonymous_2)
FNDA:0,(anonymous_3)
DA:12,0
DA:13,0
DA:18,0
DA:20,0
DA:21,0
DA:24,0
DA:25,0
DA:28,0
DA:29,0
DA:30,0
DA:31,0
DA:32,0
DA:33,0
DA:34,0
DA:40,0
DA:41,0
DA:44,0
DA:45,0
DA:46,0
DA:47,0
DA:52,0
DA:59,0
DA:60,0
DA:62,0
DA:63,0
DA:66,0
DA:86,0
DA:87,0
DA:88,0
DA:92,0
DA:93,0
DA:94,0
DA:96,0
DA:97,0
DA:100,0
DA:101,0
DA:102,0
DA:106,0
DA:107,0
DA:109,0
LF:40
LH:0
BRDA:28,0,0,0
BRDA:28,0,1,0
BRDA:33,1,0,0
BRDA:33,1,1,0
BRDA:44,2,0,0
BRDA:44,2,1,0
BRDA:47,3,0,0
BRDA:47,3,1,0
BRDA:60,4,0,0
BRDA:60,4,1,0
BRDA:94,5,0,0
BRDA:94,5,1,0
BRF:12
BRH:0
end_of_record
TN:
SF:src/utils/navigationUtils.ts
FN:13,setTopLevelNavigator
FN:18,navigateWithFallback
FN:45,canNavigateTo
FN:58,getCurrentRouteName
FNF:4
FNH:0
FNDA:0,setTopLevelNavigator
FNDA:0,navigateWithFallback
FNDA:0,canNavigateTo
FNDA:0,getCurrentRouteName
DA:10,0
DA:14,0
DA:19,0
DA:20,0
DA:22,0
DA:23,0
DA:24,0
DA:28,0
DA:29,0
DA:31,0
DA:32,0
DA:35,0
DA:36,0
DA:40,0
DA:46,0
DA:47,0
DA:48,0
DA:50,0
DA:52,0
DA:53,0
DA:59,0
DA:60,0
DA:61,0
DA:62,0
DA:64,0
DA:66,0
DA:67,0
LF:27
LH:0
BRDA:20,0,0,0
BRDA:20,0,1,0
BRDA:20,1,0,0
BRDA:20,1,1,0
BRDA:22,2,0,0
BRDA:22,2,1,0
BRDA:47,3,0,0
BRDA:47,3,1,0
BRDA:47,4,0,0
BRDA:47,4,1,0
BRDA:60,5,0,0
BRDA:60,5,1,0
BRDA:60,6,0,0
BRDA:60,6,1,0
BRDA:62,7,0,0
BRDA:62,7,1,0
BRF:16
BRH:0
end_of_record
TN:
SF:src/utils/storage.ts
FN:12,(anonymous_0)
FN:26,(anonymous_1)
FN:38,(anonymous_2)
FN:49,(anonymous_3)
FN:61,(anonymous_4)
FN:73,(anonymous_5)
FN:85,(anonymous_6)
FN:97,(anonymous_7)
FN:110,(anonymous_8)
FN:123,(anonymous_9)
FN:135,(anonymous_10)
FNF:11
FNH:0
FNDA:0,(anonymous_0)
FNDA:0,(anonymous_1)
FNDA:0,(anonymous_2)
FNDA:0,(anonymous_3)
FNDA:0,(anonymous_4)
FNDA:0,(anonymous_5)
FNDA:0,(anonymous_6)
FNDA:0,(anonymous_7)
FNDA:0,(anonymous_8)
FNDA:0,(anonymous_9)
FNDA:0,(anonymous_10)
DA:9,0
DA:10,0
DA:13,0
DA:14,0
DA:15,0
DA:16,0
DA:18,0
DA:19,0
DA:27,0
DA:28,0
DA:29,0
DA:31,0
DA:39,0
DA:40,0
DA:42,0
DA:50,0
DA:51,0
DA:52,0
DA:54,0
DA:62,0
DA:63,0
DA:65,0
DA:66,0
DA:74,0
DA:75,0
DA:76,0
DA:78,0
DA:86,0
DA:87,0
DA:89,0
DA:90,0
DA:98,0
DA:99,0
DA:100,0
DA:101,0
DA:103,0
DA:111,0
DA:112,0
DA:113,0
DA:115,0
DA:116,0
DA:124,0
DA:125,0
DA:126,0
DA:128,0
DA:136,0
DA:137,0
DA:138,0
DA:140,0
LF:49
LH:0
BRDA:27,0,0,0
BRDA:27,0,1,0
BRDA:27,1,0,0
BRDA:27,1,1,0
BRDA:39,2,0,0
BRDA:39,2,1,0
BRDA:39,3,0,0
BRDA:39,3,1,0
BRDA:40,4,0,0
BRDA:40,4,1,0
BRDA:50,5,0,0
BRDA:50,5,1,0
BRDA:50,6,0,0
BRDA:50,6,1,0
BRDA:62,7,0,0
BRDA:62,7,1,0
BRDA:62,8,0,0
BRDA:62,8,1,0
BRDA:63,9,0,0
BRDA:63,9,1,0
BRDA:66,10,0,0
BRDA:66,10,1,0
BRDA:74,11,0,0
BRDA:74,11,1,0
BRDA:74,12,0,0
BRDA:74,12,1,0
BRDA:86,13,0,0
BRDA:86,13,1,0
BRDA:86,14,0,0
BRDA:86,14,1,0
BRDA:87,15,0,0
BRDA:87,15,1,0
BRDA:90,16,0,0
BRDA:90,16,1,0
BRDA:99,17,0,0
BRDA:99,17,1,0
BRDA:99,18,0,0
BRDA:99,18,1,0
BRDA:111,19,0,0
BRDA:111,19,1,0
BRDA:111,20,0,0
BRDA:111,20,1,0
BRDA:113,21,0,0
BRDA:113,21,1,0
BRDA:116,22,0,0
BRDA:116,22,1,0
BRDA:124,23,0,0
BRDA:124,23,1,0
BRDA:124,24,0,0
BRDA:124,24,1,0
BRDA:136,25,0,0
BRDA:136,25,1,0
BRDA:136,26,0,0
BRDA:136,26,1,0
BRF:54
BRH:0
end_of_record
