TN:
SF:src/components/CustomHeader.tsx
FN:15,(anonymous_0)
FNF:1
FNH:0
FNDA:0,(anonymous_0)
DA:15,0
DA:21,0
DA:22,0
DA:24,0
DA:52,0
LF:5
LH:0
BRDA:17,0,0,0
BRDA:18,1,0,0
BRDA:32,2,0,0
BRDA:32,2,1,0
BRDA:38,3,0,0
BRDA:38,3,1,0
BRDA:40,4,0,0
BRDA:40,4,1,0
BRF:8
BRH:0
end_of_record
TN:
SF:src/components/KlareLogo.tsx
FN:26,(anonymous_0)
FN:42,(anonymous_1)
FN:63,(anonymous_2)
FN:97,(anonymous_3)
FNF:4
FNH:0
FNDA:0,(anonymous_0)
FNDA:0,(anonymous_1)
FNDA:0,(anonymous_2)
FNDA:0,(anonymous_3)
DA:26,0
DA:38,0
DA:39,0
DA:42,0
DA:43,0
DA:44,0
DA:47,0
DA:48,0
DA:63,0
DA:64,0
DA:71,0
DA:80,0
DA:86,0
DA:98,0
DA:117,0
LF:15
LH:0
BRDA:27,0,0,0
BRDA:28,1,0,0
BRDA:29,2,0,0
BRDA:30,3,0,0
BRDA:31,4,0,0
BRDA:34,5,0,0
BRDA:35,6,0,0
BRDA:43,7,0,0
BRDA:43,7,1,0
BRDA:47,8,0,0
BRDA:47,8,1,0
BRDA:80,9,0,0
BRDA:80,9,1,0
BRDA:82,10,0,0
BRDA:82,10,1,0
BRDA:90,11,0,0
BRDA:90,11,1,0
BRDA:92,12,0,0
BRDA:92,12,1,0
BRF:19
BRH:0
end_of_record
TN:
SF:src/components/lifewheel/LifeWheelChart.tsx
FN:26,(anonymous_0)
FN:32,(anonymous_1)
FN:39,(anonymous_2)
FN:44,(anonymous_3)
FN:54,(anonymous_4)
FN:67,(anonymous_5)
FN:82,(anonymous_6)
FN:95,(anonymous_7)
FN:113,(anonymous_8)
FN:156,(anonymous_9)
FN:173,(anonymous_10)
FN:178,(anonymous_11)
FN:192,(anonymous_12)
FNF:13
FNH:0
FNDA:0,(anonymous_0)
FNDA:0,(anonymous_1)
FNDA:0,(anonymous_2)
FNDA:0,(anonymous_3)
FNDA:0,(anonymous_4)
FNDA:0,(anonymous_5)
FNDA:0,(anonymous_6)
FNDA:0,(anonymous_7)
FNDA:0,(anonymous_8)
FNDA:0,(anonymous_9)
FNDA:0,(anonymous_10)
FNDA:0,(anonymous_11)
FNDA:0,(anonymous_12)
DA:16,0
DA:17,0
DA:18,0
DA:26,0
DA:32,0
DA:35,0
DA:36,0
DA:39,0
DA:40,0
DA:44,0
DA:45,0
DA:46,0
DA:53,0
DA:55,0
DA:56,0
DA:60,0
DA:65,0
DA:68,0
DA:69,0
DA:73,0
DA:78,0
DA:83,0
DA:96,0
DA:97,0
DA:99,0
DA:114,0
DA:115,0
DA:120,0
DA:157,0
DA:158,0
DA:163,0
DA:173,0
DA:179,0
DA:184,0
DA:192,0
DA:207,0
LF:36
LH:0
BRDA:27,0,0,0
BRDA:28,1,0,0
BRDA:65,2,0,0
BRDA:65,2,1,0
BRDA:145,3,0,0
BRDA:145,3,1,0
BRDA:173,4,0,0
BRDA:173,4,1,0
BRDA:177,5,0,0
BRDA:177,5,1,0
BRDA:192,6,0,0
BRDA:192,6,1,0
BRF:12
BRH:0
end_of_record
TN:
SF:src/components/modules/ModuleComponents.tsx
FN:43,(anonymous_0)
FN:44,(anonymous_1)
FN:47,(anonymous_2)
FN:58,(anonymous_3)
FN:109,(anonymous_4)
FN:128,(anonymous_5)
FN:184,(anonymous_6)
FN:192,(anonymous_7)
FN:254,(anonymous_8)
FN:264,(anonymous_9)
FN:272,(anonymous_10)
FN:273,(anonymous_11)
FN:277,(anonymous_12)
FN:278,(anonymous_13)
FN:282,(anonymous_14)
FN:287,(anonymous_15)
FN:294,(anonymous_16)
FN:323,(anonymous_17)
FN:340,(anonymous_18)
FN:365,(anonymous_19)
FN:400,(anonymous_20)
FN:413,(anonymous_21)
FN:417,(anonymous_22)
FN:423,(anonymous_23)
FN:449,(anonymous_24)
FN:468,(anonymous_25)
FN:476,(anonymous_26)
FN:512,(anonymous_27)
FN:522,(anonymous_28)
FN:539,(anonymous_29)
FN:548,(anonymous_30)
FN:553,(anonymous_31)
FN:561,(anonymous_32)
FN:571,(anonymous_33)
FN:607,(anonymous_34)
FN:622,(anonymous_35)
FN:632,(anonymous_36)
FNF:37
FNH:0
FNDA:0,(anonymous_0)
FNDA:0,(anonymous_1)
FNDA:0,(anonymous_2)
FNDA:0,(anonymous_3)
FNDA:0,(anonymous_4)
FNDA:0,(anonymous_5)
FNDA:0,(anonymous_6)
FNDA:0,(anonymous_7)
FNDA:0,(anonymous_8)
FNDA:0,(anonymous_9)
FNDA:0,(anonymous_10)
FNDA:0,(anonymous_11)
FNDA:0,(anonymous_12)
FNDA:0,(anonymous_13)
FNDA:0,(anonymous_14)
FNDA:0,(anonymous_15)
FNDA:0,(anonymous_16)
FNDA:0,(anonymous_17)
FNDA:0,(anonymous_18)
FNDA:0,(anonymous_19)
FNDA:0,(anonymous_20)
FNDA:0,(anonymous_21)
FNDA:0,(anonymous_22)
FNDA:0,(anonymous_23)
FNDA:0,(anonymous_24)
FNDA:0,(anonymous_25)
FNDA:0,(anonymous_26)
FNDA:0,(anonymous_27)
FNDA:0,(anonymous_28)
FNDA:0,(anonymous_29)
FNDA:0,(anonymous_30)
FNDA:0,(anonymous_31)
FNDA:0,(anonymous_32)
FNDA:0,(anonymous_33)
FNDA:0,(anonymous_34)
FNDA:0,(anonymous_35)
FNDA:0,(anonymous_36)
DA:43,0
DA:44,0
DA:45,0
DA:47,0
DA:48,0
DA:49,0
DA:50,0
DA:51,0
DA:52,0
DA:58,0
DA:59,0
DA:61,0
DA:63,0
DA:65,0
DA:67,0
DA:69,0
DA:79,0
DA:109,0
DA:110,0
DA:112,0
DA:114,0
DA:116,0
DA:118,0
DA:120,0
DA:128,0
DA:129,0
DA:184,0
DA:185,0
DA:186,0
DA:189,0
DA:192,0
DA:193,0
DA:194,0
DA:196,0
DA:199,0
DA:201,0
DA:202,0
DA:206,0
DA:254,0
DA:255,0
DA:258,0
DA:259,0
DA:262,0
DA:264,0
DA:265,0
DA:266,0
DA:267,0
DA:272,0
DA:273,0
DA:277,0
DA:278,0
DA:282,0
DA:283,0
DA:287,0
DA:288,0
DA:289,0
DA:290,0
DA:294,0
DA:295,0
DA:296,0
DA:297,0
DA:300,0
DA:301,0
DA:308,0
DA:323,0
DA:340,0
DA:365,0
DA:400,0
DA:414,0
DA:417,0
DA:423,0
DA:449,0
DA:469,0
DA:477,0
DA:512,0
DA:513,0
DA:514,0
DA:515,0
DA:516,0
DA:517,0
DA:520,0
DA:522,0
DA:523,0
DA:524,0
DA:528,0
DA:529,0
DA:536,0
DA:539,0
DA:540,0
DA:542,0
DA:543,0
DA:544,0
DA:548,0
DA:549,0
DA:553,0
DA:554,0
DA:556,0
DA:557,0
DA:560,0
DA:562,0
DA:565,0
DA:566,0
DA:571,0
DA:572,0
DA:573,0
DA:574,0
DA:575,0
DA:576,0
DA:579,0
DA:608,0
DA:622,0
DA:632,0
DA:751,0
DA:796,0
LF:114
LH:0
BRDA:48,0,0,0
BRDA:48,0,1,0
BRDA:51,1,0,0
BRDA:51,1,1,0
BRDA:59,2,0,0
BRDA:59,2,1,0
BRDA:59,2,2,0
BRDA:59,2,3,0
BRDA:59,2,4,0
BRDA:98,3,0,0
BRDA:98,3,1,0
BRDA:110,4,0,0
BRDA:110,4,1,0
BRDA:110,4,2,0
BRDA:110,4,3,0
BRDA:110,4,4,0
BRDA:189,5,0,0
BRDA:189,5,1,0
BRDA:201,6,0,0
BRDA:201,6,1,0
BRDA:201,7,0,0
BRDA:201,7,1,0
BRDA:240,8,0,0
BRDA:240,8,1,0
BRDA:265,9,0,0
BRDA:265,9,1,0
BRDA:300,10,0,0
BRDA:300,10,1,0
BRDA:310,11,0,0
BRDA:310,11,1,0
BRDA:321,12,0,0
BRDA:321,12,1,0
BRDA:328,13,0,0
BRDA:328,13,1,0
BRDA:338,14,0,0
BRDA:338,14,1,0
BRDA:345,15,0,0
BRDA:345,15,1,0
BRDA:350,16,0,0
BRDA:350,16,1,0
BRDA:363,17,0,0
BRDA:363,17,1,0
BRDA:370,18,0,0
BRDA:370,18,1,0
BRDA:375,19,0,0
BRDA:375,19,1,0
BRDA:388,20,0,0
BRDA:388,20,1,0
BRDA:409,21,0,0
BRDA:409,21,1,0
BRDA:421,22,0,0
BRDA:421,22,1,0
BRDA:438,23,0,0
BRDA:438,23,1,0
BRDA:459,24,0,0
BRDA:459,24,1,0
BRDA:496,25,0,0
BRDA:496,25,1,0
BRDA:523,26,0,0
BRDA:523,26,1,0
BRDA:528,27,0,0
BRDA:528,27,1,0
BRDA:540,28,0,0
BRDA:540,28,1,0
BRDA:540,29,0,0
BRDA:540,29,1,0
BRDA:556,30,0,0
BRDA:556,30,1,0
BRDA:583,31,0,0
BRDA:583,31,1,0
BRDA:612,32,0,0
BRDA:612,32,1,0
BRDA:614,33,0,0
BRDA:614,33,1,0
BRDA:614,33,2,0
BRDA:617,34,0,0
BRDA:617,34,1,0
BRDA:617,34,2,0
BRDA:617,34,3,0
BRDA:628,35,0,0
BRDA:628,35,1,0
BRDA:635,36,0,0
BRDA:635,36,1,0
BRDA:635,37,0,0
BRDA:635,37,1,0
BRDA:653,38,0,0
BRDA:653,38,1,0
BRDA:664,39,0,0
BRDA:664,39,1,0
BRDA:673,40,0,0
BRDA:673,40,1,0
BRDA:687,41,0,0
BRDA:687,41,1,0
BRDA:698,42,0,0
BRDA:698,42,1,0
BRDA:716,43,0,0
BRDA:716,43,1,0
BRDA:718,44,0,0
BRDA:718,44,1,0
BRDA:720,45,0,0
BRDA:720,45,1,0
BRF:101
BRH:0
end_of_record
TN:
SF:src/components/modules/ModuleContent.tsx
FN:14,(anonymous_0)
FN:30,(anonymous_1)
FN:44,(anonymous_2)
FN:56,(anonymous_3)
FNF:4
FNH:0
FNDA:0,(anonymous_0)
FNDA:0,(anonymous_1)
FNDA:0,(anonymous_2)
FNDA:0,(anonymous_3)
DA:14,0
DA:15,0
DA:17,0
DA:31,0
DA:45,0
DA:57,0
DA:89,0
LF:7
LH:0
BRDA:22,0,0,0
BRDA:22,0,1,0
BRDA:26,1,0,0
BRDA:26,1,1,0
BRDA:40,2,0,0
BRDA:40,2,1,0
BRDA:54,3,0,0
BRDA:54,3,1,0
BRDA:54,3,2,0
BRDA:79,4,0,0
BRDA:79,4,1,0
BRF:11
BRH:0
end_of_record
TN:
SF:src/components/modules/ModuleExercise.tsx
FN:19,(anonymous_0)
FN:27,(anonymous_1)
FN:39,(anonymous_2)
FN:70,(anonymous_3)
FN:81,(anonymous_4)
FN:85,(anonymous_5)
FN:110,(anonymous_6)
FN:171,(anonymous_7)
FNF:8
FNH:0
FNDA:0,(anonymous_0)
FNDA:0,(anonymous_1)
FNDA:0,(anonymous_2)
FNDA:0,(anonymous_3)
FNDA:0,(anonymous_4)
FNDA:0,(anonymous_5)
FNDA:0,(anonymous_6)
FNDA:0,(anonymous_7)
DA:19,0
DA:26,0
DA:27,0
DA:29,0
DA:30,0
DA:31,0
DA:32,0
DA:33,0
DA:35,0
DA:36,0
DA:37,0
DA:39,0
DA:40,0
DA:43,0
DA:45,0
DA:46,0
DA:49,0
DA:50,0
DA:54,0
DA:56,0
DA:57,0
DA:60,0
DA:61,0
DA:65,0
DA:66,0
DA:70,0
DA:75,0
DA:77,0
DA:78,0
DA:81,0
DA:85,0
DA:86,0
DA:88,0
DA:110,0
DA:111,0
DA:113,0
DA:116,0
DA:119,0
DA:140,0
DA:141,0
DA:164,0
DA:167,0
DA:171,0
DA:172,0
DA:174,0
DA:176,0
DA:179,0
DA:182,0
DA:184,0
DA:188,0
DA:230,0
LF:51
LH:0
BRDA:22,0,0,0
BRDA:40,1,0,0
BRDA:40,1,1,0
BRDA:45,2,0,0
BRDA:45,2,1,0
BRDA:49,3,0,0
BRDA:49,3,1,0
BRDA:56,4,0,0
BRDA:56,4,1,0
BRDA:56,5,0,0
BRDA:56,5,1,0
BRDA:60,6,0,0
BRDA:60,6,1,0
BRDA:65,7,0,0
BRDA:65,7,1,0
BRDA:75,8,0,0
BRDA:75,8,1,0
BRDA:86,9,0,0
BRDA:86,9,1,0
BRDA:111,10,0,0
BRDA:111,10,1,0
BRDA:113,11,0,0
BRDA:113,11,1,0
BRDA:113,11,2,0
BRDA:113,11,3,0
BRDA:127,12,0,0
BRDA:127,12,1,0
BRDA:130,13,0,0
BRDA:130,13,1,0
BRDA:140,14,0,0
BRDA:140,14,1,0
BRDA:148,15,0,0
BRDA:148,15,1,0
BRDA:149,16,0,0
BRDA:149,16,1,0
BRDA:150,17,0,0
BRDA:150,17,1,0
BRDA:172,18,0,0
BRDA:172,18,1,0
BRDA:174,19,0,0
BRDA:174,19,1,0
BRDA:174,19,2,0
BRDA:174,19,3,0
BRDA:176,20,0,0
BRDA:176,20,1,0
BRDA:193,21,0,0
BRDA:193,21,1,0
BRDA:218,22,0,0
BRDA:218,22,1,0
BRDA:221,23,0,0
BRDA:221,23,1,0
BRF:51
BRH:0
end_of_record
TN:
SF:src/components/modules/ModuleQuiz.tsx
FN:17,(anonymous_0)
FN:25,(anonymous_1)
FN:40,(anonymous_2)
FN:47,(anonymous_3)
FN:64,(anonymous_4)
FN:71,(anonymous_5)
FN:78,(anonymous_6)
FN:92,(anonymous_7)
FN:100,(anonymous_8)
FN:104,(anonymous_9)
FN:108,(anonymous_10)
FN:109,(anonymous_11)
FN:114,(anonymous_12)
FN:122,(anonymous_13)
FN:146,(anonymous_14)
FN:159,(anonymous_15)
FN:169,(anonymous_16)
FN:185,(anonymous_17)
FN:200,(anonymous_18)
FN:206,(anonymous_19)
FN:220,(anonymous_20)
FNF:21
FNH:0
FNDA:0,(anonymous_0)
FNDA:0,(anonymous_1)
FNDA:0,(anonymous_2)
FNDA:0,(anonymous_3)
FNDA:0,(anonymous_4)
FNDA:0,(anonymous_5)
FNDA:0,(anonymous_6)
FNDA:0,(anonymous_7)
FNDA:0,(anonymous_8)
FNDA:0,(anonymous_9)
FNDA:0,(anonymous_10)
FNDA:0,(anonymous_11)
FNDA:0,(anonymous_12)
FNDA:0,(anonymous_13)
FNDA:0,(anonymous_14)
FNDA:0,(anonymous_15)
FNDA:0,(anonymous_16)
FNDA:0,(anonymous_17)
FNDA:0,(anonymous_18)
FNDA:0,(anonymous_19)
FNDA:0,(anonymous_20)
DA:17,0
DA:24,0
DA:25,0
DA:27,0
DA:28,0
DA:29,0
DA:30,0
DA:31,0
DA:32,0
DA:33,0
DA:34,0
DA:36,0
DA:37,0
DA:38,0
DA:40,0
DA:42,0
DA:43,0
DA:44,0
DA:47,0
DA:48,0
DA:50,0
DA:53,0
DA:54,0
DA:55,0
DA:57,0
DA:58,0
DA:63,0
DA:64,0
DA:65,0
DA:66,0
DA:70,0
DA:71,0
DA:74,0
DA:75,0
DA:78,0
DA:87,0
DA:88,0
DA:92,0
DA:93,0
DA:95,0
DA:96,0
DA:97,0
DA:100,0
DA:104,0
DA:105,0
DA:108,0
DA:109,0
DA:110,0
DA:112,0
DA:114,0
DA:117,0
DA:122,0
DA:123,0
DA:125,0
DA:146,0
DA:147,0
DA:149,0
DA:153,0
DA:154,0
DA:160,0
DA:169,0
DA:182,0
DA:183,0
DA:186,0
DA:190,0
DA:200,0
DA:206,0
DA:217,0
DA:220,0
DA:221,0
DA:223,0
DA:224,0
DA:226,0
DA:227,0
DA:228,0
DA:229,0
DA:231,0
DA:234,0
DA:245,0
DA:302,0
LF:80
LH:0
BRDA:20,0,0,0
BRDA:48,1,0,0
BRDA:48,1,1,0
BRDA:53,2,0,0
BRDA:53,2,1,0
BRDA:55,3,0,0
BRDA:55,3,1,0
BRDA:57,4,0,0
BRDA:57,4,1,0
BRDA:58,5,0,0
BRDA:58,5,1,0
BRDA:63,6,0,0
BRDA:63,6,1,0
BRDA:65,7,0,0
BRDA:65,7,1,0
BRDA:70,8,0,0
BRDA:70,8,1,0
BRDA:87,9,0,0
BRDA:87,9,1,0
BRDA:93,10,0,0
BRDA:93,10,1,0
BRDA:110,11,0,0
BRDA:110,11,1,0
BRDA:110,12,0,0
BRDA:110,12,1,0
BRDA:112,13,0,0
BRDA:112,13,1,0
BRDA:123,14,0,0
BRDA:123,14,1,0
BRDA:131,15,0,0
BRDA:131,15,1,0
BRDA:135,16,0,0
BRDA:135,16,1,0
BRDA:137,17,0,0
BRDA:137,17,1,0
BRDA:147,18,0,0
BRDA:147,18,1,0
BRDA:147,19,0,0
BRDA:147,19,1,0
BRDA:149,20,0,0
BRDA:149,20,1,0
BRDA:153,21,0,0
BRDA:153,21,1,0
BRDA:153,22,0,0
BRDA:153,22,1,0
BRDA:164,23,0,0
BRDA:164,23,1,0
BRDA:164,23,2,0
BRDA:165,24,0,0
BRDA:165,24,1,0
BRDA:169,25,0,0
BRDA:169,25,1,0
BRDA:182,26,0,0
BRDA:182,26,1,0
BRDA:186,27,0,0
BRDA:186,27,1,0
BRDA:195,28,0,0
BRDA:195,28,1,0
BRDA:195,28,2,0
BRDA:196,29,0,0
BRDA:196,29,1,0
BRDA:200,30,0,0
BRDA:200,30,1,0
BRDA:204,31,0,0
BRDA:204,31,1,0
BRDA:206,32,0,0
BRDA:206,32,1,0
BRDA:221,33,0,0
BRDA:221,33,1,0
BRDA:226,34,0,0
BRDA:226,34,1,0
BRDA:228,35,0,0
BRDA:228,35,1,0
BRDA:250,36,0,0
BRDA:250,36,1,0
BRDA:254,37,0,0
BRDA:254,37,1,0
BRDA:274,38,0,0
BRDA:274,38,1,0
BRDA:278,39,0,0
BRDA:278,39,1,0
BRDA:288,40,0,0
BRDA:288,40,1,0
BRDA:296,41,0,0
BRDA:296,41,1,0
BRF:85
BRH:0
end_of_record
TN:
SF:src/constants/theme.ts
FNF:0
FNH:0
DA:5,1
DA:18,1
DA:19,1
DA:21,1
LF:4
LH:4
BRF:0
BRH:0
end_of_record
TN:
SF:src/data/klareMethodData.ts
FNF:0
FNH:0
DA:23,1
LF:1
LH:1
BRF:0
BRH:0
end_of_record
TN:
SF:src/data/klareMethodModules.ts
FN:385,(anonymous_0)
FN:395,(anonymous_1)
FN:396,(anonymous_2)
FN:402,getModuleById
FN:403,(anonymous_4)
FNF:5
FNH:0
FNDA:0,(anonymous_0)
FNDA:0,(anonymous_1)
FNDA:0,(anonymous_2)
FNDA:0,getModuleById
FNDA:0,(anonymous_4)
DA:15,0
DA:385,0
DA:389,0
DA:390,0
DA:391,0
DA:394,0
DA:395,0
DA:396,0
DA:398,0
DA:403,0
LF:10
LH:0
BRDA:389,0,0,0
BRDA:389,0,1,0
BRDA:389,1,0,0
BRDA:389,1,1,0
BRDA:398,2,0,0
BRDA:398,2,1,0
BRF:6
BRH:0
end_of_record
TN:
SF:src/data/klareModuleContent.ts
FN:1006,(anonymous_0)
FN:1011,(anonymous_1)
FN:1016,(anonymous_2)
FNF:3
FNH:0
FNDA:0,(anonymous_0)
FNDA:0,(anonymous_1)
FNDA:0,(anonymous_2)
DA:13,0
DA:244,0
DA:658,0
DA:1004,0
DA:1007,0
DA:1012,0
DA:1017,0
LF:7
LH:0
BRDA:1007,0,0,0
BRDA:1007,0,1,0
BRDA:1012,1,0,0
BRDA:1012,1,1,0
BRDA:1017,2,0,0
BRDA:1017,2,1,0
BRF:6
BRH:0
end_of_record
TN:
SF:src/data/progression.ts
FN:118,getEarliestAvailabilityForModule
FN:132,getStagesByStep
FN:133,(anonymous_2)
FN:142,isModuleUnlockedInStage
FN:143,(anonymous_4)
FNF:5
FNH:0
FNDA:0,getEarliestAvailabilityForModule
FNDA:0,getStagesByStep
FNDA:0,(anonymous_2)
FNDA:0,isModuleUnlockedInStage
FNDA:0,(anonymous_4)
DA:23,0
DA:119,0
DA:120,0
DA:121,0
DA:124,0
DA:133,0
DA:143,0
DA:144,0
LF:8
LH:0
BRDA:120,0,0,0
BRDA:120,0,1,0
BRDA:144,1,0,0
BRDA:144,1,1,0
BRF:4
BRH:0
end_of_record
TN:
SF:src/lib/contentService.ts
FN:45,(anonymous_0)
FN:119,(anonymous_1)
FN:140,(anonymous_2)
FN:162,(anonymous_3)
FN:186,(anonymous_4)
FN:206,(anonymous_5)
FN:215,(anonymous_6)
FN:223,(anonymous_7)
FN:232,(anonymous_8)
FNF:9
FNH:4
FNDA:5,(anonymous_0)
FNDA:3,(anonymous_1)
FNDA:2,(anonymous_2)
FNDA:2,(anonymous_3)
FNDA:0,(anonymous_4)
FNDA:0,(anonymous_5)
FNDA:0,(anonymous_6)
FNDA:0,(anonymous_7)
FNDA:0,(anonymous_8)
DA:45,1
DA:46,5
DA:48,5
DA:54,5
DA:55,1
DA:56,1
DA:59,4
DA:60,1
DA:61,1
DA:65,3
DA:73,3
DA:74,1
DA:80,1
DA:81,0
DA:86,3
DA:87,1
DA:93,1
DA:94,0
DA:99,3
DA:100,1
DA:106,1
DA:107,0
DA:111,3
DA:113,0
DA:114,0
DA:119,1
DA:120,3
DA:122,3
DA:124,3
DA:130,3
DA:132,3
DA:134,0
DA:135,0
DA:140,1
DA:145,2
DA:146,2
DA:153,2
DA:154,2
DA:156,0
DA:157,0
DA:162,1
DA:168,2
DA:169,2
DA:177,2
DA:178,2
DA:180,0
DA:181,0
DA:186,1
DA:193,0
DA:195,0
DA:197,0
DA:198,0
DA:201,0
DA:202,0
DA:205,0
DA:206,0
DA:208,0
DA:214,0
DA:215,0
DA:216,0
DA:222,0
DA:223,0
DA:225,0
DA:231,0
DA:232,0
DA:233,0
DA:241,0
DA:243,0
DA:244,0
LF:69
LH:37
BRDA:54,0,0,1
BRDA:54,0,1,4
BRDA:59,1,0,1
BRDA:59,1,1,3
BRDA:73,2,0,1
BRDA:73,2,1,2
BRDA:80,3,0,0
BRDA:80,3,1,1
BRDA:80,4,0,1
BRDA:80,4,1,1
BRDA:86,5,0,1
BRDA:86,5,1,2
BRDA:93,6,0,0
BRDA:93,6,1,1
BRDA:93,7,0,1
BRDA:93,7,1,1
BRDA:99,8,0,1
BRDA:99,8,1,2
BRDA:106,9,0,0
BRDA:106,9,1,1
BRDA:106,10,0,1
BRDA:106,10,1,1
BRDA:130,11,0,0
BRDA:130,11,1,3
BRDA:132,12,0,3
BRDA:132,12,1,3
BRDA:153,13,0,0
BRDA:153,13,1,2
BRDA:177,14,0,0
BRDA:177,14,1,2
BRDA:197,15,0,0
BRDA:197,15,1,0
BRDA:205,16,0,0
BRDA:205,16,1,0
BRDA:205,17,0,0
BRDA:205,17,1,0
BRDA:214,18,0,0
BRDA:214,18,1,0
BRDA:222,19,0,0
BRDA:222,19,1,0
BRDA:222,20,0,0
BRDA:222,20,1,0
BRDA:231,21,0,0
BRDA:231,21,1,0
BRF:44
BRH:24
end_of_record
TN:
SF:src/lib/supabase.ts
FNF:0
FNH:0
DA:6,0
DA:7,0
DA:10,0
LF:3
LH:0
BRDA:6,0,0,0
BRDA:6,0,1,0
BRDA:6,1,0,0
BRDA:6,1,1,0
BRF:4
BRH:0
end_of_record
TN:
SF:src/navigation/MainNavigator.tsx
FN:31,(anonymous_0)
FN:34,(anonymous_1)
FN:35,(anonymous_2)
FN:58,(anonymous_3)
FN:67,(anonymous_4)
FN:76,(anonymous_5)
FN:83,(anonymous_6)
FN:84,(anonymous_7)
FN:85,(anonymous_8)
FN:86,(anonymous_9)
FN:88,(anonymous_10)
FN:128,(anonymous_11)
FN:132,(anonymous_12)
FNF:13
FNH:0
FNDA:0,(anonymous_0)
FNDA:0,(anonymous_1)
FNDA:0,(anonymous_2)
FNDA:0,(anonymous_3)
FNDA:0,(anonymous_4)
FNDA:0,(anonymous_5)
FNDA:0,(anonymous_6)
FNDA:0,(anonymous_7)
FNDA:0,(anonymous_8)
FNDA:0,(anonymous_9)
FNDA:0,(anonymous_10)
FNDA:0,(anonymous_11)
FNDA:0,(anonymous_12)
DA:28,0
DA:29,0
DA:31,0
DA:32,0
DA:34,0
DA:38,0
DA:39,0
DA:40,0
DA:41,0
DA:42,0
DA:43,0
DA:46,0
DA:58,0
DA:67,0
DA:76,0
DA:83,0
DA:84,0
DA:85,0
DA:86,0
DA:88,0
DA:89,0
DA:92,0
DA:93,0
DA:100,0
DA:129,0
DA:132,0
LF:26
LH:0
BRDA:38,0,0,0
BRDA:38,0,1,0
BRDA:39,1,0,0
BRDA:39,1,1,0
BRDA:40,2,0,0
BRDA:40,2,1,0
BRDA:41,3,0,0
BRDA:41,3,1,0
BRDA:42,4,0,0
BRDA:42,4,1,0
BRDA:43,5,0,0
BRDA:43,5,1,0
BRDA:92,6,0,0
BRDA:92,6,1,0
BRDA:102,7,0,0
BRDA:102,7,1,0
BRF:16
BRH:0
end_of_record
TN:
SF:src/screens/AuthScreen.tsx
FN:16,AuthScreen
FN:24,(anonymous_1)
FN:25,(anonymous_2)
FN:27,(anonymous_3)
FN:131,(anonymous_4)
FNF:5
FNH:0
FNDA:0,AuthScreen
FNDA:0,(anonymous_1)
FNDA:0,(anonymous_2)
FNDA:0,(anonymous_3)
FNDA:0,(anonymous_4)
DA:17,0
DA:18,0
DA:19,0
DA:20,0
DA:21,0
DA:22,0
DA:24,0
DA:25,0
DA:27,0
DA:28,0
DA:29,0
DA:31,0
DA:32,0
DA:33,0
DA:34,0
DA:39,0
DA:40,0
DA:41,0
DA:42,0
DA:45,0
DA:46,0
DA:47,0
DA:53,0
DA:56,0
DA:131,0
DA:144,0
LF:26
LH:0
BRDA:31,0,0,0
BRDA:31,0,1,0
BRDA:33,1,0,0
BRDA:33,1,1,0
BRDA:39,2,0,0
BRDA:39,2,1,0
BRDA:46,3,0,0
BRDA:46,3,1,0
BRDA:59,4,0,0
BRDA:59,4,1,0
BRDA:78,5,0,0
BRDA:78,5,1,0
BRDA:83,6,0,0
BRDA:83,6,1,0
BRDA:113,7,0,0
BRDA:113,7,1,0
BRDA:124,8,0,0
BRDA:124,8,1,0
BRDA:124,8,2,0
BRDA:126,9,0,0
BRDA:126,9,1,0
BRDA:134,10,0,0
BRDA:134,10,1,0
BRF:23
BRH:0
end_of_record
TN:
SF:src/screens/HomeScreen.tsx
FN:30,HomeScreen
FN:32,(anonymous_1)
FN:33,(anonymous_2)
FN:34,(anonymous_3)
FN:35,(anonymous_4)
FN:36,(anonymous_5)
FN:37,(anonymous_6)
FN:38,(anonymous_7)
FN:74,(anonymous_8)
FN:75,(anonymous_9)
FN:79,(anonymous_10)
FN:83,(anonymous_11)
FN:99,(anonymous_12)
FN:109,(anonymous_13)
FN:122,(anonymous_14)
FN:126,(anonymous_15)
FN:133,(anonymous_16)
FN:137,(anonymous_17)
FN:142,(anonymous_18)
FN:167,(anonymous_19)
FN:189,(anonymous_20)
FN:317,(anonymous_21)
FN:330,(anonymous_22)
FN:335,(anonymous_23)
FN:377,(anonymous_24)
FN:382,(anonymous_25)
FN:389,(anonymous_26)
FN:396,(anonymous_27)
FN:406,(anonymous_28)
FN:407,(anonymous_29)
FN:468,(anonymous_30)
FNF:31
FNH:0
FNDA:0,HomeScreen
FNDA:0,(anonymous_1)
FNDA:0,(anonymous_2)
FNDA:0,(anonymous_3)
FNDA:0,(anonymous_4)
FNDA:0,(anonymous_5)
FNDA:0,(anonymous_6)
FNDA:0,(anonymous_7)
FNDA:0,(anonymous_8)
FNDA:0,(anonymous_9)
FNDA:0,(anonymous_10)
FNDA:0,(anonymous_11)
FNDA:0,(anonymous_12)
FNDA:0,(anonymous_13)
FNDA:0,(anonymous_14)
FNDA:0,(anonymous_15)
FNDA:0,(anonymous_16)
FNDA:0,(anonymous_17)
FNDA:0,(anonymous_18)
FNDA:0,(anonymous_19)
FNDA:0,(anonymous_20)
FNDA:0,(anonymous_21)
FNDA:0,(anonymous_22)
FNDA:0,(anonymous_23)
FNDA:0,(anonymous_24)
FNDA:0,(anonymous_25)
FNDA:0,(anonymous_26)
FNDA:0,(anonymous_27)
FNDA:0,(anonymous_28)
FNDA:0,(anonymous_29)
FNDA:0,(anonymous_30)
DA:31,0
DA:32,0
DA:33,0
DA:34,0
DA:35,0
DA:36,0
DA:37,0
DA:38,0
DA:40,0
DA:41,0
DA:44,0
DA:45,0
DA:48,0
DA:49,0
DA:50,0
DA:51,0
DA:54,0
DA:65,0
DA:74,0
DA:75,0
DA:76,0
DA:79,0
DA:83,0
DA:84,0
DA:99,0
DA:100,0
DA:101,0
DA:104,0
DA:105,0
DA:109,0
DA:110,0
DA:112,0
DA:113,0
DA:114,0
DA:115,0
DA:117,0
DA:122,0
DA:123,0
DA:125,0
DA:126,0
DA:129,0
DA:133,0
DA:134,0
DA:136,0
DA:137,0
DA:142,0
DA:143,0
DA:146,0
DA:155,0
DA:156,0
DA:166,0
DA:167,0
DA:168,0
DA:169,0
DA:176,0
DA:180,0
DA:183,0
DA:186,0
DA:189,0
DA:190,0
DA:191,0
DA:194,0
DA:317,0
DA:331,0
DA:336,0
DA:378,0
DA:383,0
DA:389,0
DA:396,0
DA:407,0
DA:408,0
DA:469,0
DA:470,0
DA:474,0
DA:476,0
DA:477,0
DA:511,0
LF:77
LH:0
BRDA:112,0,0,0
BRDA:112,0,1,0
BRDA:114,1,0,0
BRDA:114,1,1,0
BRDA:123,2,0,0
BRDA:123,2,1,0
BRDA:123,3,0,0
BRDA:123,3,1,0
BRDA:134,4,0,0
BRDA:134,4,1,0
BRDA:134,5,0,0
BRDA:134,5,1,0
BRDA:155,6,0,0
BRDA:155,6,1,0
BRDA:155,7,0,0
BRDA:155,7,1,0
BRDA:168,8,0,0
BRDA:168,8,1,0
BRDA:186,9,0,0
BRDA:186,9,1,0
BRDA:201,10,0,0
BRDA:201,10,1,0
BRDA:206,11,0,0
BRDA:206,11,1,0
BRDA:227,12,0,0
BRDA:227,12,1,0
BRDA:230,13,0,0
BRDA:230,13,1,0
BRDA:235,14,0,0
BRDA:235,14,1,0
BRDA:239,15,0,0
BRDA:239,15,1,0
BRDA:262,16,0,0
BRDA:262,16,1,0
BRDA:267,17,0,0
BRDA:267,17,1,0
BRDA:413,18,0,0
BRDA:413,18,1,0
BRDA:420,19,0,0
BRDA:420,19,1,0
BRDA:427,20,0,0
BRDA:427,20,1,0
BRDA:435,21,0,0
BRDA:435,21,1,0
BRDA:437,22,0,0
BRDA:437,22,1,0
BRDA:443,23,0,0
BRDA:443,23,1,0
BRDA:466,24,0,0
BRDA:466,24,1,0
BRDA:469,25,0,0
BRDA:469,25,1,0
BRDA:474,26,0,0
BRDA:474,26,1,0
BRDA:476,27,0,0
BRDA:476,27,1,0
BRF:56
BRH:0
end_of_record
TN:
SF:src/screens/KlareMethodScreen.tsx
FN:107,KlareMethodScreen
FN:121,(anonymous_1)
FN:125,(anonymous_2)
FN:137,(anonymous_3)
FN:143,(anonymous_4)
FN:171,(anonymous_5)
FN:181,(anonymous_6)
FN:187,(anonymous_7)
FN:194,(anonymous_8)
FN:204,(anonymous_9)
FN:205,(anonymous_10)
FN:212,(anonymous_11)
FN:216,(anonymous_12)
FN:217,(anonymous_13)
FN:221,(anonymous_14)
FN:229,(anonymous_15)
FN:282,(anonymous_16)
FN:286,(anonymous_17)
FN:353,(anonymous_18)
FN:358,(anonymous_19)
FN:363,(anonymous_20)
FN:393,(anonymous_21)
FN:397,(anonymous_22)
FN:419,(anonymous_23)
FN:423,(anonymous_24)
FN:430,(anonymous_25)
FN:499,(anonymous_26)
FN:517,(anonymous_27)
FN:531,(anonymous_28)
FN:569,(anonymous_29)
FNF:30
FNH:7
FNDA:5,KlareMethodScreen
FNDA:0,(anonymous_1)
FNDA:4,(anonymous_2)
FNDA:0,(anonymous_3)
FNDA:0,(anonymous_4)
FNDA:4,(anonymous_5)
FNDA:8,(anonymous_6)
FNDA:8,(anonymous_7)
FNDA:0,(anonymous_8)
FNDA:0,(anonymous_9)
FNDA:0,(anonymous_10)
FNDA:0,(anonymous_11)
FNDA:0,(anonymous_12)
FNDA:0,(anonymous_13)
FNDA:0,(anonymous_14)
FNDA:4,(anonymous_15)
FNDA:0,(anonymous_16)
FNDA:0,(anonymous_17)
FNDA:0,(anonymous_18)
FNDA:0,(anonymous_19)
FNDA:0,(anonymous_20)
FNDA:0,(anonymous_21)
FNDA:0,(anonymous_22)
FNDA:0,(anonymous_23)
FNDA:0,(anonymous_24)
FNDA:0,(anonymous_25)
FNDA:0,(anonymous_26)
FNDA:20,(anonymous_27)
FNDA:0,(anonymous_28)
FNDA:0,(anonymous_29)
DA:50,1
DA:79,1
DA:108,5
DA:109,5
DA:110,5
DA:113,4
DA:116,4
DA:117,4
DA:120,4
DA:121,4
DA:124,4
DA:125,4
DA:128,4
DA:129,4
DA:132,4
DA:133,4
DA:134,4
DA:137,4
DA:138,0
DA:139,0
DA:143,4
DA:145,0
DA:148,0
DA:151,0
DA:152,0
DA:155,0
DA:161,0
DA:162,0
DA:165,0
DA:166,0
DA:171,4
DA:172,4
DA:181,4
DA:182,8
DA:187,4
DA:188,8
DA:194,4
DA:195,0
DA:197,0
DA:204,0
DA:205,0
DA:206,0
DA:207,0
DA:208,0
DA:212,0
DA:216,4
DA:217,0
DA:221,4
DA:222,0
DA:229,4
DA:230,4
DA:282,4
DA:283,0
DA:287,0
DA:353,4
DA:354,0
DA:359,0
DA:364,0
DA:393,4
DA:394,0
DA:398,0
DA:419,4
DA:420,0
DA:424,0
DA:426,0
DA:430,0
DA:492,4
DA:499,0
DA:518,20
DA:519,20
DA:532,0
DA:569,0
DA:601,1
LF:73
LH:38
BRDA:114,0,0,4
BRDA:114,0,1,0
BRDA:165,1,0,0
BRDA:165,1,1,0
BRDA:165,2,0,0
BRDA:165,2,1,0
BRDA:195,3,0,0
BRDA:195,3,1,0
BRDA:236,4,0,4
BRDA:236,4,1,4
BRDA:238,5,0,4
BRDA:238,5,1,0
BRDA:240,6,0,4
BRDA:240,6,1,0
BRDA:242,7,0,4
BRDA:242,7,1,0
BRDA:244,8,0,4
BRDA:244,8,1,0
BRDA:251,9,0,4
BRDA:251,9,1,4
BRDA:254,10,0,4
BRDA:254,10,1,0
BRDA:257,11,0,4
BRDA:257,11,1,0
BRDA:260,12,0,4
BRDA:260,12,1,0
BRDA:263,13,0,4
BRDA:263,13,1,0
BRDA:429,14,0,0
BRDA:429,14,1,0
BRDA:430,15,0,0
BRDA:430,15,1,0
BRDA:435,16,0,0
BRDA:435,16,1,0
BRDA:435,17,0,0
BRDA:435,17,1,0
BRDA:435,18,0,0
BRDA:435,18,1,0
BRDA:436,19,0,0
BRDA:436,19,1,0
BRDA:439,20,0,0
BRDA:439,20,1,0
BRDA:446,21,0,0
BRDA:446,21,1,0
BRDA:456,22,0,0
BRDA:456,22,1,0
BRDA:508,23,0,0
BRDA:508,23,1,4
BRDA:525,24,0,4
BRDA:525,24,1,16
BRDA:528,25,0,4
BRDA:528,25,1,16
BRDA:539,26,0,20
BRDA:539,26,1,4
BRDA:555,27,0,4
BRDA:555,27,1,16
BRDA:590,28,0,4
BRDA:590,28,1,4
BRDA:591,29,0,4
BRDA:591,29,1,0
BRDA:592,30,0,4
BRDA:592,30,1,0
BRDA:593,31,0,4
BRDA:593,31,1,0
BRDA:594,32,0,4
BRDA:594,32,1,0
BRDA:675,33,0,1
BRDA:675,33,1,0
BRF:68
BRH:29
end_of_record
TN:
SF:src/screens/LearnScreen.tsx
FN:8,LearnScreen
FNF:1
FNH:0
FNDA:0,LearnScreen
DA:9,0
DA:11,0
DA:36,0
LF:3
LH:0
BRF:0
BRH:0
end_of_record
TN:
SF:src/screens/LifeWheelScreen.tsx
FN:34,LifeWheelScreen
FN:36,(anonymous_1)
FN:38,(anonymous_2)
FN:40,(anonymous_3)
FN:51,(anonymous_4)
FN:55,(anonymous_5)
FN:65,(anonymous_6)
FN:73,(anonymous_7)
FN:99,(anonymous_8)
FN:100,(anonymous_9)
FN:102,(anonymous_10)
FN:105,(anonymous_11)
FN:112,(anonymous_12)
FN:113,(anonymous_13)
FN:127,(anonymous_14)
FN:136,(anonymous_15)
FN:149,(anonymous_16)
FN:161,(anonymous_17)
FN:182,(anonymous_18)
FN:203,(anonymous_19)
FN:240,(anonymous_20)
FN:306,(anonymous_21)
FN:310,(anonymous_22)
FN:328,(anonymous_23)
FN:361,(anonymous_24)
FN:398,(anonymous_25)
FNF:26
FNH:0
FNDA:0,LifeWheelScreen
FNDA:0,(anonymous_1)
FNDA:0,(anonymous_2)
FNDA:0,(anonymous_3)
FNDA:0,(anonymous_4)
FNDA:0,(anonymous_5)
FNDA:0,(anonymous_6)
FNDA:0,(anonymous_7)
FNDA:0,(anonymous_8)
FNDA:0,(anonymous_9)
FNDA:0,(anonymous_10)
FNDA:0,(anonymous_11)
FNDA:0,(anonymous_12)
FNDA:0,(anonymous_13)
FNDA:0,(anonymous_14)
FNDA:0,(anonymous_15)
FNDA:0,(anonymous_16)
FNDA:0,(anonymous_17)
FNDA:0,(anonymous_18)
FNDA:0,(anonymous_19)
FNDA:0,(anonymous_20)
FNDA:0,(anonymous_21)
FNDA:0,(anonymous_22)
FNDA:0,(anonymous_23)
FNDA:0,(anonymous_24)
FNDA:0,(anonymous_25)
DA:35,0
DA:36,0
DA:37,0
DA:38,0
DA:40,0
DA:41,0
DA:42,0
DA:44,0
DA:45,0
DA:46,0
DA:47,0
DA:50,0
DA:51,0
DA:55,0
DA:56,0
DA:58,0
DA:59,0
DA:64,0
DA:66,0
DA:67,0
DA:73,0
DA:74,0
DA:75,0
DA:76,0
DA:77,0
DA:79,0
DA:85,0
DA:91,0
DA:99,0
DA:100,0
DA:101,0
DA:102,0
DA:104,0
DA:105,0
DA:108,0
DA:112,0
DA:113,0
DA:114,0
DA:117,0
DA:120,0
DA:128,0
DA:129,0
DA:137,0
DA:138,0
DA:145,0
DA:149,0
DA:150,0
DA:152,0
DA:162,0
DA:183,0
DA:204,0
DA:241,0
DA:256,0
DA:307,0
DA:310,0
DA:329,0
DA:362,0
DA:398,0
DA:438,0
LF:59
LH:0
BRDA:58,0,0,0
BRDA:58,0,1,0
BRDA:58,1,0,0
BRDA:58,1,1,0
BRDA:75,2,0,0
BRDA:75,2,1,0
BRDA:77,3,0,0
BRDA:77,3,1,0
BRDA:114,4,0,0
BRDA:114,4,1,0
BRDA:156,5,0,0
BRDA:156,5,1,0
BRDA:179,6,0,0
BRDA:179,6,1,0
BRDA:179,6,2,0
BRDA:200,7,0,0
BRDA:200,7,1,0
BRDA:220,8,0,0
BRDA:220,8,1,0
BRDA:220,8,2,0
BRDA:220,8,3,0
BRDA:262,9,0,0
BRDA:262,9,1,0
BRDA:302,10,0,0
BRDA:302,10,1,0
BRDA:347,11,0,0
BRDA:347,11,1,0
BRDA:384,12,0,0
BRDA:384,12,1,0
BRDA:401,13,0,0
BRDA:401,13,1,0
BRDA:406,14,0,0
BRDA:406,14,1,0
BRDA:413,15,0,0
BRDA:413,15,1,0
BRDA:418,16,0,0
BRDA:418,16,1,0
BRDA:418,16,2,0
BRF:38
BRH:0
end_of_record
TN:
SF:src/screens/ModuleScreen.tsx
FN:14,(anonymous_0)
FN:24,(anonymous_1)
FN:25,(anonymous_2)
FN:28,(anonymous_3)
FN:32,(anonymous_4)
FN:57,(anonymous_5)
FN:64,(anonymous_6)
FN:74,(anonymous_7)
FN:143,(anonymous_8)
FN:162,(anonymous_9)
FN:187,(anonymous_10)
FNF:11
FNH:1
FNDA:9,(anonymous_0)
FNDA:0,(anonymous_1)
FNDA:0,(anonymous_2)
FNDA:0,(anonymous_3)
FNDA:0,(anonymous_4)
FNDA:0,(anonymous_5)
FNDA:0,(anonymous_6)
FNDA:0,(anonymous_7)
FNDA:0,(anonymous_8)
FNDA:0,(anonymous_9)
FNDA:0,(anonymous_10)
DA:14,1
DA:15,9
DA:16,9
DA:17,9
DA:18,9
DA:20,8
DA:21,8
DA:22,8
DA:24,8
DA:25,8
DA:28,8
DA:29,0
DA:32,8
DA:33,0
DA:34,0
DA:36,0
DA:38,0
DA:41,0
DA:43,0
DA:44,0
DA:47,0
DA:49,0
DA:50,0
DA:52,0
DA:57,8
DA:58,0
DA:60,0
DA:61,0
DA:64,0
DA:66,0
DA:69,0
DA:74,8
DA:75,0
DA:77,0
DA:81,0
DA:90,0
DA:101,0
DA:113,0
DA:127,0
DA:136,8
DA:137,8
DA:143,0
DA:155,0
DA:156,0
DA:162,0
DA:181,0
DA:187,0
DA:209,1
LF:48
LH:17
BRDA:17,0,0,9
BRDA:17,0,1,0
BRDA:38,1,0,0
BRDA:38,1,1,0
BRDA:43,2,0,0
BRDA:43,2,1,0
BRDA:50,3,0,0
BRDA:50,3,1,0
BRDA:58,4,0,0
BRDA:58,4,1,0
BRDA:58,5,0,0
BRDA:58,5,1,0
BRDA:75,6,0,0
BRDA:75,6,1,0
BRDA:77,7,0,0
BRDA:77,7,1,0
BRDA:77,7,2,0
BRDA:77,7,3,0
BRDA:77,7,4,0
BRDA:77,7,5,0
BRDA:77,7,6,0
BRDA:136,8,0,8
BRDA:136,8,1,0
BRDA:155,9,0,0
BRDA:155,9,1,0
BRDA:190,10,0,0
BRDA:190,10,1,0
BRDA:194,11,0,0
BRDA:194,11,1,0
BRDA:194,11,2,0
BRF:30
BRH:2
end_of_record
TN:
SF:src/screens/ProfileScreen.tsx
FN:17,ProfileScreen
FN:18,(anonymous_1)
FN:19,(anonymous_2)
FN:23,(anonymous_3)
FN:57,(anonymous_4)
FN:58,(anonymous_5)
FN:71,(anonymous_6)
FN:72,(anonymous_7)
FN:86,(anonymous_8)
FN:87,(anonymous_9)
FN:134,(anonymous_10)
FN:149,(anonymous_11)
FN:150,(anonymous_12)
FN:157,(anonymous_13)
FN:158,(anonymous_14)
FN:165,(anonymous_15)
FN:166,(anonymous_16)
FNF:17
FNH:0
FNDA:0,ProfileScreen
FNDA:0,(anonymous_1)
FNDA:0,(anonymous_2)
FNDA:0,(anonymous_3)
FNDA:0,(anonymous_4)
FNDA:0,(anonymous_5)
FNDA:0,(anonymous_6)
FNDA:0,(anonymous_7)
FNDA:0,(anonymous_8)
FNDA:0,(anonymous_9)
FNDA:0,(anonymous_10)
FNDA:0,(anonymous_11)
FNDA:0,(anonymous_12)
FNDA:0,(anonymous_13)
FNDA:0,(anonymous_14)
FNDA:0,(anonymous_15)
FNDA:0,(anonymous_16)
DA:18,0
DA:19,0
DA:20,0
DA:21,0
DA:23,0
DA:24,0
DA:37,0
DA:57,0
DA:59,0
DA:71,0
DA:73,0
DA:86,0
DA:88,0
DA:149,0
DA:157,0
DA:165,0
DA:186,0
LF:17
LH:0
BRDA:43,0,0,0
BRDA:43,0,1,0
BRDA:46,1,0,0
BRDA:46,1,1,0
BRDA:104,2,0,0
BRDA:104,2,1,0
BRDA:113,3,0,0
BRDA:113,3,1,0
BRDA:122,4,0,0
BRDA:122,4,1,0
BRF:10
BRH:0
end_of_record
TN:
SF:src/store/useUserStore.ts
FN:149,getLocalizedName
FN:165,calculateTotalProgress
FN:181,(anonymous_2)
FN:189,(anonymous_3)
FN:191,(anonymous_4)
FN:193,(anonymous_5)
FN:197,(anonymous_6)
FN:218,(anonymous_7)
FN:221,(anonymous_8)
FN:222,(anonymous_9)
FN:275,(anonymous_10)
FN:287,(anonymous_11)
FN:339,(anonymous_12)
FN:354,(anonymous_13)
FN:360,(anonymous_14)
FN:371,(anonymous_15)
FN:384,(anonymous_16)
FN:397,(anonymous_17)
FN:402,(anonymous_18)
FN:411,(anonymous_19)
FN:416,(anonymous_20)
FN:428,(anonymous_21)
FN:442,(anonymous_22)
FN:453,(anonymous_23)
FN:462,(anonymous_24)
FN:482,(anonymous_25)
FN:496,(anonymous_26)
FN:524,(anonymous_27)
FN:549,(anonymous_28)
FN:550,(anonymous_29)
FN:593,(anonymous_30)
FN:651,(anonymous_31)
FN:672,(anonymous_32)
FN:703,(anonymous_33)
FN:732,(anonymous_34)
FN:735,(anonymous_35)
FN:736,(anonymous_36)
FN:764,(anonymous_37)
FN:806,(anonymous_38)
FN:842,(anonymous_39)
FN:861,(anonymous_40)
FN:937,(anonymous_41)
FN:942,(anonymous_42)
FN:946,(anonymous_43)
FNF:44
FNH:0
FNDA:0,getLocalizedName
FNDA:0,calculateTotalProgress
FNDA:0,(anonymous_2)
FNDA:0,(anonymous_3)
FNDA:0,(anonymous_4)
FNDA:0,(anonymous_5)
FNDA:0,(anonymous_6)
FNDA:0,(anonymous_7)
FNDA:0,(anonymous_8)
FNDA:0,(anonymous_9)
FNDA:0,(anonymous_10)
FNDA:0,(anonymous_11)
FNDA:0,(anonymous_12)
FNDA:0,(anonymous_13)
FNDA:0,(anonymous_14)
FNDA:0,(anonymous_15)
FNDA:0,(anonymous_16)
FNDA:0,(anonymous_17)
FNDA:0,(anonymous_18)
FNDA:0,(anonymous_19)
FNDA:0,(anonymous_20)
FNDA:0,(anonymous_21)
FNDA:0,(anonymous_22)
FNDA:0,(anonymous_23)
FNDA:0,(anonymous_24)
FNDA:0,(anonymous_25)
FNDA:0,(anonymous_26)
FNDA:0,(anonymous_27)
FNDA:0,(anonymous_28)
FNDA:0,(anonymous_29)
FNDA:0,(anonymous_30)
FNDA:0,(anonymous_31)
FNDA:0,(anonymous_32)
FNDA:0,(anonymous_33)
FNDA:0,(anonymous_34)
FNDA:0,(anonymous_35)
FNDA:0,(anonymous_36)
FNDA:0,(anonymous_37)
FNDA:0,(anonymous_38)
FNDA:0,(anonymous_39)
FNDA:0,(anonymous_40)
FNDA:0,(anonymous_41)
FNDA:0,(anonymous_42)
FNDA:0,(anonymous_43)
DA:78,0
DA:100,0
DA:150,0
DA:161,0
DA:166,0
DA:169,0
DA:170,0
DA:171,0
DA:172,0
DA:173,0
DA:176,0
DA:181,0
DA:189,0
DA:191,0
DA:194,0
DA:195,0
DA:197,0
DA:202,0
DA:203,0
DA:206,0
DA:207,0
DA:208,0
DA:210,0
DA:214,0
DA:219,0
DA:221,0
DA:223,0
DA:228,0
DA:229,0
DA:235,0
DA:236,0
DA:238,0
DA:244,0
DA:246,0
DA:256,0
DA:266,0
DA:270,0
DA:276,0
DA:279,0
DA:280,0
DA:284,0
DA:287,0
DA:300,0
DA:301,0
DA:307,0
DA:308,0
DA:312,0
DA:313,0
DA:314,0
DA:321,0
DA:322,0
DA:324,0
DA:331,0
DA:340,0
DA:343,0
DA:346,0
DA:347,0
DA:351,0
DA:352,0
DA:354,0
DA:355,0
DA:357,0
DA:360,0
DA:367,0
DA:372,0
DA:373,0
DA:375,0
DA:376,0
DA:377,0
DA:378,0
DA:380,0
DA:385,0
DA:386,0
DA:389,0
DA:392,0
DA:394,0
DA:396,0
DA:397,0
DA:401,0
DA:402,0
DA:407,0
DA:412,0
DA:417,0
DA:418,0
DA:421,0
DA:423,0
DA:425,0
DA:427,0
DA:428,0
DA:431,0
DA:433,0
DA:438,0
DA:443,0
DA:444,0
DA:445,0
DA:447,0
DA:449,0
DA:453,0
DA:454,0
DA:455,0
DA:458,0
DA:463,0
DA:464,0
DA:467,0
DA:468,0
DA:470,0
DA:471,0
DA:472,0
DA:474,0
DA:478,0
DA:483,0
DA:484,0
DA:486,0
DA:487,0
DA:489,0
DA:490,0
DA:492,0
DA:497,0
DA:498,0
DA:501,0
DA:506,0
DA:509,0
DA:512,0
DA:513,0
DA:514,0
DA:519,0
DA:525,0
DA:527,0
DA:529,0
DA:530,0
DA:531,0
DA:534,0
DA:535,0
DA:538,0
DA:539,0
DA:542,0
DA:543,0
DA:547,0
DA:549,0
DA:550,0
DA:553,0
DA:556,0
DA:561,0
DA:562,0
DA:565,0
DA:567,0
DA:572,0
DA:575,0
DA:580,0
DA:583,0
DA:588,0
DA:591,0
DA:592,0
DA:593,0
DA:595,0
DA:610,0
DA:614,0
DA:620,0
DA:621,0
DA:633,0
DA:639,0
DA:651,0
DA:660,0
DA:663,0
DA:664,0
DA:671,0
DA:672,0
DA:679,0
DA:682,0
DA:688,0
DA:693,0
DA:694,0
DA:697,0
DA:699,0
DA:704,0
DA:705,0
DA:707,0
DA:708,0
DA:711,0
DA:715,0
DA:721,0
DA:722,0
DA:725,0
DA:727,0
DA:728,0
DA:733,0
DA:735,0
DA:736,0
DA:739,0
DA:744,0
DA:749,0
DA:751,0
DA:753,0
DA:754,0
DA:757,0
DA:759,0
DA:760,0
DA:765,0
DA:766,0
DA:771,0
DA:773,0
DA:775,0
DA:776,0
DA:778,0
DA:790,0
DA:806,0
DA:815,0
DA:818,0
DA:819,0
DA:823,0
DA:825,0
DA:827,0
DA:831,0
DA:835,0
DA:837,0
DA:838,0
DA:843,0
DA:844,0
DA:847,0
DA:850,0
DA:857,0
DA:862,0
DA:863,0
DA:865,0
DA:867,0
DA:872,0
DA:874,0
DA:886,0
DA:899,0
DA:900,0
DA:906,0
DA:908,0
DA:918,0
DA:931,0
DA:936,0
DA:937,0
DA:941,0
DA:942,0
DA:945,0
DA:946,0
DA:952,0
DA:955,0
LF:242
LH:0
BRDA:161,0,0,0
BRDA:161,0,1,0
BRDA:195,1,0,0
BRDA:195,1,1,0
BRDA:206,2,0,0
BRDA:206,2,1,0
BRDA:223,3,0,0
BRDA:223,3,1,0
BRDA:235,4,0,0
BRDA:235,4,1,0
BRDA:235,5,0,0
BRDA:235,5,1,0
BRDA:244,6,0,0
BRDA:244,6,1,0
BRDA:244,7,0,0
BRDA:244,7,1,0
BRDA:279,8,0,0
BRDA:279,8,1,0
BRDA:291,9,0,0
BRDA:291,9,1,0
BRDA:307,10,0,0
BRDA:307,10,1,0
BRDA:312,11,0,0
BRDA:312,11,1,0
BRDA:312,12,0,0
BRDA:312,12,1,0
BRDA:346,13,0,0
BRDA:346,13,1,0
BRDA:351,14,0,0
BRDA:351,14,1,0
BRDA:352,15,0,0
BRDA:352,15,1,0
BRDA:373,16,0,0
BRDA:373,16,1,0
BRDA:373,17,0,0
BRDA:373,17,1,0
BRDA:394,18,0,0
BRDA:394,18,1,0
BRDA:401,19,0,0
BRDA:401,19,1,0
BRDA:425,20,0,0
BRDA:425,20,1,0
BRDA:431,21,0,0
BRDA:431,21,1,0
BRDA:447,22,0,0
BRDA:447,22,1,0
BRDA:449,23,0,0
BRDA:449,23,1,0
BRDA:454,24,0,0
BRDA:454,24,1,0
BRDA:454,25,0,0
BRDA:454,25,1,0
BRDA:464,26,0,0
BRDA:464,26,1,0
BRDA:464,27,0,0
BRDA:464,27,1,0
BRDA:468,28,0,0
BRDA:468,28,1,0
BRDA:484,29,0,0
BRDA:484,29,1,0
BRDA:487,30,0,0
BRDA:487,30,1,0
BRDA:498,31,0,0
BRDA:498,31,1,0
BRDA:512,32,0,0
BRDA:512,32,1,0
BRDA:534,33,0,0
BRDA:534,33,1,0
BRDA:538,34,0,0
BRDA:538,34,1,0
BRDA:542,35,0,0
BRDA:542,35,1,0
BRDA:561,36,0,0
BRDA:561,36,1,0
BRDA:572,37,0,0
BRDA:572,37,1,0
BRDA:580,38,0,0
BRDA:580,38,1,0
BRDA:588,39,0,0
BRDA:588,39,1,0
BRDA:591,40,0,0
BRDA:591,40,1,0
BRDA:591,41,0,0
BRDA:591,41,1,0
BRDA:593,42,0,0
BRDA:593,42,1,0
BRDA:600,43,0,0
BRDA:600,43,1,0
BRDA:601,44,0,0
BRDA:601,44,1,0
BRDA:602,45,0,0
BRDA:602,45,1,0
BRDA:604,46,0,0
BRDA:604,46,1,0
BRDA:624,47,0,0
BRDA:624,47,1,0
BRDA:625,48,0,0
BRDA:625,48,1,0
BRDA:671,49,0,0
BRDA:671,49,1,0
BRDA:671,50,0,0
BRDA:671,50,1,0
BRDA:707,51,0,0
BRDA:707,51,1,0
BRDA:721,52,0,0
BRDA:721,52,1,0
BRDA:721,53,0,0
BRDA:721,53,1,0
BRDA:749,54,0,0
BRDA:749,54,1,0
BRDA:751,55,0,0
BRDA:751,55,1,0
BRDA:771,56,0,0
BRDA:771,56,1,0
BRDA:773,57,0,0
BRDA:773,57,1,0
BRDA:863,58,0,0
BRDA:863,58,1,0
BRDA:863,59,0,0
BRDA:863,59,1,0
BRDA:872,60,0,0
BRDA:872,60,1,0
BRDA:872,61,0,0
BRDA:872,61,1,0
BRDA:906,62,0,0
BRDA:906,62,1,0
BRDA:906,63,0,0
BRDA:906,63,1,0
BRDA:936,64,0,0
BRDA:936,64,1,0
BRDA:945,65,0,0
BRDA:945,65,1,0
BRF:132
BRH:0
end_of_record
TN:
SF:src/types/navigation.ts
FNF:0
FNH:0
LF:0
LH:0
BRF:0
BRH:0
end_of_record
TN:
SF:src/types/supabase.ts
FNF:0
FNH:0
DA:485,0
LF:1
LH:0
BRF:0
BRH:0
end_of_record
